[0.000000] (-) TimerEvent: {}
[0.000849] (swarm_description) JobQueued: {'identifier': 'swarm_description', 'dependencies': OrderedDict()}
[0.000941] (swarm_nav) JobQueued: {'identifier': 'swarm_nav', 'dependencies': OrderedDict()}
[0.001040] (swarm_description) JobStarted: {'identifier': 'swarm_description'}
[0.006137] (swarm_nav) JobStarted: {'identifier': 'swarm_nav'}
[0.012004] (swarm_description) JobProgress: {'identifier': 'swarm_description', 'progress': 'cmake'}
[0.012611] (swarm_description) Command: {'cmd': ['/usr/bin/cmake', '/home/silver/Desktop/silver_quick/cs671_2026_hack/swarm_ws/src/swarm_description', '-DCMAKE_INSTALL_PREFIX=/home/silver/Desktop/silver_quick/cs671_2026_hack/swarm_ws/install/swarm_description'], 'cwd': '/home/silver/Desktop/silver_quick/cs671_2026_hack/swarm_ws/build/swarm_description', 'env': OrderedDict([('GJS_DEBUG_TOPICS', 'JS ERROR;JS LOG'), ('LESSOPEN', '| /usr/bin/lesspipe %s'), ('VSCODE_CWD', '/home/silver'), ('LANGUAGE', 'en_IN:en'), ('USER', 'silver'), ('VSCODE_NLS_CONFIG', '{"userLocale":"en-gb","osLocale":"en-in","resolvedLanguage":"en","defaultMessagesFile":"/usr/share/antigravity/resources/app/out/nls.messages.json","locale":"en-gb","availableLanguages":{}}'), ('XDG_SESSION_TYPE', 'x11'), ('SHLVL', '0'), ('LD_LIBRARY_PATH', '/usr/lib/x86_64-linux-gnu/gazebo-11/plugins:/opt/ros/humble/opt/rviz_ogre_vendor/lib:/opt/ros/humble/lib/x86_64-linux-gnu:/opt/ros/humble/lib'), ('HOME', '/home/silver'), ('CHROME_DESKTOP', 'antigravity.desktop'), ('DESKTOP_SESSION', 'ubuntu'), ('VSCODE_IPC_HOOK', '/run/user/1000/vscode-acdca91d-1.10-main.sock'), ('GIO_LAUNCHED_DESKTOP_FILE', '/usr/share/applications/antigravity.desktop'), ('ROS_PYTHON_VERSION', '3'), ('GNOME_SHELL_SESSION_MODE', 'ubuntu'), ('GTK_MODULES', 'gail:atk-bridge'), ('PAGER', 'cat'), ('MANAGERPID', '1551'), ('SYSTEMD_EXEC_PID', '1890'), ('DBUS_SESSION_BUS_ADDRESS', 'unix:path=/run/user/1000/bus'), ('ANTIGRAVITY_AGENT', '1'), ('GIO_LAUNCHED_DESKTOP_FILE_PID', '3039'), ('ROS_DISTRO', 'humble'), ('GTK_IM_MODULE', 'ibus'), ('LOGNAME', 'silver'), ('JOURNAL_STREAM', '8:443'), ('_', '/usr/bin/colcon'), ('ROS_VERSION', '2'), ('XDG_SESSION_CLASS', 'user'), ('USERNAME', 'silver'), ('TERM', 'dumb'), ('GAZEBO_MODEL_PATH', '/opt/ros/humble/share/turtlebot3_gazebo/models'), ('GNOME_DESKTOP_SESSION_ID', 'this-is-deprecated'), ('FC_FONTATIONS', '1'), ('ROS_LOCALHOST_ONLY', '0'), ('WINDOWPATH', '2'), ('ANTIGRAVITY_EDITOR_APP_ROOT', '/usr/share/antigravity/resources/app'), ('PATH', '/opt/ros/humble/bin:/usr/local/sbin:/usr/local/bin:/usr/sbin:/usr/bin:/sbin:/bin:/usr/games:/usr/local/games:/snap/bin:/snap/bin'), ('SESSION_MANAGER', 'local/silver-Victus-by-HP-Gaming-Laptop-15-fa2xxx:@/tmp/.ICE-unix/1863,unix/silver-Victus-by-HP-Gaming-Laptop-15-fa2xxx:/tmp/.ICE-unix/1863'), ('INVOCATION_ID', '24ca106350d544c38664a3b8dd77bb74'), ('XDG_MENU_PREFIX', 'gnome-'), ('XDG_RUNTIME_DIR', '/run/user/1000'), ('GDK_BACKEND', 'x11'), ('DISPLAY', ':1'), ('LANG', 'en_US.UTF-8'), ('XDG_CURRENT_DESKTOP', 'ubuntu:GNOME'), ('XMODIFIERS', '@im=ibus'), ('XDG_SESSION_DESKTOP', 'ubuntu'), ('XAUTHORITY', '/run/user/1000/gdm/Xauthority'), ('LS_COLORS', ''), ('SSH_AGENT_LAUNCHER', 'gnome-keyring'), ('SSH_AUTH_SOCK', '/run/user/1000/keyring/ssh'), ('AMENT_PREFIX_PATH', '/opt/ros/humble'), ('SHELL', '/bin/bash'), ('QT_ACCESSIBILITY', '1'), ('GDMSESSION', 'ubuntu'), ('LESSCLOSE', '/usr/bin/lesspipe %s %s'), ('GPG_AGENT_INFO', '/run/user/1000/gnupg/S.gpg-agent:0:1'), ('GJS_DEBUG_OUTPUT', 'stderr'), ('QT_IM_MODULE', 'ibus'), ('ANTIGRAVITY_TRAJECTORY_ID', 'c7293d33-9e14-4744-963f-b1e4d9a8fe0c'), ('PWD', '/home/silver/Desktop/silver_quick/cs671_2026_hack/swarm_ws/build/swarm_description'), ('TURTLEBOT3_MODEL', 'burger'), ('LC_ALL', 'en_US.UTF-8'), ('XDG_CONFIG_DIRS', '/etc/xdg/xdg-ubuntu:/etc/xdg'), ('VSCODE_CODE_CACHE_PATH', '/home/silver/.config/Antigravity/CachedData/15487b3041e65228cae24980a3f796c905ef582c'), ('GAZEBO_PLUGIN_PATH', '/opt/ros/humble/lib'), ('XDG_DATA_DIRS', '/usr/share/ubuntu:/usr/share/gnome:/usr/local/share/:/usr/share/:/var/lib/snapd/desktop'), ('PYTHONPATH', '/opt/ros/humble/lib/python3.10/site-packages:/opt/ros/humble/local/lib/python3.10/dist-packages'), ('COLCON', '1'), ('VSCODE_PID', '3039'), ('CMAKE_PREFIX_PATH', '/opt/ros/humble')]), 'shell': False}
[0.099851] (-) TimerEvent: {}
[0.145955] (swarm_description) StdoutLine: {'line': b'-- The C compiler identification is GNU 11.4.0\n'}
[0.199981] (-) TimerEvent: {}
[0.237434] (swarm_description) StdoutLine: {'line': b'-- The CXX compiler identification is GNU 11.4.0\n'}
[0.300118] (-) TimerEvent: {}
[0.314573] (swarm_description) StdoutLine: {'line': b'-- Detecting C compiler ABI info\n'}
[0.400268] (-) TimerEvent: {}
[0.440843] (swarm_description) StdoutLine: {'line': b'-- Detecting C compiler ABI info - done\n'}
[0.446880] (swarm_description) StdoutLine: {'line': b'-- Check for working C compiler: /usr/bin/cc - skipped\n'}
[0.449851] (swarm_description) StdoutLine: {'line': b'-- Detecting C compile features\n'}
[0.450783] (swarm_description) StdoutLine: {'line': b'-- Detecting C compile features - done\n'}
[0.454604] (swarm_description) StdoutLine: {'line': b'-- Detecting CXX compiler ABI info\n'}
[0.500445] (-) TimerEvent: {}
[0.584028] (swarm_description) StdoutLine: {'line': b'-- Detecting CXX compiler ABI info - done\n'}
[0.600583] (-) TimerEvent: {}
[0.603538] (swarm_description) StdoutLine: {'line': b'-- Check for working CXX compiler: /usr/bin/c++ - skipped\n'}
[0.604342] (swarm_description) StdoutLine: {'line': b'-- Detecting CXX compile features\n'}
[0.605620] (swarm_description) StdoutLine: {'line': b'-- Detecting CXX compile features - done\n'}
[0.612805] (swarm_description) StdoutLine: {'line': b'-- Found ament_cmake: 1.3.14 (/opt/ros/humble/share/ament_cmake/cmake)\n'}
[0.700729] (-) TimerEvent: {}
[0.801293] (-) TimerEvent: {}
[0.886949] (swarm_description) StdoutLine: {'line': b'-- Found Python3: /usr/bin/python3 (found version "3.10.12") found components: Interpreter \n'}
[0.901542] (-) TimerEvent: {}
[0.937782] (swarm_nav) Command: {'cmd': ['/usr/bin/python3', '-W', 'ignore:setup.py install is deprecated', '-W', 'ignore:easy_install command is deprecated', 'setup.py', 'egg_info', '--egg-base', '../../build/swarm_nav', 'build', '--build-base', '/home/silver/Desktop/silver_quick/cs671_2026_hack/swarm_ws/build/swarm_nav/build', 'install', '--record', '/home/silver/Desktop/silver_quick/cs671_2026_hack/swarm_ws/build/swarm_nav/install.log', '--single-version-externally-managed', 'install_data'], 'cwd': '/home/silver/Desktop/silver_quick/cs671_2026_hack/swarm_ws/src/swarm_nav', 'env': {'GJS_DEBUG_TOPICS': 'JS ERROR;JS LOG', 'LESSOPEN': '| /usr/bin/lesspipe %s', 'VSCODE_CWD': '/home/silver', 'LANGUAGE': 'en_IN:en', 'USER': 'silver', 'VSCODE_NLS_CONFIG': '{"userLocale":"en-gb","osLocale":"en-in","resolvedLanguage":"en","defaultMessagesFile":"/usr/share/antigravity/resources/app/out/nls.messages.json","locale":"en-gb","availableLanguages":{}}', 'XDG_SESSION_TYPE': 'x11', 'SHLVL': '0', 'LD_LIBRARY_PATH': '/usr/lib/x86_64-linux-gnu/gazebo-11/plugins:/opt/ros/humble/opt/rviz_ogre_vendor/lib:/opt/ros/humble/lib/x86_64-linux-gnu:/opt/ros/humble/lib', 'HOME': '/home/silver', 'CHROME_DESKTOP': 'antigravity.desktop', 'DESKTOP_SESSION': 'ubuntu', 'VSCODE_IPC_HOOK': '/run/user/1000/vscode-acdca91d-1.10-main.sock', 'GIO_LAUNCHED_DESKTOP_FILE': '/usr/share/applications/antigravity.desktop', 'ROS_PYTHON_VERSION': '3', 'GNOME_SHELL_SESSION_MODE': 'ubuntu', 'GTK_MODULES': 'gail:atk-bridge', 'PAGER': 'cat', 'MANAGERPID': '1551', 'SYSTEMD_EXEC_PID': '1890', 'DBUS_SESSION_BUS_ADDRESS': 'unix:path=/run/user/1000/bus', 'ANTIGRAVITY_AGENT': '1', 'GIO_LAUNCHED_DESKTOP_FILE_PID': '3039', 'ROS_DISTRO': 'humble', 'GTK_IM_MODULE': 'ibus', 'LOGNAME': 'silver', 'JOURNAL_STREAM': '8:443', '_': '/usr/bin/colcon', 'ROS_VERSION': '2', 'XDG_SESSION_CLASS': 'user', 'USERNAME': 'silver', 'TERM': 'dumb', 'GAZEBO_MODEL_PATH': '/opt/ros/humble/share/turtlebot3_gazebo/models', 'GNOME_DESKTOP_SESSION_ID': 'this-is-deprecated', 'FC_FONTATIONS': '1', 'ROS_LOCALHOST_ONLY': '0', 'WINDOWPATH': '2', 'ANTIGRAVITY_EDITOR_APP_ROOT': '/usr/share/antigravity/resources/app', 'PATH': '/opt/ros/humble/bin:/usr/local/sbin:/usr/local/bin:/usr/sbin:/usr/bin:/sbin:/bin:/usr/games:/usr/local/games:/snap/bin:/snap/bin', 'SESSION_MANAGER': 'local/silver-Victus-by-HP-Gaming-Laptop-15-fa2xxx:@/tmp/.ICE-unix/1863,unix/silver-Victus-by-HP-Gaming-Laptop-15-fa2xxx:/tmp/.ICE-unix/1863', 'INVOCATION_ID': '24ca106350d544c38664a3b8dd77bb74', 'XDG_MENU_PREFIX': 'gnome-', 'XDG_RUNTIME_DIR': '/run/user/1000', 'GDK_BACKEND': 'x11', 'DISPLAY': ':1', 'LANG': 'en_US.UTF-8', 'XDG_CURRENT_DESKTOP': 'ubuntu:GNOME', 'XMODIFIERS': '@im=ibus', 'XDG_SESSION_DESKTOP': 'ubuntu', 'XAUTHORITY': '/run/user/1000/gdm/Xauthority', 'LS_COLORS': '', 'SSH_AGENT_LAUNCHER': 'gnome-keyring', 'SSH_AUTH_SOCK': '/run/user/1000/keyring/ssh', 'AMENT_PREFIX_PATH': '/opt/ros/humble', 'SHELL': '/bin/bash', 'QT_ACCESSIBILITY': '1', 'GDMSESSION': 'ubuntu', 'LESSCLOSE': '/usr/bin/lesspipe %s %s', 'GPG_AGENT_INFO': '/run/user/1000/gnupg/S.gpg-agent:0:1', 'GJS_DEBUG_OUTPUT': 'stderr', 'QT_IM_MODULE': 'ibus', 'ANTIGRAVITY_TRAJECTORY_ID': 'c7293d33-9e14-4744-963f-b1e4d9a8fe0c', 'PWD': '/home/silver/Desktop/silver_quick/cs671_2026_hack/swarm_ws/build/swarm_nav', 'TURTLEBOT3_MODEL': 'burger', 'LC_ALL': 'en_US.UTF-8', 'XDG_CONFIG_DIRS': '/etc/xdg/xdg-ubuntu:/etc/xdg', 'VSCODE_CODE_CACHE_PATH': '/home/silver/.config/Antigravity/CachedData/15487b3041e65228cae24980a3f796c905ef582c', 'GAZEBO_PLUGIN_PATH': '/opt/ros/humble/lib', 'XDG_DATA_DIRS': '/usr/share/ubuntu:/usr/share/gnome:/usr/local/share/:/usr/share/:/var/lib/snapd/desktop', 'PYTHONPATH': '/home/silver/Desktop/silver_quick/cs671_2026_hack/swarm_ws/build/swarm_nav/prefix_override:/usr/lib/python3/dist-packages/colcon_core/task/python/colcon_distutils_commands:/home/silver/Desktop/silver_quick/cs671_2026_hack/swarm_ws/install/swarm_nav/lib/python3.10/site-packages:/opt/ros/humble/lib/python3.10/site-packages:/opt/ros/humble/local/lib/python3.10/dist-packages', 'COLCON': '1', 'VSCODE_PID': '3039'}, 'shell': False}
[1.001693] (-) TimerEvent: {}
[1.102080] (-) TimerEvent: {}
[1.138596] (swarm_description) StdoutLine: {'line': b'-- Configuring done\n'}
[1.141441] (swarm_description) StdoutLine: {'line': b'-- Generating done\n'}
[1.144648] (swarm_description) StdoutLine: {'line': b'-- Build files have been written to: /home/silver/Desktop/silver_quick/cs671_2026_hack/swarm_ws/build/swarm_description\n'}
[1.150967] (swarm_description) CommandEnded: {'returncode': 0}
[1.151663] (swarm_description) JobProgress: {'identifier': 'swarm_description', 'progress': 'build'}
[1.152392] (swarm_description) Command: {'cmd': ['/usr/bin/cmake', '--build', '/home/silver/Desktop/silver_quick/cs671_2026_hack/swarm_ws/build/swarm_description', '--', '-j16', '-l16'], 'cwd': '/home/silver/Desktop/silver_quick/cs671_2026_hack/swarm_ws/build/swarm_description', 'env': OrderedDict([('GJS_DEBUG_TOPICS', 'JS ERROR;JS LOG'), ('LESSOPEN', '| /usr/bin/lesspipe %s'), ('VSCODE_CWD', '/home/silver'), ('LANGUAGE', 'en_IN:en'), ('USER', 'silver'), ('VSCODE_NLS_CONFIG', '{"userLocale":"en-gb","osLocale":"en-in","resolvedLanguage":"en","defaultMessagesFile":"/usr/share/antigravity/resources/app/out/nls.messages.json","locale":"en-gb","availableLanguages":{}}'), ('XDG_SESSION_TYPE', 'x11'), ('SHLVL', '0'), ('LD_LIBRARY_PATH', '/usr/lib/x86_64-linux-gnu/gazebo-11/plugins:/opt/ros/humble/opt/rviz_ogre_vendor/lib:/opt/ros/humble/lib/x86_64-linux-gnu:/opt/ros/humble/lib'), ('HOME', '/home/silver'), ('CHROME_DESKTOP', 'antigravity.desktop'), ('DESKTOP_SESSION', 'ubuntu'), ('VSCODE_IPC_HOOK', '/run/user/1000/vscode-acdca91d-1.10-main.sock'), ('GIO_LAUNCHED_DESKTOP_FILE', '/usr/share/applications/antigravity.desktop'), ('ROS_PYTHON_VERSION', '3'), ('GNOME_SHELL_SESSION_MODE', 'ubuntu'), ('GTK_MODULES', 'gail:atk-bridge'), ('PAGER', 'cat'), ('MANAGERPID', '1551'), ('SYSTEMD_EXEC_PID', '1890'), ('DBUS_SESSION_BUS_ADDRESS', 'unix:path=/run/user/1000/bus'), ('ANTIGRAVITY_AGENT', '1'), ('GIO_LAUNCHED_DESKTOP_FILE_PID', '3039'), ('ROS_DISTRO', 'humble'), ('GTK_IM_MODULE', 'ibus'), ('LOGNAME', 'silver'), ('JOURNAL_STREAM', '8:443'), ('_', '/usr/bin/colcon'), ('ROS_VERSION', '2'), ('XDG_SESSION_CLASS', 'user'), ('USERNAME', 'silver'), ('TERM', 'dumb'), ('GAZEBO_MODEL_PATH', '/opt/ros/humble/share/turtlebot3_gazebo/models'), ('GNOME_DESKTOP_SESSION_ID', 'this-is-deprecated'), ('FC_FONTATIONS', '1'), ('ROS_LOCALHOST_ONLY', '0'), ('WINDOWPATH', '2'), ('ANTIGRAVITY_EDITOR_APP_ROOT', '/usr/share/antigravity/resources/app'), ('PATH', '/opt/ros/humble/bin:/usr/local/sbin:/usr/local/bin:/usr/sbin:/usr/bin:/sbin:/bin:/usr/games:/usr/local/games:/snap/bin:/snap/bin'), ('SESSION_MANAGER', 'local/silver-Victus-by-HP-Gaming-Laptop-15-fa2xxx:@/tmp/.ICE-unix/1863,unix/silver-Victus-by-HP-Gaming-Laptop-15-fa2xxx:/tmp/.ICE-unix/1863'), ('INVOCATION_ID', '24ca106350d544c38664a3b8dd77bb74'), ('XDG_MENU_PREFIX', 'gnome-'), ('XDG_RUNTIME_DIR', '/run/user/1000'), ('GDK_BACKEND', 'x11'), ('DISPLAY', ':1'), ('LANG', 'en_US.UTF-8'), ('XDG_CURRENT_DESKTOP', 'ubuntu:GNOME'), ('XMODIFIERS', '@im=ibus'), ('XDG_SESSION_DESKTOP', 'ubuntu'), ('XAUTHORITY', '/run/user/1000/gdm/Xauthority'), ('LS_COLORS', ''), ('SSH_AGENT_LAUNCHER', 'gnome-keyring'), ('SSH_AUTH_SOCK', '/run/user/1000/keyring/ssh'), ('AMENT_PREFIX_PATH', '/opt/ros/humble'), ('SHELL', '/bin/bash'), ('QT_ACCESSIBILITY', '1'), ('GDMSESSION', 'ubuntu'), ('LESSCLOSE', '/usr/bin/lesspipe %s %s'), ('GPG_AGENT_INFO', '/run/user/1000/gnupg/S.gpg-agent:0:1'), ('GJS_DEBUG_OUTPUT', 'stderr'), ('QT_IM_MODULE', 'ibus'), ('ANTIGRAVITY_TRAJECTORY_ID', 'c7293d33-9e14-4744-963f-b1e4d9a8fe0c'), ('PWD', '/home/silver/Desktop/silver_quick/cs671_2026_hack/swarm_ws/build/swarm_description'), ('TURTLEBOT3_MODEL', 'burger'), ('LC_ALL', 'en_US.UTF-8'), ('XDG_CONFIG_DIRS', '/etc/xdg/xdg-ubuntu:/etc/xdg'), ('VSCODE_CODE_CACHE_PATH', '/home/silver/.config/Antigravity/CachedData/15487b3041e65228cae24980a3f796c905ef582c'), ('GAZEBO_PLUGIN_PATH', '/opt/ros/humble/lib'), ('XDG_DATA_DIRS', '/usr/share/ubuntu:/usr/share/gnome:/usr/local/share/:/usr/share/:/var/lib/snapd/desktop'), ('PYTHONPATH', '/opt/ros/humble/lib/python3.10/site-packages:/opt/ros/humble/local/lib/python3.10/dist-packages'), ('COLCON', '1'), ('VSCODE_PID', '3039'), ('CMAKE_PREFIX_PATH', '/opt/ros/humble')]), 'shell': False}
[1.159274] (swarm_nav) StdoutLine: {'line': b'running egg_info\n'}
[1.159877] (swarm_nav) StdoutLine: {'line': b'creating ../../build/swarm_nav/swarm_nav.egg-info\n'}
[1.160172] (swarm_nav) StdoutLine: {'line': b'writing ../../build/swarm_nav/swarm_nav.egg-info/PKG-INFO\n'}
[1.160314] (swarm_nav) StdoutLine: {'line': b'writing dependency_links to ../../build/swarm_nav/swarm_nav.egg-info/dependency_links.txt\n'}
[1.160401] (swarm_nav) StdoutLine: {'line': b'writing entry points to ../../build/swarm_nav/swarm_nav.egg-info/entry_points.txt\n'}
[1.160458] (swarm_nav) StdoutLine: {'line': b'writing requirements to ../../build/swarm_nav/swarm_nav.egg-info/requires.txt\n'}
[1.160510] (swarm_nav) StdoutLine: {'line': b'writing top-level names to ../../build/swarm_nav/swarm_nav.egg-info/top_level.txt\n'}
[1.160659] (swarm_nav) StdoutLine: {'line': b"writing manifest file '../../build/swarm_nav/swarm_nav.egg-info/SOURCES.txt'\n"}
[1.164303] (swarm_nav) StdoutLine: {'line': b"reading manifest file '../../build/swarm_nav/swarm_nav.egg-info/SOURCES.txt'\n"}
[1.165100] (swarm_nav) StdoutLine: {'line': b"writing manifest file '../../build/swarm_nav/swarm_nav.egg-info/SOURCES.txt'\n"}
[1.165257] (swarm_nav) StdoutLine: {'line': b'running build\n'}
[1.165349] (swarm_nav) StdoutLine: {'line': b'running build_py\n'}
[1.165555] (swarm_nav) StdoutLine: {'line': b'creating /home/silver/Desktop/silver_quick/cs671_2026_hack/swarm_ws/build/swarm_nav/build\n'}
[1.165682] (swarm_nav) StdoutLine: {'line': b'creating /home/silver/Desktop/silver_quick/cs671_2026_hack/swarm_ws/build/swarm_nav/build/lib\n'}
[1.165799] (swarm_nav) StdoutLine: {'line': b'creating /home/silver/Desktop/silver_quick/cs671_2026_hack/swarm_ws/build/swarm_nav/build/lib/swarm_nav\n'}
[1.165861] (swarm_nav) StdoutLine: {'line': b'copying swarm_nav/sorting_node.py -> /home/silver/Desktop/silver_quick/cs671_2026_hack/swarm_ws/build/swarm_nav/build/lib/swarm_nav\n'}
[1.165966] (swarm_nav) StdoutLine: {'line': b'copying swarm_nav/randomizer_node.py -> /home/silver/Desktop/silver_quick/cs671_2026_hack/swarm_ws/build/swarm_nav/build/lib/swarm_nav\n'}
[1.166064] (swarm_nav) StdoutLine: {'line': b'copying swarm_nav/__init__.py -> /home/silver/Desktop/silver_quick/cs671_2026_hack/swarm_ws/build/swarm_nav/build/lib/swarm_nav\n'}
[1.166153] (swarm_nav) StdoutLine: {'line': b'copying swarm_nav/train_rl.py -> /home/silver/Desktop/silver_quick/cs671_2026_hack/swarm_ws/build/swarm_nav/build/lib/swarm_nav\n'}
[1.166241] (swarm_nav) StdoutLine: {'line': b'copying swarm_nav/rl_env.py -> /home/silver/Desktop/silver_quick/cs671_2026_hack/swarm_ws/build/swarm_nav/build/lib/swarm_nav\n'}
[1.166329] (swarm_nav) StdoutLine: {'line': b'copying swarm_nav/camera_processor.py -> /home/silver/Desktop/silver_quick/cs671_2026_hack/swarm_ws/build/swarm_nav/build/lib/swarm_nav\n'}
[1.166669] (swarm_nav) StdoutLine: {'line': b'running install\n'}
[1.167217] (swarm_nav) StdoutLine: {'line': b'running install_lib\n'}
[1.168402] (swarm_nav) StdoutLine: {'line': b'creating /home/silver/Desktop/silver_quick/cs671_2026_hack/swarm_ws/install/swarm_nav/lib/python3.10/site-packages/swarm_nav\n'}
[1.168591] (swarm_nav) StdoutLine: {'line': b'copying /home/silver/Desktop/silver_quick/cs671_2026_hack/swarm_ws/build/swarm_nav/build/lib/swarm_nav/sorting_node.py -> /home/silver/Desktop/silver_quick/cs671_2026_hack/swarm_ws/install/swarm_nav/lib/python3.10/site-packages/swarm_nav\n'}
[1.168759] (swarm_nav) StdoutLine: {'line': b'copying /home/silver/Desktop/silver_quick/cs671_2026_hack/swarm_ws/build/swarm_nav/build/lib/swarm_nav/randomizer_node.py -> /home/silver/Desktop/silver_quick/cs671_2026_hack/swarm_ws/install/swarm_nav/lib/python3.10/site-packages/swarm_nav\n'}
[1.168827] (swarm_nav) StdoutLine: {'line': b'copying /home/silver/Desktop/silver_quick/cs671_2026_hack/swarm_ws/build/swarm_nav/build/lib/swarm_nav/__init__.py -> /home/silver/Desktop/silver_quick/cs671_2026_hack/swarm_ws/install/swarm_nav/lib/python3.10/site-packages/swarm_nav\n'}
[1.168903] (swarm_nav) StdoutLine: {'line': b'copying /home/silver/Desktop/silver_quick/cs671_2026_hack/swarm_ws/build/swarm_nav/build/lib/swarm_nav/train_rl.py -> /home/silver/Desktop/silver_quick/cs671_2026_hack/swarm_ws/install/swarm_nav/lib/python3.10/site-packages/swarm_nav\n'}
[1.168943] (swarm_nav) StdoutLine: {'line': b'copying /home/silver/Desktop/silver_quick/cs671_2026_hack/swarm_ws/build/swarm_nav/build/lib/swarm_nav/rl_env.py -> /home/silver/Desktop/silver_quick/cs671_2026_hack/swarm_ws/install/swarm_nav/lib/python3.10/site-packages/swarm_nav\n'}
[1.168990] (swarm_nav) StdoutLine: {'line': b'copying /home/silver/Desktop/silver_quick/cs671_2026_hack/swarm_ws/build/swarm_nav/build/lib/swarm_nav/camera_processor.py -> /home/silver/Desktop/silver_quick/cs671_2026_hack/swarm_ws/install/swarm_nav/lib/python3.10/site-packages/swarm_nav\n'}
[1.169164] (swarm_nav) StdoutLine: {'line': b'byte-compiling /home/silver/Desktop/silver_quick/cs671_2026_hack/swarm_ws/install/swarm_nav/lib/python3.10/site-packages/swarm_nav/sorting_node.py to sorting_node.cpython-310.pyc\n'}
[1.171658] (swarm_nav) StdoutLine: {'line': b'byte-compiling /home/silver/Desktop/silver_quick/cs671_2026_hack/swarm_ws/install/swarm_nav/lib/python3.10/site-packages/swarm_nav/randomizer_node.py to randomizer_node.cpython-310.pyc\n'}
[1.172068] (swarm_nav) StdoutLine: {'line': b'byte-compiling /home/silver/Desktop/silver_quick/cs671_2026_hack/swarm_ws/install/swarm_nav/lib/python3.10/site-packages/swarm_nav/__init__.py to __init__.cpython-310.pyc\n'}
[1.172184] (swarm_nav) StdoutLine: {'line': b'byte-compiling /home/silver/Desktop/silver_quick/cs671_2026_hack/swarm_ws/install/swarm_nav/lib/python3.10/site-packages/swarm_nav/train_rl.py to train_rl.cpython-310.pyc\n'}
[1.172692] (swarm_nav) StdoutLine: {'line': b'byte-compiling /home/silver/Desktop/silver_quick/cs671_2026_hack/swarm_ws/install/swarm_nav/lib/python3.10/site-packages/swarm_nav/rl_env.py to rl_env.cpython-310.pyc\n'}
[1.173062] (swarm_nav) StdoutLine: {'line': b'byte-compiling /home/silver/Desktop/silver_quick/cs671_2026_hack/swarm_ws/install/swarm_nav/lib/python3.10/site-packages/swarm_nav/camera_processor.py to camera_processor.cpython-310.pyc\n'}
[1.173917] (swarm_nav) StdoutLine: {'line': b'running install_data\n'}
[1.174099] (swarm_nav) StdoutLine: {'line': b'creating /home/silver/Desktop/silver_quick/cs671_2026_hack/swarm_ws/install/swarm_nav/share/ament_index\n'}
[1.174205] (swarm_nav) StdoutLine: {'line': b'creating /home/silver/Desktop/silver_quick/cs671_2026_hack/swarm_ws/install/swarm_nav/share/ament_index/resource_index\n'}
[1.174321] (swarm_nav) StdoutLine: {'line': b'creating /home/silver/Desktop/silver_quick/cs671_2026_hack/swarm_ws/install/swarm_nav/share/ament_index/resource_index/packages\n'}
[1.174434] (swarm_nav) StdoutLine: {'line': b'copying resource/swarm_nav -> /home/silver/Desktop/silver_quick/cs671_2026_hack/swarm_ws/install/swarm_nav/share/ament_index/resource_index/packages\n'}
[1.174552] (swarm_nav) StdoutLine: {'line': b'copying package.xml -> /home/silver/Desktop/silver_quick/cs671_2026_hack/swarm_ws/install/swarm_nav/share/swarm_nav\n'}
[1.174637] (swarm_nav) StdoutLine: {'line': b'running install_egg_info\n'}
[1.178366] (swarm_nav) StdoutLine: {'line': b'Copying ../../build/swarm_nav/swarm_nav.egg-info to /home/silver/Desktop/silver_quick/cs671_2026_hack/swarm_ws/install/swarm_nav/lib/python3.10/site-packages/swarm_nav-0.0.0-py3.10.egg-info\n'}
[1.179628] (swarm_nav) StdoutLine: {'line': b'running install_scripts\n'}
[1.202226] (-) TimerEvent: {}
[1.203991] (swarm_description) CommandEnded: {'returncode': 0}
[1.204844] (swarm_nav) StdoutLine: {'line': b'Installing randomizer_node script to /home/silver/Desktop/silver_quick/cs671_2026_hack/swarm_ws/install/swarm_nav/lib/swarm_nav\n'}
[1.205163] (swarm_nav) StdoutLine: {'line': b'Installing sorting_node script to /home/silver/Desktop/silver_quick/cs671_2026_hack/swarm_ws/install/swarm_nav/lib/swarm_nav\n'}
[1.206101] (swarm_nav) StdoutLine: {'line': b"writing list of installed files to '/home/silver/Desktop/silver_quick/cs671_2026_hack/swarm_ws/build/swarm_nav/install.log'\n"}
[1.206350] (swarm_description) JobProgress: {'identifier': 'swarm_description', 'progress': 'install'}
[1.217104] (swarm_description) Command: {'cmd': ['/usr/bin/cmake', '--install', '/home/silver/Desktop/silver_quick/cs671_2026_hack/swarm_ws/build/swarm_description'], 'cwd': '/home/silver/Desktop/silver_quick/cs671_2026_hack/swarm_ws/build/swarm_description', 'env': OrderedDict([('GJS_DEBUG_TOPICS', 'JS ERROR;JS LOG'), ('LESSOPEN', '| /usr/bin/lesspipe %s'), ('VSCODE_CWD', '/home/silver'), ('LANGUAGE', 'en_IN:en'), ('USER', 'silver'), ('VSCODE_NLS_CONFIG', '{"userLocale":"en-gb","osLocale":"en-in","resolvedLanguage":"en","defaultMessagesFile":"/usr/share/antigravity/resources/app/out/nls.messages.json","locale":"en-gb","availableLanguages":{}}'), ('XDG_SESSION_TYPE', 'x11'), ('SHLVL', '0'), ('LD_LIBRARY_PATH', '/usr/lib/x86_64-linux-gnu/gazebo-11/plugins:/opt/ros/humble/opt/rviz_ogre_vendor/lib:/opt/ros/humble/lib/x86_64-linux-gnu:/opt/ros/humble/lib'), ('HOME', '/home/silver'), ('CHROME_DESKTOP', 'antigravity.desktop'), ('DESKTOP_SESSION', 'ubuntu'), ('VSCODE_IPC_HOOK', '/run/user/1000/vscode-acdca91d-1.10-main.sock'), ('GIO_LAUNCHED_DESKTOP_FILE', '/usr/share/applications/antigravity.desktop'), ('ROS_PYTHON_VERSION', '3'), ('GNOME_SHELL_SESSION_MODE', 'ubuntu'), ('GTK_MODULES', 'gail:atk-bridge'), ('PAGER', 'cat'), ('MANAGERPID', '1551'), ('SYSTEMD_EXEC_PID', '1890'), ('DBUS_SESSION_BUS_ADDRESS', 'unix:path=/run/user/1000/bus'), ('ANTIGRAVITY_AGENT', '1'), ('GIO_LAUNCHED_DESKTOP_FILE_PID', '3039'), ('ROS_DISTRO', 'humble'), ('GTK_IM_MODULE', 'ibus'), ('LOGNAME', 'silver'), ('JOURNAL_STREAM', '8:443'), ('_', '/usr/bin/colcon'), ('ROS_VERSION', '2'), ('XDG_SESSION_CLASS', 'user'), ('USERNAME', 'silver'), ('TERM', 'dumb'), ('GAZEBO_MODEL_PATH', '/opt/ros/humble/share/turtlebot3_gazebo/models'), ('GNOME_DESKTOP_SESSION_ID', 'this-is-deprecated'), ('FC_FONTATIONS', '1'), ('ROS_LOCALHOST_ONLY', '0'), ('WINDOWPATH', '2'), ('ANTIGRAVITY_EDITOR_APP_ROOT', '/usr/share/antigravity/resources/app'), ('PATH', '/opt/ros/humble/bin:/usr/local/sbin:/usr/local/bin:/usr/sbin:/usr/bin:/sbin:/bin:/usr/games:/usr/local/games:/snap/bin:/snap/bin'), ('SESSION_MANAGER', 'local/silver-Victus-by-HP-Gaming-Laptop-15-fa2xxx:@/tmp/.ICE-unix/1863,unix/silver-Victus-by-HP-Gaming-Laptop-15-fa2xxx:/tmp/.ICE-unix/1863'), ('INVOCATION_ID', '24ca106350d544c38664a3b8dd77bb74'), ('XDG_MENU_PREFIX', 'gnome-'), ('XDG_RUNTIME_DIR', '/run/user/1000'), ('GDK_BACKEND', 'x11'), ('DISPLAY', ':1'), ('LANG', 'en_US.UTF-8'), ('XDG_CURRENT_DESKTOP', 'ubuntu:GNOME'), ('XMODIFIERS', '@im=ibus'), ('XDG_SESSION_DESKTOP', 'ubuntu'), ('XAUTHORITY', '/run/user/1000/gdm/Xauthority'), ('LS_COLORS', ''), ('SSH_AGENT_LAUNCHER', 'gnome-keyring'), ('SSH_AUTH_SOCK', '/run/user/1000/keyring/ssh'), ('AMENT_PREFIX_PATH', '/opt/ros/humble'), ('SHELL', '/bin/bash'), ('QT_ACCESSIBILITY', '1'), ('GDMSESSION', 'ubuntu'), ('LESSCLOSE', '/usr/bin/lesspipe %s %s'), ('GPG_AGENT_INFO', '/run/user/1000/gnupg/S.gpg-agent:0:1'), ('GJS_DEBUG_OUTPUT', 'stderr'), ('QT_IM_MODULE', 'ibus'), ('ANTIGRAVITY_TRAJECTORY_ID', 'c7293d33-9e14-4744-963f-b1e4d9a8fe0c'), ('PWD', '/home/silver/Desktop/silver_quick/cs671_2026_hack/swarm_ws/build/swarm_description'), ('TURTLEBOT3_MODEL', 'burger'), ('LC_ALL', 'en_US.UTF-8'), ('XDG_CONFIG_DIRS', '/etc/xdg/xdg-ubuntu:/etc/xdg'), ('VSCODE_CODE_CACHE_PATH', '/home/silver/.config/Antigravity/CachedData/15487b3041e65228cae24980a3f796c905ef582c'), ('GAZEBO_PLUGIN_PATH', '/opt/ros/humble/lib'), ('XDG_DATA_DIRS', '/usr/share/ubuntu:/usr/share/gnome:/usr/local/share/:/usr/share/:/var/lib/snapd/desktop'), ('PYTHONPATH', '/opt/ros/humble/lib/python3.10/site-packages:/opt/ros/humble/local/lib/python3.10/dist-packages'), ('COLCON', '1'), ('VSCODE_PID', '3039'), ('CMAKE_PREFIX_PATH', '/opt/ros/humble')]), 'shell': False}
[1.236168] (swarm_description) StdoutLine: {'line': b'-- Install configuration: ""\n'}
[1.236976] (swarm_description) StdoutLine: {'line': b'-- Installing: /home/silver/Desktop/silver_quick/cs671_2026_hack/swarm_ws/install/swarm_description/share/swarm_description//urdf\n'}
[1.237662] (swarm_description) StdoutLine: {'line': b'-- Installing: /home/silver/Desktop/silver_quick/cs671_2026_hack/swarm_ws/install/swarm_description/share/swarm_description//urdf/swarm_bot.urdf.xacro\n'}
[1.238129] (swarm_description) StdoutLine: {'line': b'-- Installing: /home/silver/Desktop/silver_quick/cs671_2026_hack/swarm_ws/install/swarm_description/share/swarm_description//launch\n'}
[1.238537] (swarm_description) StdoutLine: {'line': b'-- Installing: /home/silver/Desktop/silver_quick/cs671_2026_hack/swarm_ws/install/swarm_description/share/swarm_description//launch/multi_robot.launch.py\n'}
[1.239077] (swarm_description) StdoutLine: {'line': b'-- Installing: /home/silver/Desktop/silver_quick/cs671_2026_hack/swarm_ws/install/swarm_description/share/swarm_description//worlds\n'}
[1.239482] (swarm_description) StdoutLine: {'line': b'-- Installing: /home/silver/Desktop/silver_quick/cs671_2026_hack/swarm_ws/install/swarm_description/share/swarm_description//worlds/warehouse.world\n'}
[1.239880] (swarm_description) StdoutLine: {'line': b'-- Installing: /home/silver/Desktop/silver_quick/cs671_2026_hack/swarm_ws/install/swarm_description/share/ament_index/resource_index/package_run_dependencies/swarm_description\n'}
[1.240278] (swarm_description) StdoutLine: {'line': b'-- Installing: /home/silver/Desktop/silver_quick/cs671_2026_hack/swarm_ws/install/swarm_description/share/ament_index/resource_index/parent_prefix_path/swarm_description\n'}
[1.240675] (swarm_description) StdoutLine: {'line': b'-- Installing: /home/silver/Desktop/silver_quick/cs671_2026_hack/swarm_ws/install/swarm_description/share/swarm_description/environment/ament_prefix_path.sh\n'}
[1.241090] (swarm_description) StdoutLine: {'line': b'-- Installing: /home/silver/Desktop/silver_quick/cs671_2026_hack/swarm_ws/install/swarm_description/share/swarm_description/environment/ament_prefix_path.dsv\n'}
[1.241550] (swarm_description) StdoutLine: {'line': b'-- Installing: /home/silver/Desktop/silver_quick/cs671_2026_hack/swarm_ws/install/swarm_description/share/swarm_description/environment/path.sh\n'}
[1.241905] (swarm_description) StdoutLine: {'line': b'-- Installing: /home/silver/Desktop/silver_quick/cs671_2026_hack/swarm_ws/install/swarm_description/share/swarm_description/environment/path.dsv\n'}
[1.242258] (swarm_description) StdoutLine: {'line': b'-- Installing: /home/silver/Desktop/silver_quick/cs671_2026_hack/swarm_ws/install/swarm_description/share/swarm_description/local_setup.bash\n'}
[1.242562] (swarm_description) StdoutLine: {'line': b'-- Installing: /home/silver/Desktop/silver_quick/cs671_2026_hack/swarm_ws/install/swarm_description/share/swarm_description/local_setup.sh\n'}
[1.242860] (swarm_description) StdoutLine: {'line': b'-- Installing: /home/silver/Desktop/silver_quick/cs671_2026_hack/swarm_ws/install/swarm_description/share/swarm_description/local_setup.zsh\n'}
[1.243196] (swarm_description) StdoutLine: {'line': b'-- Installing: /home/silver/Desktop/silver_quick/cs671_2026_hack/swarm_ws/install/swarm_description/share/swarm_description/local_setup.dsv\n'}
[1.243516] (swarm_description) StdoutLine: {'line': b'-- Installing: /home/silver/Desktop/silver_quick/cs671_2026_hack/swarm_ws/install/swarm_description/share/swarm_description/package.dsv\n'}
[1.243816] (swarm_description) StdoutLine: {'line': b'-- Installing: /home/silver/Desktop/silver_quick/cs671_2026_hack/swarm_ws/install/swarm_description/share/ament_index/resource_index/packages/swarm_description\n'}
[1.244371] (swarm_description) StdoutLine: {'line': b'-- Installing: /home/silver/Desktop/silver_quick/cs671_2026_hack/swarm_ws/install/swarm_description/share/swarm_description/cmake/swarm_descriptionConfig.cmake\n'}
[1.244779] (swarm_description) StdoutLine: {'line': b'-- Installing: /home/silver/Desktop/silver_quick/cs671_2026_hack/swarm_ws/install/swarm_description/share/swarm_description/cmake/swarm_descriptionConfig-version.cmake\n'}
[1.244987] (swarm_description) StdoutLine: {'line': b'-- Installing: /home/silver/Desktop/silver_quick/cs671_2026_hack/swarm_ws/install/swarm_description/share/swarm_description/package.xml\n'}
[1.248126] (swarm_description) CommandEnded: {'returncode': 0}
[1.293756] (swarm_description) JobEnded: {'identifier': 'swarm_description', 'rc': 0}
[1.298053] (swarm_nav) CommandEnded: {'returncode': 0}
[1.302617] (-) TimerEvent: {}
[1.321122] (swarm_nav) JobEnded: {'identifier': 'swarm_nav', 'rc': 0}
[1.323103] (-) EventReactorShutdown: {}
