[0.611s] Invoking command in '/home/silver/Desktop/silver_quick/cs671_2026_hack/swarm_ws/src/swarm_nav': PYTHONPATH=/home/silver/Desktop/silver_quick/cs671_2026_hack/swarm_ws/build/swarm_nav/prefix_override:/usr/lib/python3/dist-packages/colcon_core/task/python/colcon_distutils_commands:/home/silver/Desktop/silver_quick/cs671_2026_hack/swarm_ws/install/swarm_nav/lib/python3.10/site-packages:${PYTHONPATH} /usr/bin/python3 -W ignore:setup.py install is deprecated -W ignore:easy_install command is deprecated setup.py egg_info --egg-base ../../build/swarm_nav build --build-base /home/silver/Desktop/silver_quick/cs671_2026_hack/swarm_ws/build/swarm_nav/build install --record /home/silver/Desktop/silver_quick/cs671_2026_hack/swarm_ws/build/swarm_nav/install.log --single-version-externally-managed install_data
[0.819s] running egg_info
[0.819s] writing ../../build/swarm_nav/swarm_nav.egg-info/PKG-INFO
[0.819s] writing dependency_links to ../../build/swarm_nav/swarm_nav.egg-info/dependency_links.txt
[0.820s] writing entry points to ../../build/swarm_nav/swarm_nav.egg-info/entry_points.txt
[0.820s] writing requirements to ../../build/swarm_nav/swarm_nav.egg-info/requires.txt
[0.820s] writing top-level names to ../../build/swarm_nav/swarm_nav.egg-info/top_level.txt
[0.824s] reading manifest file '../../build/swarm_nav/swarm_nav.egg-info/SOURCES.txt'
[0.825s] writing manifest file '../../build/swarm_nav/swarm_nav.egg-info/SOURCES.txt'
[0.825s] running build
[0.825s] running build_py
[0.825s] copying swarm_nav/q_table.pkl -> /home/silver/Desktop/silver_quick/cs671_2026_hack/swarm_ws/build/swarm_nav/build/lib/swarm_nav
[0.825s] running install
[0.826s] running install_lib
[0.826s] copying /home/silver/Desktop/silver_quick/cs671_2026_hack/swarm_ws/build/swarm_nav/build/lib/swarm_nav/q_table.pkl -> /home/silver/Desktop/silver_quick/cs671_2026_hack/swarm_ws/install/swarm_nav/lib/python3.10/site-packages/swarm_nav
[0.827s] running install_data
[0.827s] running install_egg_info
[0.829s] removing '/home/silver/Desktop/silver_quick/cs671_2026_hack/swarm_ws/install/swarm_nav/lib/python3.10/site-packages/swarm_nav-0.0.0-py3.10.egg-info' (and everything under it)
[0.829s] Copying ../../build/swarm_nav/swarm_nav.egg-info to /home/silver/Desktop/silver_quick/cs671_2026_hack/swarm_ws/install/swarm_nav/lib/python3.10/site-packages/swarm_nav-0.0.0-py3.10.egg-info
[0.830s] running install_scripts
[0.851s] Installing randomizer_node script to /home/silver/Desktop/silver_quick/cs671_2026_hack/swarm_ws/install/swarm_nav/lib/swarm_nav
[0.852s] Installing sorting_node script to /home/silver/Desktop/silver_quick/cs671_2026_hack/swarm_ws/install/swarm_nav/lib/swarm_nav
[0.852s] writing list of installed files to '/home/silver/Desktop/silver_quick/cs671_2026_hack/swarm_ws/build/swarm_nav/install.log'
[0.887s] Invoked command in '/home/silver/Desktop/silver_quick/cs671_2026_hack/swarm_ws/src/swarm_nav' returned '0': PYTHONPATH=/home/silver/Desktop/silver_quick/cs671_2026_hack/swarm_ws/build/swarm_nav/prefix_override:/usr/lib/python3/dist-packages/colcon_core/task/python/colcon_distutils_commands:/home/silver/Desktop/silver_quick/cs671_2026_hack/swarm_ws/install/swarm_nav/lib/python3.10/site-packages:${PYTHONPATH} /usr/bin/python3 -W ignore:setup.py install is deprecated -W ignore:easy_install command is deprecated setup.py egg_info --egg-base ../../build/swarm_nav build --build-base /home/silver/Desktop/silver_quick/cs671_2026_hack/swarm_ws/build/swarm_nav/build install --record /home/silver/Desktop/silver_quick/cs671_2026_hack/swarm_ws/build/swarm_nav/install.log --single-version-externally-managed install_data
