running egg_info
writing ../../build/bot/bot.egg-info/PKG-INFO
writing dependency_links to ../../build/bot/bot.egg-info/dependency_links.txt
writing entry points to ../../build/bot/bot.egg-info/entry_points.txt
writing requirements to ../../build/bot/bot.egg-info/requires.txt
writing top-level names to ../../build/bot/bot.egg-info/top_level.txt
reading manifest file '../../build/bot/bot.egg-info/SOURCES.txt'
writing manifest file '../../build/bot/bot.egg-info/SOURCES.txt'
running build
running build_py
copying bot/avoid.py -> /home/akshatidk29/Desktop/ros2WS1/build/bot/build/lib/bot
running install
running install_lib
copying /home/akshatidk29/Desktop/ros2WS1/build/bot/build/lib/bot/avoid.py -> /home/akshatidk29/Desktop/ros2WS1/install/bot/lib/python3.10/site-packages/bot
byte-compiling /home/akshatidk29/Desktop/ros2WS1/install/bot/lib/python3.10/site-packages/bot/avoid.py to avoid.cpython-310.pyc
running install_data
copying package.xml -> /home/akshatidk29/Desktop/ros2WS1/install/bot/share/bot
creating /home/akshatidk29/Desktop/ros2WS1/install/bot/share/bot/launch
copying launch/spawn_bot.launch.py -> /home/akshatidk29/Desktop/ros2WS1/install/bot/share/bot/launch
copying launch/teleop.launch.py -> /home/akshatidk29/Desktop/ros2WS1/install/bot/share/bot/launch
copying launch/world.launch.py -> /home/akshatidk29/Desktop/ros2WS1/install/bot/share/bot/launch
creating /home/akshatidk29/Desktop/ros2WS1/install/bot/share/bot/urdf
copying urdf/bot.urdf.xacro -> /home/akshatidk29/Desktop/ros2WS1/install/bot/share/bot/urdf
creating /home/akshatidk29/Desktop/ros2WS1/install/bot/share/bot/worlds
copying worlds/circle.world -> /home/akshatidk29/Desktop/ros2WS1/install/bot/share/bot/worlds
running install_egg_info
Copying ../../build/bot/bot.egg-info to /home/akshatidk29/Desktop/ros2WS1/install/bot/lib/python3.10/site-packages/bot-0.1.0-py3.10.egg-info
running install_scripts
Installing avoid script to /home/akshatidk29/Desktop/ros2WS1/install/bot/lib/bot
writing list of installed files to '/home/akshatidk29/Desktop/ros2WS1/build/bot/install.log'
