[0.299s] Invoking command in '/home/akshatidk29/Desktop/ros2WS1/src/bot': PYTHONPATH=/home/akshatidk29/Desktop/ros2WS1/build/bot/prefix_override:/usr/lib/python3/dist-packages/colcon_core/task/python/colcon_distutils_commands:/home/akshatidk29/Desktop/ros2WS1/install/bot/lib/python3.10/site-packages:${PYTHONPATH} /usr/bin/python3 -W ignore:setup.py install is deprecated -W ignore:easy_install command is deprecated setup.py egg_info --egg-base ../../build/bot build --build-base /home/akshatidk29/Desktop/ros2WS1/build/bot/build install --record /home/akshatidk29/Desktop/ros2WS1/build/bot/install.log --single-version-externally-managed install_data
[0.407s] running egg_info
[0.407s] writing ../../build/bot/bot.egg-info/PKG-INFO
[0.408s] writing dependency_links to ../../build/bot/bot.egg-info/dependency_links.txt
[0.408s] writing entry points to ../../build/bot/bot.egg-info/entry_points.txt
[0.408s] writing requirements to ../../build/bot/bot.egg-info/requires.txt
[0.408s] writing top-level names to ../../build/bot/bot.egg-info/top_level.txt
[0.409s] reading manifest file '../../build/bot/bot.egg-info/SOURCES.txt'
[0.409s] writing manifest file '../../build/bot/bot.egg-info/SOURCES.txt'
[0.409s] running build
[0.409s] running build_py
[0.409s] copying bot/avoid.py -> /home/akshatidk29/Desktop/ros2WS1/build/bot/build/lib/bot
[0.409s] running install
[0.410s] running install_lib
[0.410s] copying /home/akshatidk29/Desktop/ros2WS1/build/bot/build/lib/bot/avoid.py -> /home/akshatidk29/Desktop/ros2WS1/install/bot/lib/python3.10/site-packages/bot
[0.410s] byte-compiling /home/akshatidk29/Desktop/ros2WS1/install/bot/lib/python3.10/site-packages/bot/avoid.py to avoid.cpython-310.pyc
[0.411s] running install_data
[0.411s] copying package.xml -> /home/akshatidk29/Desktop/ros2WS1/install/bot/share/bot
[0.411s] creating /home/akshatidk29/Desktop/ros2WS1/install/bot/share/bot/launch
[0.411s] copying launch/spawn_bot.launch.py -> /home/akshatidk29/Desktop/ros2WS1/install/bot/share/bot/launch
[0.411s] copying launch/teleop.launch.py -> /home/akshatidk29/Desktop/ros2WS1/install/bot/share/bot/launch
[0.411s] copying launch/world.launch.py -> /home/akshatidk29/Desktop/ros2WS1/install/bot/share/bot/launch
[0.411s] creating /home/akshatidk29/Desktop/ros2WS1/install/bot/share/bot/urdf
[0.411s] copying urdf/bot.urdf.xacro -> /home/akshatidk29/Desktop/ros2WS1/install/bot/share/bot/urdf
[0.411s] creating /home/akshatidk29/Desktop/ros2WS1/install/bot/share/bot/worlds
[0.411s] copying worlds/circle.world -> /home/akshatidk29/Desktop/ros2WS1/install/bot/share/bot/worlds
[0.411s] running install_egg_info
[0.412s] Copying ../../build/bot/bot.egg-info to /home/akshatidk29/Desktop/ros2WS1/install/bot/lib/python3.10/site-packages/bot-0.1.0-py3.10.egg-info
[0.413s] running install_scripts
[0.424s] Installing avoid script to /home/akshatidk29/Desktop/ros2WS1/install/bot/lib/bot
[0.424s] writing list of installed files to '/home/akshatidk29/Desktop/ros2WS1/build/bot/install.log'
[0.442s] Invoked command in '/home/akshatidk29/Desktop/ros2WS1/src/bot' returned '0': PYTHONPATH=/home/akshatidk29/Desktop/ros2WS1/build/bot/prefix_override:/usr/lib/python3/dist-packages/colcon_core/task/python/colcon_distutils_commands:/home/akshatidk29/Desktop/ros2WS1/install/bot/lib/python3.10/site-packages:${PYTHONPATH} /usr/bin/python3 -W ignore:setup.py install is deprecated -W ignore:easy_install command is deprecated setup.py egg_info --egg-base ../../build/bot build --build-base /home/akshatidk29/Desktop/ros2WS1/build/bot/build install --record /home/akshatidk29/Desktop/ros2WS1/build/bot/install.log --single-version-externally-managed install_data
