[0.015s] Invoking command in '/home/silver/Desktop/silver_quick/cs671_2026_hack/swarm_ws/build/swarm_description': CMAKE_PREFIX_PATH=/opt/ros/humble /usr/bin/cmake /home/silver/Desktop/silver_quick/cs671_2026_hack/swarm_ws/src/swarm_description -DCMAKE_INSTALL_PREFIX=/home/silver/Desktop/silver_quick/cs671_2026_hack/swarm_ws/install/swarm_description
[0.145s] -- The C compiler identification is GNU 11.4.0
[0.236s] -- The CXX compiler identification is GNU 11.4.0
[0.314s] -- Detecting C compiler ABI info
[0.440s] -- Detecting C compiler ABI info - done
[0.446s] -- Check for working C compiler: /usr/bin/cc - skipped
[0.449s] -- Detecting C compile features
[0.450s] -- Detecting C compile features - done
[0.454s] -- Detecting CXX compiler ABI info
[0.583s] -- Detecting CXX compiler ABI info - done
[0.603s] -- Check for working CXX compiler: /usr/bin/c++ - skipped
[0.603s] -- Detecting CXX compile features
[0.605s] -- Detecting CXX compile features - done
[0.612s] -- Found ament_cmake: 1.3.14 (/opt/ros/humble/share/ament_cmake/cmake)
[0.886s] -- Found Python3: /usr/bin/python3 (found version "3.10.12") found components: Interpreter 
[1.138s] -- Configuring done
[1.140s] -- Generating done
[1.144s] -- Build files have been written to: /home/silver/Desktop/silver_quick/cs671_2026_hack/swarm_ws/build/swarm_description
[1.150s] Invoked command in '/home/silver/Desktop/silver_quick/cs671_2026_hack/swarm_ws/build/swarm_description' returned '0': CMAKE_PREFIX_PATH=/opt/ros/humble /usr/bin/cmake /home/silver/Desktop/silver_quick/cs671_2026_hack/swarm_ws/src/swarm_description -DCMAKE_INSTALL_PREFIX=/home/silver/Desktop/silver_quick/cs671_2026_hack/swarm_ws/install/swarm_description
[1.152s] Invoking command in '/home/silver/Desktop/silver_quick/cs671_2026_hack/swarm_ws/build/swarm_description': CMAKE_PREFIX_PATH=/opt/ros/humble /usr/bin/cmake --build /home/silver/Desktop/silver_quick/cs671_2026_hack/swarm_ws/build/swarm_description -- -j16 -l16
[1.203s] Invoked command in '/home/silver/Desktop/silver_quick/cs671_2026_hack/swarm_ws/build/swarm_description' returned '0': CMAKE_PREFIX_PATH=/opt/ros/humble /usr/bin/cmake --build /home/silver/Desktop/silver_quick/cs671_2026_hack/swarm_ws/build/swarm_description -- -j16 -l16
[1.217s] Invoking command in '/home/silver/Desktop/silver_quick/cs671_2026_hack/swarm_ws/build/swarm_description': CMAKE_PREFIX_PATH=/opt/ros/humble /usr/bin/cmake --install /home/silver/Desktop/silver_quick/cs671_2026_hack/swarm_ws/build/swarm_description
[1.236s] -- Install configuration: ""
[1.236s] -- Installing: /home/silver/Desktop/silver_quick/cs671_2026_hack/swarm_ws/install/swarm_description/share/swarm_description//urdf
[1.237s] -- Installing: /home/silver/Desktop/silver_quick/cs671_2026_hack/swarm_ws/install/swarm_description/share/swarm_description//urdf/swarm_bot.urdf.xacro
[1.237s] -- Installing: /home/silver/Desktop/silver_quick/cs671_2026_hack/swarm_ws/install/swarm_description/share/swarm_description//launch
[1.238s] -- Installing: /home/silver/Desktop/silver_quick/cs671_2026_hack/swarm_ws/install/swarm_description/share/swarm_description//launch/multi_robot.launch.py
[1.238s] -- Installing: /home/silver/Desktop/silver_quick/cs671_2026_hack/swarm_ws/install/swarm_description/share/swarm_description//worlds
[1.239s] -- Installing: /home/silver/Desktop/silver_quick/cs671_2026_hack/swarm_ws/install/swarm_description/share/swarm_description//worlds/warehouse.world
[1.239s] -- Installing: /home/silver/Desktop/silver_quick/cs671_2026_hack/swarm_ws/install/swarm_description/share/ament_index/resource_index/package_run_dependencies/swarm_description
[1.239s] -- Installing: /home/silver/Desktop/silver_quick/cs671_2026_hack/swarm_ws/install/swarm_description/share/ament_index/resource_index/parent_prefix_path/swarm_description
[1.240s] -- Installing: /home/silver/Desktop/silver_quick/cs671_2026_hack/swarm_ws/install/swarm_description/share/swarm_description/environment/ament_prefix_path.sh
[1.240s] -- Installing: /home/silver/Desktop/silver_quick/cs671_2026_hack/swarm_ws/install/swarm_description/share/swarm_description/environment/ament_prefix_path.dsv
[1.241s] -- Installing: /home/silver/Desktop/silver_quick/cs671_2026_hack/swarm_ws/install/swarm_description/share/swarm_description/environment/path.sh
[1.241s] -- Installing: /home/silver/Desktop/silver_quick/cs671_2026_hack/swarm_ws/install/swarm_description/share/swarm_description/environment/path.dsv
[1.241s] -- Installing: /home/silver/Desktop/silver_quick/cs671_2026_hack/swarm_ws/install/swarm_description/share/swarm_description/local_setup.bash
[1.242s] -- Installing: /home/silver/Desktop/silver_quick/cs671_2026_hack/swarm_ws/install/swarm_description/share/swarm_description/local_setup.sh
[1.242s] -- Installing: /home/silver/Desktop/silver_quick/cs671_2026_hack/swarm_ws/install/swarm_description/share/swarm_description/local_setup.zsh
[1.242s] -- Installing: /home/silver/Desktop/silver_quick/cs671_2026_hack/swarm_ws/install/swarm_description/share/swarm_description/local_setup.dsv
[1.243s] -- Installing: /home/silver/Desktop/silver_quick/cs671_2026_hack/swarm_ws/install/swarm_description/share/swarm_description/package.dsv
[1.243s] -- Installing: /home/silver/Desktop/silver_quick/cs671_2026_hack/swarm_ws/install/swarm_description/share/ament_index/resource_index/packages/swarm_description
[1.244s] -- Installing: /home/silver/Desktop/silver_quick/cs671_2026_hack/swarm_ws/install/swarm_description/share/swarm_description/cmake/swarm_descriptionConfig.cmake
[1.244s] -- Installing: /home/silver/Desktop/silver_quick/cs671_2026_hack/swarm_ws/install/swarm_description/share/swarm_description/cmake/swarm_descriptionConfig-version.cmake
[1.244s] -- Installing: /home/silver/Desktop/silver_quick/cs671_2026_hack/swarm_ws/install/swarm_description/share/swarm_description/package.xml
[1.249s] Invoked command in '/home/silver/Desktop/silver_quick/cs671_2026_hack/swarm_ws/build/swarm_description' returned '0': CMAKE_PREFIX_PATH=/opt/ros/humble /usr/bin/cmake --install /home/silver/Desktop/silver_quick/cs671_2026_hack/swarm_ws/build/swarm_description
