running egg_info
creating ../../build/bot/bot.egg-info
writing ../../build/bot/bot.egg-info/PKG-INFO
writing dependency_links to ../../build/bot/bot.egg-info/dependency_links.txt
writing entry points to ../../build/bot/bot.egg-info/entry_points.txt
writing requirements to ../../build/bot/bot.egg-info/requires.txt
writing top-level names to ../../build/bot/bot.egg-info/top_level.txt
writing manifest file '../../build/bot/bot.egg-info/SOURCES.txt'
reading manifest file '../../build/bot/bot.egg-info/SOURCES.txt'
writing manifest file '../../build/bot/bot.egg-info/SOURCES.txt'
running build
running build_py
creating /home/akshatidk29/Desktop/ros2WS1/build/bot/build
creating /home/akshatidk29/Desktop/ros2WS1/build/bot/build/lib
creating /home/akshatidk29/Desktop/ros2WS1/build/bot/build/lib/bot
copying bot/avoid.py -> /home/akshatidk29/Desktop/ros2WS1/build/bot/build/lib/bot
copying bot/__init__.py -> /home/akshatidk29/Desktop/ros2WS1/build/bot/build/lib/bot
running install
running install_lib
creating /home/akshatidk29/Desktop/ros2WS1/install/bot/lib/python3.10/site-packages/bot
copying /home/akshatidk29/Desktop/ros2WS1/build/bot/build/lib/bot/avoid.py -> /home/akshatidk29/Desktop/ros2WS1/install/bot/lib/python3.10/site-packages/bot
copying /home/akshatidk29/Desktop/ros2WS1/build/bot/build/lib/bot/__init__.py -> /home/akshatidk29/Desktop/ros2WS1/install/bot/lib/python3.10/site-packages/bot
byte-compiling /home/akshatidk29/Desktop/ros2WS1/install/bot/lib/python3.10/site-packages/bot/avoid.py to avoid.cpython-310.pyc
byte-compiling /home/akshatidk29/Desktop/ros2WS1/install/bot/lib/python3.10/site-packages/bot/__init__.py to __init__.cpython-310.pyc
running install_data
creating /home/akshatidk29/Desktop/ros2WS1/install/bot/share/ament_index
creating /home/akshatidk29/Desktop/ros2WS1/install/bot/share/ament_index/resource_index
creating /home/akshatidk29/Desktop/ros2WS1/install/bot/share/ament_index/resource_index/packages
copying resource/bot -> /home/akshatidk29/Desktop/ros2WS1/install/bot/share/ament_index/resource_index/packages
copying package.xml -> /home/akshatidk29/Desktop/ros2WS1/install/bot/share/bot
running install_egg_info
Copying ../../build/bot/bot.egg-info to /home/akshatidk29/Desktop/ros2WS1/install/bot/lib/python3.10/site-packages/bot-0.0.0-py3.10.egg-info
running install_scripts
Installing avoid script to /home/akshatidk29/Desktop/ros2WS1/install/bot/lib/bot
writing list of installed files to '/home/akshatidk29/Desktop/ros2WS1/build/bot/install.log'
