[0.000000] (-) TimerEvent: {}
[0.000371] (collector_bot) JobQueued: {'identifier': 'collector_bot', 'dependencies': OrderedDict()}
[0.000466] (collector_bot) JobStarted: {'identifier': 'collector_bot'}
[0.099793] (-) TimerEvent: {}
[0.200042] (-) TimerEvent: {}
[0.300365] (-) TimerEvent: {}
[0.316373] (collector_bot) Command: {'cmd': ['/usr/bin/python3', '-W', 'ignore:setup.py install is deprecated', '-W', 'ignore:easy_install command is deprecated', 'setup.py', 'develop', '--editable', '--build-directory', '/home/akshatidk29/Desktop/rosWS3/build/collector_bot/build', '--no-deps', 'symlink_data', '--force'], 'cwd': '/home/akshatidk29/Desktop/rosWS3/build/collector_bot', 'env': {'GJS_DEBUG_TOPICS': 'JS ERROR;JS LOG', 'VSCODE_CWD': '/home/akshatidk29', 'LANGUAGE': 'en_IN:en', 'USER': 'akshatidk29', 'VSCODE_NLS_CONFIG': '{"userLocale":"en-gb","osLocale":"en-in","resolvedLanguage":"en","defaultMessagesFile":"/usr/share/antigravity/resources/app/out/nls.messages.json","locale":"en-gb","availableLanguages":{}}', 'XDG_SESSION_TYPE': 'wayland', 'SHLVL': '1', 'LD_LIBRARY_PATH': '/usr/lib/x86_64-linux-gnu/gazebo-11/plugins:/opt/ros/humble/lib/x86_64-linux-gnu:/opt/ros/humble/lib', 'HOME': '/home/akshatidk29', 'CHROME_DESKTOP': 'antigravity.desktop', 'OLDPWD': '/home/akshatidk29/Desktop/rosWS3', 'DESKTOP_SESSION': 'ubuntu', 'VSCODE_IPC_HOOK': '/run/user/1000/vscode-5f4c2a94-1.10-main.sock', 'GIO_LAUNCHED_DESKTOP_FILE': '/usr/share/applications/antigravity.desktop', 'ROS_PYTHON_VERSION': '3', 'GNOME_SHELL_SESSION_MODE': 'ubuntu', 'GTK_MODULES': 'gail:atk-bridge', 'PAGER': 'cat', 'MANAGERPID': '1155', 'SYSTEMD_EXEC_PID': '1322', 'DBUS_SESSION_BUS_ADDRESS': 'unix:path=/run/user/1000/bus', 'ANTIGRAVITY_AGENT': '1', 'GIO_LAUNCHED_DESKTOP_FILE_PID': '49332', 'IM_CONFIG_PHASE': '1', 'WAYLAND_DISPLAY': 'wayland-0', 'ROS_DISTRO': 'humble', 'LOGNAME': 'akshatidk29', 'JOURNAL_STREAM': '8:18560', '_': '/usr/bin/colcon', 'ROS_VERSION': '2', 'XDG_SESSION_CLASS': 'user', 'USERNAME': 'akshatidk29', 'TERM': 'dumb', 'GNOME_DESKTOP_SESSION_ID': 'this-is-deprecated', 'FC_FONTATIONS': '1', 'ROS_LOCALHOST_ONLY': '0', 'ANTIGRAVITY_EDITOR_APP_ROOT': '/usr/share/antigravity/resources/app', 'PATH': '/opt/ros/humble/bin:/usr/local/sbin:/usr/local/bin:/usr/sbin:/usr/bin:/sbin:/bin:/usr/games:/usr/local/games:/snap/bin:/snap/bin', 'SESSION_MANAGER': 'local/omen:@/tmp/.ICE-unix/1279,unix/omen:/tmp/.ICE-unix/1279', 'INVOCATION_ID': '36a44474d7034aa9a6b99fae999d98dd', 'XDG_MENU_PREFIX': 'gnome-', 'GNOME_SETUP_DISPLAY': ':1', 'XDG_RUNTIME_DIR': '/run/user/1000', 'GDK_BACKEND': 'wayland', 'DISPLAY': ':0', 'LANG': 'en_US.UTF-8', 'XDG_CURRENT_DESKTOP': 'ubuntu:GNOME', 'XMODIFIERS': '@im=ibus', 'XDG_SESSION_DESKTOP': 'ubuntu', 'XAUTHORITY': '/run/user/1000/.mutter-Xwaylandauth.LVC8N3', 'SSH_AGENT_LAUNCHER': 'gnome-keyring', 'SSH_AUTH_SOCK': '/run/user/1000/keyring/ssh', 'AMENT_PREFIX_PATH': '/opt/ros/humble', 'SHELL': '/bin/bash', 'QT_ACCESSIBILITY': '1', 'GDMSESSION': 'ubuntu', 'GJS_DEBUG_OUTPUT': 'stderr', 'QT_IM_MODULE': 'ibus', 'ANTIGRAVITY_TRAJECTORY_ID': '09637e61-a47d-4acf-92d4-f71d36d09aae', 'PWD': '/home/akshatidk29/Desktop/rosWS3/build/collector_bot', 'LC_ALL': 'en_US.UTF-8', 'XDG_CONFIG_DIRS': '/etc/xdg/xdg-ubuntu:/etc/xdg', 'VSCODE_CODE_CACHE_PATH': '/home/akshatidk29/.config/Antigravity/CachedData/62335c71d47037adf0a8de54e250bb8ea6016b15', 'XDG_DATA_DIRS': '/usr/share/ubuntu:/usr/local/share/:/usr/share/:/var/lib/snapd/desktop', 'PYTHONPATH': '/home/akshatidk29/Desktop/rosWS3/build/collector_bot/prefix_override:/usr/lib/python3/dist-packages/colcon_core/task/python/colcon_distutils_commands:/home/akshatidk29/Desktop/rosWS3/install/collector_bot/lib/python3.10/site-packages:/opt/ros/humble/lib/python3.10/site-packages:/opt/ros/humble/local/lib/python3.10/dist-packages', 'COLCON': '1', 'VSCODE_PID': '49332'}, 'shell': False}
[0.400465] (-) TimerEvent: {}
[0.452691] (collector_bot) StdoutLine: {'line': b'running develop\n'}
[0.500549] (-) TimerEvent: {}
[0.512529] (collector_bot) StdoutLine: {'line': b'running egg_info\n'}
[0.512758] (collector_bot) StdoutLine: {'line': b'writing collector_bot.egg-info/PKG-INFO\n'}
[0.513354] (collector_bot) StdoutLine: {'line': b'writing dependency_links to collector_bot.egg-info/dependency_links.txt\n'}
[0.513467] (collector_bot) StdoutLine: {'line': b'writing entry points to collector_bot.egg-info/entry_points.txt\n'}
[0.513527] (collector_bot) StdoutLine: {'line': b'writing requirements to collector_bot.egg-info/requires.txt\n'}
[0.513576] (collector_bot) StdoutLine: {'line': b'writing top-level names to collector_bot.egg-info/top_level.txt\n'}
[0.514214] (collector_bot) StdoutLine: {'line': b"reading manifest file 'collector_bot.egg-info/SOURCES.txt'\n"}
[0.517422] (collector_bot) StdoutLine: {'line': b"writing manifest file 'collector_bot.egg-info/SOURCES.txt'\n"}
[0.518306] (collector_bot) StdoutLine: {'line': b'running build_ext\n'}
[0.518433] (collector_bot) StdoutLine: {'line': b'Creating /home/akshatidk29/Desktop/rosWS3/install/collector_bot/lib/python3.10/site-packages/collector-bot.egg-link (link to .)\n'}
[0.519018] (collector_bot) StdoutLine: {'line': b'Installing brain script to /home/akshatidk29/Desktop/rosWS3/install/collector_bot/lib/collector_bot\n'}
[0.519195] (collector_bot) StdoutLine: {'line': b'\n'}
[0.519285] (collector_bot) StdoutLine: {'line': b'Installed /home/akshatidk29/Desktop/rosWS3/build/collector_bot\n'}
[0.519332] (collector_bot) StdoutLine: {'line': b'running symlink_data\n'}
[0.519533] (collector_bot) StdoutLine: {'line': b'symbolically linking /home/akshatidk29/Desktop/rosWS3/build/collector_bot/resource/collector_bot -> /home/akshatidk29/Desktop/rosWS3/install/collector_bot/share/ament_index/resource_index/packages\n'}
[0.519613] (collector_bot) StdoutLine: {'line': b'symbolically linking /home/akshatidk29/Desktop/rosWS3/build/collector_bot/package.xml -> /home/akshatidk29/Desktop/rosWS3/install/collector_bot/share/collector_bot\n'}
[0.519653] (collector_bot) StdoutLine: {'line': b'symbolically linking /home/akshatidk29/Desktop/rosWS3/build/collector_bot/launch/simulation.launch.py -> /home/akshatidk29/Desktop/rosWS3/install/collector_bot/share/collector_bot/launch\n'}
[0.519817] (collector_bot) StdoutLine: {'line': b'symbolically linking /home/akshatidk29/Desktop/rosWS3/build/collector_bot/launch/spawn_robot.launch.py -> /home/akshatidk29/Desktop/rosWS3/install/collector_bot/share/collector_bot/launch\n'}
[0.519873] (collector_bot) StdoutLine: {'line': b'symbolically linking /home/akshatidk29/Desktop/rosWS3/build/collector_bot/urdf/robot.urdf.xacro -> /home/akshatidk29/Desktop/rosWS3/install/collector_bot/share/collector_bot/urdf\n'}
[0.519924] (collector_bot) StdoutLine: {'line': b'symbolically linking /home/akshatidk29/Desktop/rosWS3/build/collector_bot/worlds/arena.world -> /home/akshatidk29/Desktop/rosWS3/install/collector_bot/share/collector_bot/worlds\n'}
[0.543985] (collector_bot) CommandEnded: {'returncode': 0}
[0.552369] (collector_bot) JobEnded: {'identifier': 'collector_bot', 'rc': 0}
[0.552942] (-) EventReactorShutdown: {}
