-- Install configuration: ""
-- Up-to-date: /home/silver/Desktop/silver_quick/cs671_2026_hack/swarm_ws/install/swarm_description/share/swarm_description//urdf
-- Up-to-date: /home/silver/Desktop/silver_quick/cs671_2026_hack/swarm_ws/install/swarm_description/share/swarm_description//urdf/swarm_bot.urdf.xacro
-- Up-to-date: /home/silver/Desktop/silver_quick/cs671_2026_hack/swarm_ws/install/swarm_description/share/swarm_description//launch
-- Up-to-date: /home/silver/Desktop/silver_quick/cs671_2026_hack/swarm_ws/install/swarm_description/share/swarm_description//launch/multi_robot.launch.py
-- Up-to-date: /home/silver/Desktop/silver_quick/cs671_2026_hack/swarm_ws/install/swarm_description/share/swarm_description//worlds
-- Installing: /home/silver/Desktop/silver_quick/cs671_2026_hack/swarm_ws/install/swarm_description/share/swarm_description//worlds/warehouse.world
-- Up-to-date: /home/silver/Desktop/silver_quick/cs671_2026_hack/swarm_ws/install/swarm_description/share/ament_index/resource_index/package_run_dependencies/swarm_description
-- Up-to-date: /home/silver/Desktop/silver_quick/cs671_2026_hack/swarm_ws/install/swarm_description/share/ament_index/resource_index/parent_prefix_path/swarm_description
-- Up-to-date: /home/silver/Desktop/silver_quick/cs671_2026_hack/swarm_ws/install/swarm_description/share/swarm_description/environment/ament_prefix_path.sh
-- Up-to-date: /home/silver/Desktop/silver_quick/cs671_2026_hack/swarm_ws/install/swarm_description/share/swarm_description/environment/ament_prefix_path.dsv
-- Up-to-date: /home/silver/Desktop/silver_quick/cs671_2026_hack/swarm_ws/install/swarm_description/share/swarm_description/environment/path.sh
-- Up-to-date: /home/silver/Desktop/silver_quick/cs671_2026_hack/swarm_ws/install/swarm_description/share/swarm_description/environment/path.dsv
-- Up-to-date: /home/silver/Desktop/silver_quick/cs671_2026_hack/swarm_ws/install/swarm_description/share/swarm_description/local_setup.bash
-- Up-to-date: /home/silver/Desktop/silver_quick/cs671_2026_hack/swarm_ws/install/swarm_description/share/swarm_description/local_setup.sh
-- Up-to-date: /home/silver/Desktop/silver_quick/cs671_2026_hack/swarm_ws/install/swarm_description/share/swarm_description/local_setup.zsh
-- Up-to-date: /home/silver/Desktop/silver_quick/cs671_2026_hack/swarm_ws/install/swarm_description/share/swarm_description/local_setup.dsv
-- Installing: /home/silver/Desktop/silver_quick/cs671_2026_hack/swarm_ws/install/swarm_description/share/swarm_description/package.dsv
-- Up-to-date: /home/silver/Desktop/silver_quick/cs671_2026_hack/swarm_ws/install/swarm_description/share/ament_index/resource_index/packages/swarm_description
-- Up-to-date: /home/silver/Desktop/silver_quick/cs671_2026_hack/swarm_ws/install/swarm_description/share/swarm_description/cmake/swarm_descriptionConfig.cmake
-- Up-to-date: /home/silver/Desktop/silver_quick/cs671_2026_hack/swarm_ws/install/swarm_description/share/swarm_description/cmake/swarm_descriptionConfig-version.cmake
-- Up-to-date: /home/silver/Desktop/silver_quick/cs671_2026_hack/swarm_ws/install/swarm_description/share/swarm_description/package.xml
