[0.684s] Invoking command in '/home/silver/Desktop/silver_quick/cs671_2026_hack/swarm_ws/src/swarm_nav': PYTHONPATH=/home/silver/Desktop/silver_quick/cs671_2026_hack/swarm_ws/build/swarm_nav/prefix_override:/usr/lib/python3/dist-packages/colcon_core/task/python/colcon_distutils_commands:/home/silver/Desktop/silver_quick/cs671_2026_hack/swarm_ws/install/swarm_nav/lib/python3.10/site-packages:${PYTHONPATH} /usr/bin/python3 -W ignore:setup.py install is deprecated -W ignore:easy_install command is deprecated setup.py egg_info --egg-base ../../build/swarm_nav build --build-base /home/silver/Desktop/silver_quick/cs671_2026_hack/swarm_ws/build/swarm_nav/build install --record /home/silver/Desktop/silver_quick/cs671_2026_hack/swarm_ws/build/swarm_nav/install.log --single-version-externally-managed install_data
[0.930s] running egg_info
[0.931s] writing ../../build/swarm_nav/swarm_nav.egg-info/PKG-INFO
[0.931s] writing dependency_links to ../../build/swarm_nav/swarm_nav.egg-info/dependency_links.txt
[0.931s] writing entry points to ../../build/swarm_nav/swarm_nav.egg-info/entry_points.txt
[0.932s] writing requirements to ../../build/swarm_nav/swarm_nav.egg-info/requires.txt
[0.932s] writing top-level names to ../../build/swarm_nav/swarm_nav.egg-info/top_level.txt
[0.942s] reading manifest file '../../build/swarm_nav/swarm_nav.egg-info/SOURCES.txt'
[0.943s] writing manifest file '../../build/swarm_nav/swarm_nav.egg-info/SOURCES.txt'
[0.943s] running build
[0.944s] running build_py
[0.944s] copying swarm_nav/sorting_node.py -> /home/silver/Desktop/silver_quick/cs671_2026_hack/swarm_ws/build/swarm_nav/build/lib/swarm_nav
[0.945s] running install
[0.946s] running install_lib
[0.948s] copying /home/silver/Desktop/silver_quick/cs671_2026_hack/swarm_ws/build/swarm_nav/build/lib/swarm_nav/sorting_node.py -> /home/silver/Desktop/silver_quick/cs671_2026_hack/swarm_ws/install/swarm_nav/lib/python3.10/site-packages/swarm_nav
[0.950s] byte-compiling /home/silver/Desktop/silver_quick/cs671_2026_hack/swarm_ws/install/swarm_nav/lib/python3.10/site-packages/swarm_nav/sorting_node.py to sorting_node.cpython-310.pyc
[0.954s] running install_data
[0.954s] running install_egg_info
[0.957s] removing '/home/silver/Desktop/silver_quick/cs671_2026_hack/swarm_ws/install/swarm_nav/lib/python3.10/site-packages/swarm_nav-0.0.0-py3.10.egg-info' (and everything under it)
[0.957s] Copying ../../build/swarm_nav/swarm_nav.egg-info to /home/silver/Desktop/silver_quick/cs671_2026_hack/swarm_ws/install/swarm_nav/lib/python3.10/site-packages/swarm_nav-0.0.0-py3.10.egg-info
[0.958s] running install_scripts
[0.983s] Installing randomizer_node script to /home/silver/Desktop/silver_quick/cs671_2026_hack/swarm_ws/install/swarm_nav/lib/swarm_nav
[0.983s] Installing sorting_node script to /home/silver/Desktop/silver_quick/cs671_2026_hack/swarm_ws/install/swarm_nav/lib/swarm_nav
[0.983s] writing list of installed files to '/home/silver/Desktop/silver_quick/cs671_2026_hack/swarm_ws/build/swarm_nav/install.log'
[1.035s] Invoked command in '/home/silver/Desktop/silver_quick/cs671_2026_hack/swarm_ws/src/swarm_nav' returned '0': PYTHONPATH=/home/silver/Desktop/silver_quick/cs671_2026_hack/swarm_ws/build/swarm_nav/prefix_override:/usr/lib/python3/dist-packages/colcon_core/task/python/colcon_distutils_commands:/home/silver/Desktop/silver_quick/cs671_2026_hack/swarm_ws/install/swarm_nav/lib/python3.10/site-packages:${PYTHONPATH} /usr/bin/python3 -W ignore:setup.py install is deprecated -W ignore:easy_install command is deprecated setup.py egg_info --egg-base ../../build/swarm_nav build --build-base /home/silver/Desktop/silver_quick/cs671_2026_hack/swarm_ws/build/swarm_nav/build install --record /home/silver/Desktop/silver_quick/cs671_2026_hack/swarm_ws/build/swarm_nav/install.log --single-version-externally-managed install_data
