[0.383s] Invoking command in '/home/akshatidk29/Desktop/rosWS3/build/collector_bot': PYTHONPATH=/home/akshatidk29/Desktop/rosWS3/build/collector_bot/prefix_override:/usr/lib/python3/dist-packages/colcon_core/task/python/colcon_distutils_commands:/home/akshatidk29/Desktop/rosWS3/install/collector_bot/lib/python3.10/site-packages:${PYTHONPATH} /usr/bin/python3 -W ignore:setup.py install is deprecated -W ignore:easy_install command is deprecated setup.py develop --editable --build-directory /home/akshatidk29/Desktop/rosWS3/build/collector_bot/build --no-deps symlink_data
[0.529s] running develop
[0.593s] running egg_info
[0.593s] creating collector_bot.egg-info
[0.594s] writing collector_bot.egg-info/PKG-INFO
[0.594s] writing dependency_links to collector_bot.egg-info/dependency_links.txt
[0.594s] writing entry points to collector_bot.egg-info/entry_points.txt
[0.594s] writing requirements to collector_bot.egg-info/requires.txt
[0.594s] writing top-level names to collector_bot.egg-info/top_level.txt
[0.594s] writing manifest file 'collector_bot.egg-info/SOURCES.txt'
[0.595s] reading manifest file 'collector_bot.egg-info/SOURCES.txt'
[0.596s] writing manifest file 'collector_bot.egg-info/SOURCES.txt'
[0.597s] running build_ext
[0.597s] Creating /home/akshatidk29/Desktop/rosWS3/install/collector_bot/lib/python3.10/site-packages/collector-bot.egg-link (link to .)
[0.597s] Installing brain script to /home/akshatidk29/Desktop/rosWS3/install/collector_bot/lib/collector_bot
[0.598s] 
[0.598s] Installed /home/akshatidk29/Desktop/rosWS3/build/collector_bot
[0.598s] running symlink_data
[0.598s] creating /home/akshatidk29/Desktop/rosWS3/install/collector_bot/share/ament_index
[0.598s] creating /home/akshatidk29/Desktop/rosWS3/install/collector_bot/share/ament_index/resource_index
[0.598s] creating /home/akshatidk29/Desktop/rosWS3/install/collector_bot/share/ament_index/resource_index/packages
[0.598s] symbolically linking /home/akshatidk29/Desktop/rosWS3/build/collector_bot/resource/collector_bot -> /home/akshatidk29/Desktop/rosWS3/install/collector_bot/share/ament_index/resource_index/packages
[0.598s] symbolically linking /home/akshatidk29/Desktop/rosWS3/build/collector_bot/package.xml -> /home/akshatidk29/Desktop/rosWS3/install/collector_bot/share/collector_bot
[0.598s] creating /home/akshatidk29/Desktop/rosWS3/install/collector_bot/share/collector_bot/launch
[0.598s] symbolically linking /home/akshatidk29/Desktop/rosWS3/build/collector_bot/launch/simulation.launch.py -> /home/akshatidk29/Desktop/rosWS3/install/collector_bot/share/collector_bot/launch
[0.598s] symbolically linking /home/akshatidk29/Desktop/rosWS3/build/collector_bot/launch/spawn_robot.launch.py -> /home/akshatidk29/Desktop/rosWS3/install/collector_bot/share/collector_bot/launch
[0.598s] creating /home/akshatidk29/Desktop/rosWS3/install/collector_bot/share/collector_bot/urdf
[0.599s] symbolically linking /home/akshatidk29/Desktop/rosWS3/build/collector_bot/urdf/robot.urdf.xacro -> /home/akshatidk29/Desktop/rosWS3/install/collector_bot/share/collector_bot/urdf
[0.599s] creating /home/akshatidk29/Desktop/rosWS3/install/collector_bot/share/collector_bot/worlds
[0.599s] symbolically linking /home/akshatidk29/Desktop/rosWS3/build/collector_bot/worlds/arena.world -> /home/akshatidk29/Desktop/rosWS3/install/collector_bot/share/collector_bot/worlds
[0.642s] Invoked command in '/home/akshatidk29/Desktop/rosWS3/build/collector_bot' returned '0': PYTHONPATH=/home/akshatidk29/Desktop/rosWS3/build/collector_bot/prefix_override:/usr/lib/python3/dist-packages/colcon_core/task/python/colcon_distutils_commands:/home/akshatidk29/Desktop/rosWS3/install/collector_bot/lib/python3.10/site-packages:${PYTHONPATH} /usr/bin/python3 -W ignore:setup.py install is deprecated -W ignore:easy_install command is deprecated setup.py develop --editable --build-directory /home/akshatidk29/Desktop/rosWS3/build/collector_bot/build --no-deps symlink_data
