[0.000000] (-) TimerEvent: {}
[0.000247] (bot) JobQueued: {'identifier': 'bot', 'dependencies': OrderedDict()}
[0.000272] (bot) JobStarted: {'identifier': 'bot'}
[0.099501] (-) TimerEvent: {}
[0.199798] (-) TimerEvent: {}
[0.290772] (bot) Command: {'cmd': ['/usr/bin/python3', '-W', 'ignore:setup.py install is deprecated', '-W', 'ignore:easy_install command is deprecated', 'setup.py', 'egg_info', '--egg-base', '../../build/bot', 'build', '--build-base', '/home/akshatidk29/Desktop/ros2WS1/build/bot/build', 'install', '--record', '/home/akshatidk29/Desktop/ros2WS1/build/bot/install.log', '--single-version-externally-managed', 'install_data'], 'cwd': '/home/akshatidk29/Desktop/ros2WS1/src/bot', 'env': {'GJS_DEBUG_TOPICS': 'JS ERROR;JS LOG', 'VSCODE_CWD': '/home/akshatidk29', 'LANGUAGE': 'en_IN:en', 'USER': 'akshatidk29', 'VSCODE_NLS_CONFIG': '{"userLocale":"en-gb","osLocale":"en-in","resolvedLanguage":"en","defaultMessagesFile":"/usr/share/antigravity/resources/app/out/nls.messages.json","locale":"en-gb","availableLanguages":{}}', 'XDG_SESSION_TYPE': 'wayland', 'SHLVL': '1', 'LD_LIBRARY_PATH': '/usr/lib/x86_64-linux-gnu/gazebo-11/plugins:/opt/ros/humble/lib/x86_64-linux-gnu:/opt/ros/humble/lib', 'HOME': '/home/akshatidk29', 'CHROME_DESKTOP': 'antigravity.desktop', 'OLDPWD': '/home/akshatidk29/Desktop/ros2WS1', 'DESKTOP_SESSION': 'ubuntu', 'VSCODE_IPC_HOOK': '/run/user/1000/vscode-5f4c2a94-1.10-main.sock', 'GIO_LAUNCHED_DESKTOP_FILE': '/usr/share/applications/antigravity.desktop', 'ROS_PYTHON_VERSION': '3', 'GNOME_SHELL_SESSION_MODE': 'ubuntu', 'GTK_MODULES': 'gail:atk-bridge', 'PAGER': 'cat', 'MANAGERPID': '1123', 'SYSTEMD_EXEC_PID': '1289', 'DBUS_SESSION_BUS_ADDRESS': 'unix:path=/run/user/1000/bus', 'ANTIGRAVITY_AGENT': '1', 'GIO_LAUNCHED_DESKTOP_FILE_PID': '65702', 'IM_CONFIG_PHASE': '1', 'WAYLAND_DISPLAY': 'wayland-0', 'ROS_DISTRO': 'humble', 'LOGNAME': 'akshatidk29', 'JOURNAL_STREAM': '8:13655', '_': '/usr/bin/colcon', 'ROS_VERSION': '2', 'XDG_SESSION_CLASS': 'user', 'USERNAME': 'akshatidk29', 'TERM': 'dumb', 'GNOME_DESKTOP_SESSION_ID': 'this-is-deprecated', 'FC_FONTATIONS': '1', 'ROS_LOCALHOST_ONLY': '0', 'ANTIGRAVITY_EDITOR_APP_ROOT': '/usr/share/antigravity/resources/app', 'PATH': '/opt/ros/humble/bin:/usr/local/sbin:/usr/local/bin:/usr/sbin:/usr/bin:/sbin:/bin:/usr/games:/usr/local/games:/snap/bin:/snap/bin', 'SESSION_MANAGER': 'local/omen:@/tmp/.ICE-unix/1247,unix/omen:/tmp/.ICE-unix/1247', 'INVOCATION_ID': '4b8cf21acdb84d9d911352d5c0c6852e', 'XDG_MENU_PREFIX': 'gnome-', 'GNOME_SETUP_DISPLAY': ':1', 'XDG_RUNTIME_DIR': '/run/user/1000', 'GDK_BACKEND': 'wayland', 'DISPLAY': ':0', 'LANG': 'en_IN', 'XDG_CURRENT_DESKTOP': 'ubuntu:GNOME', 'XMODIFIERS': '@im=ibus', 'XDG_SESSION_DESKTOP': 'ubuntu', 'XAUTHORITY': '/run/user/1000/.mutter-Xwaylandauth.90JYN3', 'SSH_AGENT_LAUNCHER': 'gnome-keyring', 'SSH_AUTH_SOCK': '/run/user/1000/keyring/ssh', 'AMENT_PREFIX_PATH': '/opt/ros/humble', 'SHELL': '/bin/bash', 'QT_ACCESSIBILITY': '1', 'GDMSESSION': 'ubuntu', 'GJS_DEBUG_OUTPUT': 'stderr', 'QT_IM_MODULE': 'ibus', 'ANTIGRAVITY_TRAJECTORY_ID': '09637e61-a47d-4acf-92d4-f71d36d09aae', 'PWD': '/home/akshatidk29/Desktop/ros2WS1/build/bot', 'XDG_CONFIG_DIRS': '/etc/xdg/xdg-ubuntu:/etc/xdg', 'VSCODE_CODE_CACHE_PATH': '/home/akshatidk29/.config/Antigravity/CachedData/62335c71d47037adf0a8de54e250bb8ea6016b15', 'XDG_DATA_DIRS': '/usr/share/ubuntu:/usr/local/share/:/usr/share/:/var/lib/snapd/desktop', 'PYTHONPATH': '/home/akshatidk29/Desktop/ros2WS1/build/bot/prefix_override:/usr/lib/python3/dist-packages/colcon_core/task/python/colcon_distutils_commands:/home/akshatidk29/Desktop/ros2WS1/install/bot/lib/python3.10/site-packages:/opt/ros/humble/lib/python3.10/site-packages:/opt/ros/humble/local/lib/python3.10/dist-packages', 'COLCON': '1', 'VSCODE_PID': '65702'}, 'shell': False}
[0.299858] (-) TimerEvent: {}
[0.400058] (-) TimerEvent: {}
[0.404206] (bot) StdoutLine: {'line': b'running egg_info\n'}
[0.404494] (bot) StdoutLine: {'line': b'writing ../../build/bot/bot.egg-info/PKG-INFO\n'}
[0.404673] (bot) StdoutLine: {'line': b'writing dependency_links to ../../build/bot/bot.egg-info/dependency_links.txt\n'}
[0.404760] (bot) StdoutLine: {'line': b'writing entry points to ../../build/bot/bot.egg-info/entry_points.txt\n'}
[0.404831] (bot) StdoutLine: {'line': b'writing requirements to ../../build/bot/bot.egg-info/requires.txt\n'}
[0.404881] (bot) StdoutLine: {'line': b'writing top-level names to ../../build/bot/bot.egg-info/top_level.txt\n'}
[0.405812] (bot) StdoutLine: {'line': b"reading manifest file '../../build/bot/bot.egg-info/SOURCES.txt'\n"}
[0.406285] (bot) StdoutLine: {'line': b"writing manifest file '../../build/bot/bot.egg-info/SOURCES.txt'\n"}
[0.406368] (bot) StdoutLine: {'line': b'running build\n'}
[0.406404] (bot) StdoutLine: {'line': b'running build_py\n'}
[0.406519] (bot) StdoutLine: {'line': b'running install\n'}
[0.406690] (bot) StdoutLine: {'line': b'running install_lib\n'}
[0.407284] (bot) StdoutLine: {'line': b'running install_data\n'}
[0.407407] (bot) StdoutLine: {'line': b'copying launch/spawn_bot.launch.py -> /home/akshatidk29/Desktop/ros2WS1/install/bot/share/bot/launch\n'}
[0.407538] (bot) StdoutLine: {'line': b'running install_egg_info\n'}
[0.408495] (bot) StdoutLine: {'line': b"removing '/home/akshatidk29/Desktop/ros2WS1/install/bot/lib/python3.10/site-packages/bot-0.1.0-py3.10.egg-info' (and everything under it)\n"}
[0.408729] (bot) StdoutLine: {'line': b'Copying ../../build/bot/bot.egg-info to /home/akshatidk29/Desktop/ros2WS1/install/bot/lib/python3.10/site-packages/bot-0.1.0-py3.10.egg-info\n'}
[0.409211] (bot) StdoutLine: {'line': b'running install_scripts\n'}
[0.420786] (bot) StdoutLine: {'line': b'Installing avoid script to /home/akshatidk29/Desktop/ros2WS1/install/bot/lib/bot\n'}
[0.421032] (bot) StdoutLine: {'line': b"writing list of installed files to '/home/akshatidk29/Desktop/ros2WS1/build/bot/install.log'\n"}
[0.436926] (bot) CommandEnded: {'returncode': 0}
[0.443493] (bot) JobEnded: {'identifier': 'bot', 'rc': 0}
[0.444150] (-) EventReactorShutdown: {}
