[0.000000] (-) TimerEvent: {}
[0.000255] (-) JobUnselected: {'identifier': 'swarm_description'}
[0.000294] (swarm_nav) JobQueued: {'identifier': 'swarm_nav', 'dependencies': OrderedDict()}
[0.000308] (swarm_nav) JobStarted: {'identifier': 'swarm_nav'}
[0.099536] (-) TimerEvent: {}
[0.200052] (-) TimerEvent: {}
[0.300321] (-) TimerEvent: {}
[0.400631] (-) TimerEvent: {}
[0.410226] (swarm_nav) Command: {'cmd': ['/usr/bin/python3', '-W', 'ignore:setup.py install is deprecated', '-W', 'ignore:easy_install command is deprecated', 'setup.py', 'egg_info', '--egg-base', '../../build/swarm_nav', 'build', '--build-base', '/home/silver/Desktop/silver_quick/cs671_2026_hack/swarm_ws/build/swarm_nav/build', 'install', '--record', '/home/silver/Desktop/silver_quick/cs671_2026_hack/swarm_ws/build/swarm_nav/install.log', '--single-version-externally-managed', 'install_data'], 'cwd': '/home/silver/Desktop/silver_quick/cs671_2026_hack/swarm_ws/src/swarm_nav', 'env': {'GJS_DEBUG_TOPICS': 'JS ERROR;JS LOG', 'LESSOPEN': '| /usr/bin/lesspipe %s', 'VSCODE_CWD': '/home/silver', 'LANGUAGE': 'en_IN:en', 'USER': 'silver', 'VSCODE_NLS_CONFIG': '{"userLocale":"en-gb","osLocale":"en-in","resolvedLanguage":"en","defaultMessagesFile":"/usr/share/antigravity/resources/app/out/nls.messages.json","locale":"en-gb","availableLanguages":{}}', 'XDG_SESSION_TYPE': 'x11', 'SHLVL': '0', 'LD_LIBRARY_PATH': '/usr/lib/x86_64-linux-gnu/gazebo-11/plugins:/opt/ros/humble/opt/rviz_ogre_vendor/lib:/opt/ros/humble/lib/x86_64-linux-gnu:/opt/ros/humble/lib', 'HOME': '/home/silver', 'CHROME_DESKTOP': 'antigravity.desktop', 'DESKTOP_SESSION': 'ubuntu', 'VSCODE_IPC_HOOK': '/run/user/1000/vscode-acdca91d-1.10-main.sock', 'GIO_LAUNCHED_DESKTOP_FILE': '/usr/share/applications/antigravity.desktop', 'ROS_PYTHON_VERSION': '3', 'GNOME_SHELL_SESSION_MODE': 'ubuntu', 'GTK_MODULES': 'gail:atk-bridge', 'PAGER': 'cat', 'MANAGERPID': '1551', 'SYSTEMD_EXEC_PID': '1890', 'DBUS_SESSION_BUS_ADDRESS': 'unix:path=/run/user/1000/bus', 'ANTIGRAVITY_AGENT': '1', 'GIO_LAUNCHED_DESKTOP_FILE_PID': '3039', 'ROS_DISTRO': 'humble', 'GTK_IM_MODULE': 'ibus', 'LOGNAME': 'silver', '_': '/usr/bin/colcon', 'JOURNAL_STREAM': '8:443', 'ROS_VERSION': '2', 'XDG_SESSION_CLASS': 'user', 'USERNAME': 'silver', 'TERM': 'dumb', 'GAZEBO_MODEL_PATH': '/opt/ros/humble/share/turtlebot3_gazebo/models', 'GNOME_DESKTOP_SESSION_ID': 'this-is-deprecated', 'FC_FONTATIONS': '1', 'ROS_LOCALHOST_ONLY': '0', 'WINDOWPATH': '2', 'ANTIGRAVITY_EDITOR_APP_ROOT': '/usr/share/antigravity/resources/app', 'PATH': '/opt/ros/humble/bin:/usr/local/sbin:/usr/local/bin:/usr/sbin:/usr/bin:/sbin:/bin:/usr/games:/usr/local/games:/snap/bin:/snap/bin', 'SESSION_MANAGER': 'local/silver-Victus-by-HP-Gaming-Laptop-15-fa2xxx:@/tmp/.ICE-unix/1863,unix/silver-Victus-by-HP-Gaming-Laptop-15-fa2xxx:/tmp/.ICE-unix/1863', 'INVOCATION_ID': '24ca106350d544c38664a3b8dd77bb74', 'XDG_MENU_PREFIX': 'gnome-', 'XDG_RUNTIME_DIR': '/run/user/1000', 'GDK_BACKEND': 'x11', 'DISPLAY': ':1', 'LANG': 'en_US.UTF-8', 'XDG_CURRENT_DESKTOP': 'ubuntu:GNOME', 'XMODIFIERS': '@im=ibus', 'XDG_SESSION_DESKTOP': 'ubuntu', 'XAUTHORITY': '/run/user/1000/gdm/Xauthority', 'LS_COLORS': '', 'SSH_AGENT_LAUNCHER': 'gnome-keyring', 'SSH_AUTH_SOCK': '/run/user/1000/keyring/ssh', 'AMENT_PREFIX_PATH': '/opt/ros/humble', 'SHELL': '/bin/bash', 'QT_ACCESSIBILITY': '1', 'GDMSESSION': 'ubuntu', 'LESSCLOSE': '/usr/bin/lesspipe %s %s', 'GPG_AGENT_INFO': '/run/user/1000/gnupg/S.gpg-agent:0:1', 'GJS_DEBUG_OUTPUT': 'stderr', 'QT_IM_MODULE': 'ibus', 'ANTIGRAVITY_TRAJECTORY_ID': '480b8db5-0ae5-4478-b89c-5a94d9399579', 'PWD': '/home/silver/Desktop/silver_quick/cs671_2026_hack/swarm_ws/build/swarm_nav', 'TURTLEBOT3_MODEL': 'burger', 'LC_ALL': 'en_US.UTF-8', 'XDG_CONFIG_DIRS': '/etc/xdg/xdg-ubuntu:/etc/xdg', 'VSCODE_CODE_CACHE_PATH': '/home/silver/.config/Antigravity/CachedData/15487b3041e65228cae24980a3f796c905ef582c', 'GAZEBO_PLUGIN_PATH': '/opt/ros/humble/lib', 'XDG_DATA_DIRS': '/usr/share/ubuntu:/usr/share/gnome:/usr/local/share/:/usr/share/:/var/lib/snapd/desktop', 'PYTHONPATH': '/home/silver/Desktop/silver_quick/cs671_2026_hack/swarm_ws/build/swarm_nav/prefix_override:/usr/lib/python3/dist-packages/colcon_core/task/python/colcon_distutils_commands:/home/silver/Desktop/silver_quick/cs671_2026_hack/swarm_ws/install/swarm_nav/lib/python3.10/site-packages:/opt/ros/humble/lib/python3.10/site-packages:/opt/ros/humble/local/lib/python3.10/dist-packages', 'COLCON': '1', 'VSCODE_PID': '3039'}, 'shell': False}
[0.500732] (-) TimerEvent: {}
[0.563721] (swarm_nav) StdoutLine: {'line': b'running egg_info\n'}
[0.564101] (swarm_nav) StdoutLine: {'line': b'writing ../../build/swarm_nav/swarm_nav.egg-info/PKG-INFO\n'}
[0.564291] (swarm_nav) StdoutLine: {'line': b'writing dependency_links to ../../build/swarm_nav/swarm_nav.egg-info/dependency_links.txt\n'}
[0.564535] (swarm_nav) StdoutLine: {'line': b'writing entry points to ../../build/swarm_nav/swarm_nav.egg-info/entry_points.txt\n'}
[0.564700] (swarm_nav) StdoutLine: {'line': b'writing requirements to ../../build/swarm_nav/swarm_nav.egg-info/requires.txt\n'}
[0.564793] (swarm_nav) StdoutLine: {'line': b'writing top-level names to ../../build/swarm_nav/swarm_nav.egg-info/top_level.txt\n'}
[0.566510] (swarm_nav) StdoutLine: {'line': b"reading manifest file '../../build/swarm_nav/swarm_nav.egg-info/SOURCES.txt'\n"}
[0.567226] (swarm_nav) StdoutLine: {'line': b"writing manifest file '../../build/swarm_nav/swarm_nav.egg-info/SOURCES.txt'\n"}
[0.567353] (swarm_nav) StdoutLine: {'line': b'running build\n'}
[0.567431] (swarm_nav) StdoutLine: {'line': b'running build_py\n'}
[0.567548] (swarm_nav) StdoutLine: {'line': b'copying swarm_nav/sorting_node.py -> /home/silver/Desktop/silver_quick/cs671_2026_hack/swarm_ws/build/swarm_nav/build/lib/swarm_nav\n'}
[0.567622] (swarm_nav) StdoutLine: {'line': b'copying swarm_nav/logger_node.py -> /home/silver/Desktop/silver_quick/cs671_2026_hack/swarm_ws/build/swarm_nav/build/lib/swarm_nav\n'}
[0.568027] (swarm_nav) StdoutLine: {'line': b'running install\n'}
[0.568269] (swarm_nav) StdoutLine: {'line': b'running install_lib\n'}
[0.568828] (swarm_nav) StdoutLine: {'line': b'copying /home/silver/Desktop/silver_quick/cs671_2026_hack/swarm_ws/build/swarm_nav/build/lib/swarm_nav/sorting_node.py -> /home/silver/Desktop/silver_quick/cs671_2026_hack/swarm_ws/install/swarm_nav/lib/python3.10/site-packages/swarm_nav\n'}
[0.568895] (swarm_nav) StdoutLine: {'line': b'copying /home/silver/Desktop/silver_quick/cs671_2026_hack/swarm_ws/build/swarm_nav/build/lib/swarm_nav/logger_node.py -> /home/silver/Desktop/silver_quick/cs671_2026_hack/swarm_ws/install/swarm_nav/lib/python3.10/site-packages/swarm_nav\n'}
[0.569294] (swarm_nav) StdoutLine: {'line': b'byte-compiling /home/silver/Desktop/silver_quick/cs671_2026_hack/swarm_ws/install/swarm_nav/lib/python3.10/site-packages/swarm_nav/sorting_node.py to sorting_node.cpython-310.pyc\n'}
[0.571719] (swarm_nav) StdoutLine: {'line': b'byte-compiling /home/silver/Desktop/silver_quick/cs671_2026_hack/swarm_ws/install/swarm_nav/lib/python3.10/site-packages/swarm_nav/logger_node.py to logger_node.cpython-310.pyc\n'}
[0.572995] (swarm_nav) StdoutLine: {'line': b'running install_data\n'}
[0.573085] (swarm_nav) StdoutLine: {'line': b'running install_egg_info\n'}
[0.574466] (swarm_nav) StdoutLine: {'line': b"removing '/home/silver/Desktop/silver_quick/cs671_2026_hack/swarm_ws/install/swarm_nav/lib/python3.10/site-packages/swarm_nav-0.0.0-py3.10.egg-info' (and everything under it)\n"}
[0.574675] (swarm_nav) StdoutLine: {'line': b'Copying ../../build/swarm_nav/swarm_nav.egg-info to /home/silver/Desktop/silver_quick/cs671_2026_hack/swarm_ws/install/swarm_nav/lib/python3.10/site-packages/swarm_nav-0.0.0-py3.10.egg-info\n'}
[0.575106] (swarm_nav) StdoutLine: {'line': b'running install_scripts\n'}
[0.590997] (swarm_nav) StdoutLine: {'line': b'Installing logger_node script to /home/silver/Desktop/silver_quick/cs671_2026_hack/swarm_ws/install/swarm_nav/lib/swarm_nav\n'}
[0.591126] (swarm_nav) StdoutLine: {'line': b'Installing randomizer_node script to /home/silver/Desktop/silver_quick/cs671_2026_hack/swarm_ws/install/swarm_nav/lib/swarm_nav\n'}
[0.591182] (swarm_nav) StdoutLine: {'line': b'Installing sorting_node script to /home/silver/Desktop/silver_quick/cs671_2026_hack/swarm_ws/install/swarm_nav/lib/swarm_nav\n'}
[0.591458] (swarm_nav) StdoutLine: {'line': b"writing list of installed files to '/home/silver/Desktop/silver_quick/cs671_2026_hack/swarm_ws/build/swarm_nav/install.log'\n"}
[0.600950] (-) TimerEvent: {}
[0.613291] (swarm_nav) CommandEnded: {'returncode': 0}
[0.620515] (swarm_nav) JobEnded: {'identifier': 'swarm_nav', 'rc': 0}
[0.621061] (-) EventReactorShutdown: {}
