[0.351s] Invoking command in '/home/akshatidk29/Desktop/rosWS3/build/collector_bot': PYTHONPATH=/home/akshatidk29/Desktop/rosWS3/build/collector_bot/prefix_override:/usr/lib/python3/dist-packages/colcon_core/task/python/colcon_distutils_commands:/home/akshatidk29/Desktop/rosWS3/install/collector_bot/lib/python3.10/site-packages:${PYTHONPATH} /usr/bin/python3 -W ignore:setup.py install is deprecated -W ignore:easy_install command is deprecated setup.py develop --uninstall --editable --build-directory /home/akshatidk29/Desktop/rosWS3/build/collector_bot/build
[0.496s] running develop
[0.567s] Removing /home/akshatidk29/Desktop/rosWS3/install/collector_bot/lib/python3.10/site-packages/collector-bot.egg-link (link to .)
[0.610s] Invoked command in '/home/akshatidk29/Desktop/rosWS3/build/collector_bot' returned '0': PYTHONPATH=/home/akshatidk29/Desktop/rosWS3/build/collector_bot/prefix_override:/usr/lib/python3/dist-packages/colcon_core/task/python/colcon_distutils_commands:/home/akshatidk29/Desktop/rosWS3/install/collector_bot/lib/python3.10/site-packages:${PYTHONPATH} /usr/bin/python3 -W ignore:setup.py install is deprecated -W ignore:easy_install command is deprecated setup.py develop --uninstall --editable --build-directory /home/akshatidk29/Desktop/rosWS3/build/collector_bot/build
[0.612s] Invoking command in '/home/akshatidk29/Desktop/rosWS3/src/collector_bot': PYTHONPATH=/home/akshatidk29/Desktop/rosWS3/build/collector_bot/prefix_override:/usr/lib/python3/dist-packages/colcon_core/task/python/colcon_distutils_commands:/home/akshatidk29/Desktop/rosWS3/install/collector_bot/lib/python3.10/site-packages:${PYTHONPATH} /usr/bin/python3 -W ignore:setup.py install is deprecated -W ignore:easy_install command is deprecated setup.py egg_info --egg-base ../../build/collector_bot build --build-base /home/akshatidk29/Desktop/rosWS3/build/collector_bot/build install --record /home/akshatidk29/Desktop/rosWS3/build/collector_bot/install.log --single-version-externally-managed install_data --force
[0.739s] running egg_info
[0.739s] writing ../../build/collector_bot/collector_bot.egg-info/PKG-INFO
[0.740s] writing dependency_links to ../../build/collector_bot/collector_bot.egg-info/dependency_links.txt
[0.740s] writing entry points to ../../build/collector_bot/collector_bot.egg-info/entry_points.txt
[0.740s] writing requirements to ../../build/collector_bot/collector_bot.egg-info/requires.txt
[0.740s] writing top-level names to ../../build/collector_bot/collector_bot.egg-info/top_level.txt
[0.741s] reading manifest file '../../build/collector_bot/collector_bot.egg-info/SOURCES.txt'
[0.744s] writing manifest file '../../build/collector_bot/collector_bot.egg-info/SOURCES.txt'
[0.745s] running build
[0.745s] running build_py
[0.745s] copying collector_bot/brain.py -> /home/akshatidk29/Desktop/rosWS3/build/collector_bot/build/lib/collector_bot
[0.745s] running install
[0.745s] running install_lib
[0.746s] creating /home/akshatidk29/Desktop/rosWS3/install/collector_bot/lib/python3.10/site-packages/collector_bot
[0.746s] copying /home/akshatidk29/Desktop/rosWS3/build/collector_bot/build/lib/collector_bot/navigator.py -> /home/akshatidk29/Desktop/rosWS3/install/collector_bot/lib/python3.10/site-packages/collector_bot
[0.746s] copying /home/akshatidk29/Desktop/rosWS3/build/collector_bot/build/lib/collector_bot/explorer.py -> /home/akshatidk29/Desktop/rosWS3/install/collector_bot/lib/python3.10/site-packages/collector_bot
[0.746s] copying /home/akshatidk29/Desktop/rosWS3/build/collector_bot/build/lib/collector_bot/__init__.py -> /home/akshatidk29/Desktop/rosWS3/install/collector_bot/lib/python3.10/site-packages/collector_bot
[0.746s] copying /home/akshatidk29/Desktop/rosWS3/build/collector_bot/build/lib/collector_bot/gazebo_interface.py -> /home/akshatidk29/Desktop/rosWS3/install/collector_bot/lib/python3.10/site-packages/collector_bot
[0.746s] copying /home/akshatidk29/Desktop/rosWS3/build/collector_bot/build/lib/collector_bot/avoidance.py -> /home/akshatidk29/Desktop/rosWS3/install/collector_bot/lib/python3.10/site-packages/collector_bot
[0.746s] copying /home/akshatidk29/Desktop/rosWS3/build/collector_bot/build/lib/collector_bot/detector.py -> /home/akshatidk29/Desktop/rosWS3/install/collector_bot/lib/python3.10/site-packages/collector_bot
[0.746s] copying /home/akshatidk29/Desktop/rosWS3/build/collector_bot/build/lib/collector_bot/brain.py -> /home/akshatidk29/Desktop/rosWS3/install/collector_bot/lib/python3.10/site-packages/collector_bot
[0.746s] byte-compiling /home/akshatidk29/Desktop/rosWS3/install/collector_bot/lib/python3.10/site-packages/collector_bot/navigator.py to navigator.cpython-310.pyc
[0.747s] byte-compiling /home/akshatidk29/Desktop/rosWS3/install/collector_bot/lib/python3.10/site-packages/collector_bot/explorer.py to explorer.cpython-310.pyc
[0.747s] byte-compiling /home/akshatidk29/Desktop/rosWS3/install/collector_bot/lib/python3.10/site-packages/collector_bot/__init__.py to __init__.cpython-310.pyc
[0.747s] byte-compiling /home/akshatidk29/Desktop/rosWS3/install/collector_bot/lib/python3.10/site-packages/collector_bot/gazebo_interface.py to gazebo_interface.cpython-310.pyc
[0.748s] byte-compiling /home/akshatidk29/Desktop/rosWS3/install/collector_bot/lib/python3.10/site-packages/collector_bot/avoidance.py to avoidance.cpython-310.pyc
[0.748s] byte-compiling /home/akshatidk29/Desktop/rosWS3/install/collector_bot/lib/python3.10/site-packages/collector_bot/detector.py to detector.cpython-310.pyc
[0.749s] byte-compiling /home/akshatidk29/Desktop/rosWS3/install/collector_bot/lib/python3.10/site-packages/collector_bot/brain.py to brain.cpython-310.pyc
[0.751s] running install_data
[0.752s] copying resource/collector_bot -> /home/akshatidk29/Desktop/rosWS3/install/collector_bot/share/ament_index/resource_index/packages
[0.752s] copying package.xml -> /home/akshatidk29/Desktop/rosWS3/install/collector_bot/share/collector_bot
[0.752s] copying launch/simulation.launch.py -> /home/akshatidk29/Desktop/rosWS3/install/collector_bot/share/collector_bot/launch
[0.752s] copying launch/spawn_robot.launch.py -> /home/akshatidk29/Desktop/rosWS3/install/collector_bot/share/collector_bot/launch
[0.752s] copying urdf/robot.urdf.xacro -> /home/akshatidk29/Desktop/rosWS3/install/collector_bot/share/collector_bot/urdf
[0.752s] copying worlds/arena.world -> /home/akshatidk29/Desktop/rosWS3/install/collector_bot/share/collector_bot/worlds
[0.752s] running install_egg_info
[0.753s] Copying ../../build/collector_bot/collector_bot.egg-info to /home/akshatidk29/Desktop/rosWS3/install/collector_bot/lib/python3.10/site-packages/collector_bot-0.2.0-py3.10.egg-info
[0.754s] running install_scripts
[0.768s] Installing brain script to /home/akshatidk29/Desktop/rosWS3/install/collector_bot/lib/collector_bot
[0.768s] writing list of installed files to '/home/akshatidk29/Desktop/rosWS3/build/collector_bot/install.log'
[0.789s] Invoked command in '/home/akshatidk29/Desktop/rosWS3/src/collector_bot' returned '0': PYTHONPATH=/home/akshatidk29/Desktop/rosWS3/build/collector_bot/prefix_override:/usr/lib/python3/dist-packages/colcon_core/task/python/colcon_distutils_commands:/home/akshatidk29/Desktop/rosWS3/install/collector_bot/lib/python3.10/site-packages:${PYTHONPATH} /usr/bin/python3 -W ignore:setup.py install is deprecated -W ignore:easy_install command is deprecated setup.py egg_info --egg-base ../../build/collector_bot build --build-base /home/akshatidk29/Desktop/rosWS3/build/collector_bot/build install --record /home/akshatidk29/Desktop/rosWS3/build/collector_bot/install.log --single-version-externally-managed install_data --force
