[0.000000] (-) TimerEvent: {}
[0.000224] (collector_bot) JobQueued: {'identifier': 'collector_bot', 'dependencies': OrderedDict()}
[0.000278] (collector_bot) JobStarted: {'identifier': 'collector_bot'}
[0.099279] (-) TimerEvent: {}
[0.199726] (-) TimerEvent: {}
[0.300161] (-) TimerEvent: {}
[0.400668] (-) TimerEvent: {}
[0.415263] (collector_bot) Command: {'cmd': ['/usr/bin/python3', '-W', 'ignore:setup.py install is deprecated', '-W', 'ignore:easy_install command is deprecated', 'setup.py', 'egg_info', '--egg-base', '../../build/collector_bot', 'build', '--build-base', '/home/akshatidk29/Desktop/ros2WS2/build/collector_bot/build', 'install', '--record', '/home/akshatidk29/Desktop/ros2WS2/build/collector_bot/install.log', '--single-version-externally-managed', 'install_data'], 'cwd': '/home/akshatidk29/Desktop/ros2WS2/src/collector_bot', 'env': {'GJS_DEBUG_TOPICS': 'JS ERROR;JS LOG', 'VSCODE_CWD': '/home/akshatidk29', 'LANGUAGE': 'en_IN:en', 'USER': 'akshatidk29', 'VSCODE_NLS_CONFIG': '{"userLocale":"en-gb","osLocale":"en-in","resolvedLanguage":"en","defaultMessagesFile":"/usr/share/antigravity/resources/app/out/nls.messages.json","locale":"en-gb","availableLanguages":{}}', 'XDG_SESSION_TYPE': 'wayland', 'SHLVL': '1', 'LD_LIBRARY_PATH': '/usr/lib/x86_64-linux-gnu/gazebo-11/plugins:/opt/ros/humble/lib/x86_64-linux-gnu:/opt/ros/humble/lib', 'HOME': '/home/akshatidk29', 'CHROME_DESKTOP': 'antigravity.desktop', 'OLDPWD': '/home/akshatidk29/Desktop/ros2WS2', 'DESKTOP_SESSION': 'ubuntu', 'VSCODE_IPC_HOOK': '/run/user/1000/vscode-5f4c2a94-1.10-main.sock', 'GIO_LAUNCHED_DESKTOP_FILE': '/usr/share/applications/antigravity.desktop', 'ROS_PYTHON_VERSION': '3', 'GNOME_SHELL_SESSION_MODE': 'ubuntu', 'GTK_MODULES': 'gail:atk-bridge', 'PAGER': 'cat', 'MANAGERPID': '1155', 'SYSTEMD_EXEC_PID': '1322', 'DBUS_SESSION_BUS_ADDRESS': 'unix:path=/run/user/1000/bus', 'ANTIGRAVITY_AGENT': '1', 'GIO_LAUNCHED_DESKTOP_FILE_PID': '2412', 'IM_CONFIG_PHASE': '1', 'WAYLAND_DISPLAY': 'wayland-0', 'ROS_DISTRO': 'humble', 'LOGNAME': 'akshatidk29', 'JOURNAL_STREAM': '8:18560', '_': '/usr/bin/colcon', 'ROS_VERSION': '2', 'XDG_SESSION_CLASS': 'user', 'USERNAME': 'akshatidk29', 'TERM': 'dumb', 'GNOME_DESKTOP_SESSION_ID': 'this-is-deprecated', 'FC_FONTATIONS': '1', 'ROS_LOCALHOST_ONLY': '0', 'ANTIGRAVITY_EDITOR_APP_ROOT': '/usr/share/antigravity/resources/app', 'PATH': '/opt/ros/humble/bin:/usr/local/sbin:/usr/local/bin:/usr/sbin:/usr/bin:/sbin:/bin:/usr/games:/usr/local/games:/snap/bin:/snap/bin', 'SESSION_MANAGER': 'local/omen:@/tmp/.ICE-unix/1279,unix/omen:/tmp/.ICE-unix/1279', 'INVOCATION_ID': '36a44474d7034aa9a6b99fae999d98dd', 'XDG_MENU_PREFIX': 'gnome-', 'GNOME_SETUP_DISPLAY': ':1', 'XDG_RUNTIME_DIR': '/run/user/1000', 'GDK_BACKEND': 'wayland', 'DISPLAY': ':0', 'LANG': 'en_US.UTF-8', 'XDG_CURRENT_DESKTOP': 'ubuntu:GNOME', 'XMODIFIERS': '@im=ibus', 'XDG_SESSION_DESKTOP': 'ubuntu', 'XAUTHORITY': '/run/user/1000/.mutter-Xwaylandauth.LVC8N3', 'SSH_AGENT_LAUNCHER': 'gnome-keyring', 'SSH_AUTH_SOCK': '/run/user/1000/keyring/ssh', 'AMENT_PREFIX_PATH': '/opt/ros/humble', 'SHELL': '/bin/bash', 'QT_ACCESSIBILITY': '1', 'GDMSESSION': 'ubuntu', 'GJS_DEBUG_OUTPUT': 'stderr', 'QT_IM_MODULE': 'ibus', 'ANTIGRAVITY_TRAJECTORY_ID': '09637e61-a47d-4acf-92d4-f71d36d09aae', 'PWD': '/home/akshatidk29/Desktop/ros2WS2/build/collector_bot', 'LC_ALL': 'en_US.UTF-8', 'XDG_CONFIG_DIRS': '/etc/xdg/xdg-ubuntu:/etc/xdg', 'VSCODE_CODE_CACHE_PATH': '/home/akshatidk29/.config/Antigravity/CachedData/62335c71d47037adf0a8de54e250bb8ea6016b15', 'XDG_DATA_DIRS': '/usr/share/ubuntu:/usr/local/share/:/usr/share/:/var/lib/snapd/desktop', 'PYTHONPATH': '/home/akshatidk29/Desktop/ros2WS2/build/collector_bot/prefix_override:/usr/lib/python3/dist-packages/colcon_core/task/python/colcon_distutils_commands:/home/akshatidk29/Desktop/ros2WS2/install/collector_bot/lib/python3.10/site-packages:/opt/ros/humble/lib/python3.10/site-packages:/opt/ros/humble/local/lib/python3.10/dist-packages', 'COLCON': '1', 'VSCODE_PID': '2412'}, 'shell': False}
[0.500815] (-) TimerEvent: {}
[0.550402] (collector_bot) StdoutLine: {'line': b'running egg_info\n'}
[0.550810] (collector_bot) StdoutLine: {'line': b'creating ../../build/collector_bot/collector_bot.egg-info\n'}
[0.550981] (collector_bot) StdoutLine: {'line': b'writing ../../build/collector_bot/collector_bot.egg-info/PKG-INFO\n'}
[0.551135] (collector_bot) StdoutLine: {'line': b'writing dependency_links to ../../build/collector_bot/collector_bot.egg-info/dependency_links.txt\n'}
[0.551352] (collector_bot) StdoutLine: {'line': b'writing entry points to ../../build/collector_bot/collector_bot.egg-info/entry_points.txt\n'}
[0.551477] (collector_bot) StdoutLine: {'line': b'writing requirements to ../../build/collector_bot/collector_bot.egg-info/requires.txt\n'}
[0.551557] (collector_bot) StdoutLine: {'line': b'writing top-level names to ../../build/collector_bot/collector_bot.egg-info/top_level.txt\n'}
[0.551635] (collector_bot) StdoutLine: {'line': b"writing manifest file '../../build/collector_bot/collector_bot.egg-info/SOURCES.txt'\n"}
[0.552791] (collector_bot) StdoutLine: {'line': b"reading manifest file '../../build/collector_bot/collector_bot.egg-info/SOURCES.txt'\n"}
[0.553326] (collector_bot) StdoutLine: {'line': b"writing manifest file '../../build/collector_bot/collector_bot.egg-info/SOURCES.txt'\n"}
[0.553429] (collector_bot) StdoutLine: {'line': b'running build\n'}
[0.553472] (collector_bot) StdoutLine: {'line': b'running build_py\n'}
[0.553536] (collector_bot) StdoutLine: {'line': b'creating /home/akshatidk29/Desktop/ros2WS2/build/collector_bot/build\n'}
[0.553587] (collector_bot) StdoutLine: {'line': b'creating /home/akshatidk29/Desktop/ros2WS2/build/collector_bot/build/lib\n'}
[0.553653] (collector_bot) StdoutLine: {'line': b'creating /home/akshatidk29/Desktop/ros2WS2/build/collector_bot/build/lib/collector_bot\n'}
[0.553770] (collector_bot) StdoutLine: {'line': b'copying collector_bot/__init__.py -> /home/akshatidk29/Desktop/ros2WS2/build/collector_bot/build/lib/collector_bot\n'}
[0.553848] (collector_bot) StdoutLine: {'line': b'copying collector_bot/gazebo_interface.py -> /home/akshatidk29/Desktop/ros2WS2/build/collector_bot/build/lib/collector_bot\n'}
[0.553890] (collector_bot) StdoutLine: {'line': b'copying collector_bot/avoidance.py -> /home/akshatidk29/Desktop/ros2WS2/build/collector_bot/build/lib/collector_bot\n'}
[0.553958] (collector_bot) StdoutLine: {'line': b'copying collector_bot/detector.py -> /home/akshatidk29/Desktop/ros2WS2/build/collector_bot/build/lib/collector_bot\n'}
[0.554032] (collector_bot) StdoutLine: {'line': b'copying collector_bot/brain.py -> /home/akshatidk29/Desktop/ros2WS2/build/collector_bot/build/lib/collector_bot\n'}
[0.554101] (collector_bot) StdoutLine: {'line': b'running install\n'}
[0.554453] (collector_bot) StdoutLine: {'line': b'running install_lib\n'}
[0.556307] (collector_bot) StdoutLine: {'line': b'creating /home/akshatidk29/Desktop/ros2WS2/install/collector_bot/lib/python3.10/site-packages/collector_bot\n'}
[0.556385] (collector_bot) StdoutLine: {'line': b'copying /home/akshatidk29/Desktop/ros2WS2/build/collector_bot/build/lib/collector_bot/__init__.py -> /home/akshatidk29/Desktop/ros2WS2/install/collector_bot/lib/python3.10/site-packages/collector_bot\n'}
[0.556460] (collector_bot) StdoutLine: {'line': b'copying /home/akshatidk29/Desktop/ros2WS2/build/collector_bot/build/lib/collector_bot/gazebo_interface.py -> /home/akshatidk29/Desktop/ros2WS2/install/collector_bot/lib/python3.10/site-packages/collector_bot\n'}
[0.556541] (collector_bot) StdoutLine: {'line': b'copying /home/akshatidk29/Desktop/ros2WS2/build/collector_bot/build/lib/collector_bot/avoidance.py -> /home/akshatidk29/Desktop/ros2WS2/install/collector_bot/lib/python3.10/site-packages/collector_bot\n'}
[0.556603] (collector_bot) StdoutLine: {'line': b'copying /home/akshatidk29/Desktop/ros2WS2/build/collector_bot/build/lib/collector_bot/detector.py -> /home/akshatidk29/Desktop/ros2WS2/install/collector_bot/lib/python3.10/site-packages/collector_bot\n'}
[0.556669] (collector_bot) StdoutLine: {'line': b'copying /home/akshatidk29/Desktop/ros2WS2/build/collector_bot/build/lib/collector_bot/brain.py -> /home/akshatidk29/Desktop/ros2WS2/install/collector_bot/lib/python3.10/site-packages/collector_bot\n'}
[0.557151] (collector_bot) StdoutLine: {'line': b'byte-compiling /home/akshatidk29/Desktop/ros2WS2/install/collector_bot/lib/python3.10/site-packages/collector_bot/__init__.py to __init__.cpython-310.pyc\n'}
[0.557367] (collector_bot) StdoutLine: {'line': b'byte-compiling /home/akshatidk29/Desktop/ros2WS2/install/collector_bot/lib/python3.10/site-packages/collector_bot/gazebo_interface.py to gazebo_interface.cpython-310.pyc\n'}
[0.557771] (collector_bot) StdoutLine: {'line': b'byte-compiling /home/akshatidk29/Desktop/ros2WS2/install/collector_bot/lib/python3.10/site-packages/collector_bot/avoidance.py to avoidance.cpython-310.pyc\n'}
[0.558305] (collector_bot) StdoutLine: {'line': b'byte-compiling /home/akshatidk29/Desktop/ros2WS2/install/collector_bot/lib/python3.10/site-packages/collector_bot/detector.py to detector.cpython-310.pyc\n'}
[0.558643] (collector_bot) StdoutLine: {'line': b'byte-compiling /home/akshatidk29/Desktop/ros2WS2/install/collector_bot/lib/python3.10/site-packages/collector_bot/brain.py to brain.cpython-310.pyc\n'}
[0.561626] (collector_bot) StdoutLine: {'line': b'running install_data\n'}
[0.561727] (collector_bot) StdoutLine: {'line': b'creating /home/akshatidk29/Desktop/ros2WS2/install/collector_bot/share/ament_index\n'}
[0.561791] (collector_bot) StdoutLine: {'line': b'creating /home/akshatidk29/Desktop/ros2WS2/install/collector_bot/share/ament_index/resource_index\n'}
[0.561858] (collector_bot) StdoutLine: {'line': b'creating /home/akshatidk29/Desktop/ros2WS2/install/collector_bot/share/ament_index/resource_index/packages\n'}
[0.561914] (collector_bot) StdoutLine: {'line': b'copying resource/collector_bot -> /home/akshatidk29/Desktop/ros2WS2/install/collector_bot/share/ament_index/resource_index/packages\n'}
[0.561962] (collector_bot) StdoutLine: {'line': b'copying package.xml -> /home/akshatidk29/Desktop/ros2WS2/install/collector_bot/share/collector_bot\n'}
[0.562017] (collector_bot) StdoutLine: {'line': b'creating /home/akshatidk29/Desktop/ros2WS2/install/collector_bot/share/collector_bot/launch\n'}
[0.562082] (collector_bot) StdoutLine: {'line': b'copying launch/simulation.launch.py -> /home/akshatidk29/Desktop/ros2WS2/install/collector_bot/share/collector_bot/launch\n'}
[0.562128] (collector_bot) StdoutLine: {'line': b'copying launch/spawn_robot.launch.py -> /home/akshatidk29/Desktop/ros2WS2/install/collector_bot/share/collector_bot/launch\n'}
[0.562239] (collector_bot) StdoutLine: {'line': b'creating /home/akshatidk29/Desktop/ros2WS2/install/collector_bot/share/collector_bot/urdf\n'}
[0.562287] (collector_bot) StdoutLine: {'line': b'copying urdf/robot.urdf.xacro -> /home/akshatidk29/Desktop/ros2WS2/install/collector_bot/share/collector_bot/urdf\n'}
[0.562355] (collector_bot) StdoutLine: {'line': b'creating /home/akshatidk29/Desktop/ros2WS2/install/collector_bot/share/collector_bot/worlds\n'}
[0.562408] (collector_bot) StdoutLine: {'line': b'copying worlds/arena.world -> /home/akshatidk29/Desktop/ros2WS2/install/collector_bot/share/collector_bot/worlds\n'}
[0.562492] (collector_bot) StdoutLine: {'line': b'running install_egg_info\n'}
[0.564870] (collector_bot) StdoutLine: {'line': b'Copying ../../build/collector_bot/collector_bot.egg-info to /home/akshatidk29/Desktop/ros2WS2/install/collector_bot/lib/python3.10/site-packages/collector_bot-0.1.0-py3.10.egg-info\n'}
[0.565560] (collector_bot) StdoutLine: {'line': b'running install_scripts\n'}
[0.587707] (collector_bot) StdoutLine: {'line': b'Installing brain script to /home/akshatidk29/Desktop/ros2WS2/install/collector_bot/lib/collector_bot\n'}
[0.588038] (collector_bot) StdoutLine: {'line': b"writing list of installed files to '/home/akshatidk29/Desktop/ros2WS2/build/collector_bot/install.log'\n"}
[0.600954] (-) TimerEvent: {}
[0.656621] (collector_bot) CommandEnded: {'returncode': 0}
[0.670746] (collector_bot) JobEnded: {'identifier': 'collector_bot', 'rc': 0}
[0.671490] (-) EventReactorShutdown: {}
