/home/akshatidk29/Desktop/ros2WS2/install/collector_bot/lib/python3.10/site-packages/collector_bot/__init__.py
/home/akshatidk29/Desktop/ros2WS2/install/collector_bot/lib/python3.10/site-packages/collector_bot/gazebo_interface.py
/home/akshatidk29/Desktop/ros2WS2/install/collector_bot/lib/python3.10/site-packages/collector_bot/avoidance.py
/home/akshatidk29/Desktop/ros2WS2/install/collector_bot/lib/python3.10/site-packages/collector_bot/detector.py
/home/akshatidk29/Desktop/ros2WS2/install/collector_bot/lib/python3.10/site-packages/collector_bot/brain.py
/home/akshatidk29/Desktop/ros2WS2/install/collector_bot/lib/python3.10/site-packages/collector_bot/__pycache__/__init__.cpython-310.pyc
/home/akshatidk29/Desktop/ros2WS2/install/collector_bot/lib/python3.10/site-packages/collector_bot/__pycache__/gazebo_interface.cpython-310.pyc
/home/akshatidk29/Desktop/ros2WS2/install/collector_bot/lib/python3.10/site-packages/collector_bot/__pycache__/avoidance.cpython-310.pyc
/home/akshatidk29/Desktop/ros2WS2/install/collector_bot/lib/python3.10/site-packages/collector_bot/__pycache__/detector.cpython-310.pyc
/home/akshatidk29/Desktop/ros2WS2/install/collector_bot/lib/python3.10/site-packages/collector_bot/__pycache__/brain.cpython-310.pyc
/home/akshatidk29/Desktop/ros2WS2/install/collector_bot/share/ament_index/resource_index/packages/collector_bot
/home/akshatidk29/Desktop/ros2WS2/install/collector_bot/share/collector_bot/package.xml
/home/akshatidk29/Desktop/ros2WS2/install/collector_bot/share/collector_bot/launch/simulation.launch.py
/home/akshatidk29/Desktop/ros2WS2/install/collector_bot/share/collector_bot/launch/spawn_robot.launch.py
/home/akshatidk29/Desktop/ros2WS2/install/collector_bot/share/collector_bot/urdf/robot.urdf.xacro
/home/akshatidk29/Desktop/ros2WS2/install/collector_bot/share/collector_bot/worlds/arena.world
/home/akshatidk29/Desktop/ros2WS2/install/collector_bot/lib/python3.10/site-packages/collector_bot-0.1.0-py3.10.egg-info/dependency_links.txt
/home/akshatidk29/Desktop/ros2WS2/install/collector_bot/lib/python3.10/site-packages/collector_bot-0.1.0-py3.10.egg-info/zip-safe
/home/akshatidk29/Desktop/ros2WS2/install/collector_bot/lib/python3.10/site-packages/collector_bot-0.1.0-py3.10.egg-info/entry_points.txt
/home/akshatidk29/Desktop/ros2WS2/install/collector_bot/lib/python3.10/site-packages/collector_bot-0.1.0-py3.10.egg-info/PKG-INFO
/home/akshatidk29/Desktop/ros2WS2/install/collector_bot/lib/python3.10/site-packages/collector_bot-0.1.0-py3.10.egg-info/requires.txt
/home/akshatidk29/Desktop/ros2WS2/install/collector_bot/lib/python3.10/site-packages/collector_bot-0.1.0-py3.10.egg-info/SOURCES.txt
/home/akshatidk29/Desktop/ros2WS2/install/collector_bot/lib/python3.10/site-packages/collector_bot-0.1.0-py3.10.egg-info/top_level.txt
/home/akshatidk29/Desktop/ros2WS2/install/collector_bot/lib/collector_bot/brain
