[0.000000] (-) TimerEvent: {}
[0.000197] (swarm_description) JobQueued: {'identifier': 'swarm_description', 'dependencies': OrderedDict()}
[0.000340] (swarm_nav) JobQueued: {'identifier': 'swarm_nav', 'dependencies': OrderedDict()}
[0.000548] (swarm_description) JobStarted: {'identifier': 'swarm_description'}
[0.006399] (swarm_nav) JobStarted: {'identifier': 'swarm_nav'}
[0.013369] (swarm_description) JobProgress: {'identifier': 'swarm_description', 'progress': 'cmake'}
[0.013724] (swarm_description) JobProgress: {'identifier': 'swarm_description', 'progress': 'build'}
[0.014219] (swarm_description) Command: {'cmd': ['/usr/bin/cmake', '--build', '/home/silver/Desktop/silver_quick/cs671_2026_hack/swarm_ws/build/swarm_description', '--', '-j16', '-l16'], 'cwd': '/home/silver/Desktop/silver_quick/cs671_2026_hack/swarm_ws/build/swarm_description', 'env': OrderedDict([('GJS_DEBUG_TOPICS', 'JS ERROR;JS LOG'), ('LESSOPEN', '| /usr/bin/lesspipe %s'), ('VSCODE_CWD', '/home/silver'), ('LANGUAGE', 'en_IN:en'), ('USER', 'silver'), ('VSCODE_NLS_CONFIG', '{"userLocale":"en-gb","osLocale":"en-in","resolvedLanguage":"en","defaultMessagesFile":"/usr/share/antigravity/resources/app/out/nls.messages.json","locale":"en-gb","availableLanguages":{}}'), ('XDG_SESSION_TYPE', 'x11'), ('SHLVL', '0'), ('LD_LIBRARY_PATH', '/usr/lib/x86_64-linux-gnu/gazebo-11/plugins:/opt/ros/humble/opt/rviz_ogre_vendor/lib:/opt/ros/humble/lib/x86_64-linux-gnu:/opt/ros/humble/lib'), ('HOME', '/home/silver'), ('CHROME_DESKTOP', 'antigravity.desktop'), ('DESKTOP_SESSION', 'ubuntu'), ('VSCODE_IPC_HOOK', '/run/user/1000/vscode-acdca91d-1.10-main.sock'), ('GIO_LAUNCHED_DESKTOP_FILE', '/usr/share/applications/antigravity.desktop'), ('ROS_PYTHON_VERSION', '3'), ('GNOME_SHELL_SESSION_MODE', 'ubuntu'), ('GTK_MODULES', 'gail:atk-bridge'), ('PAGER', 'cat'), ('MANAGERPID', '1551'), ('SYSTEMD_EXEC_PID', '1890'), ('DBUS_SESSION_BUS_ADDRESS', 'unix:path=/run/user/1000/bus'), ('ANTIGRAVITY_AGENT', '1'), ('GIO_LAUNCHED_DESKTOP_FILE_PID', '3039'), ('ROS_DISTRO', 'humble'), ('GTK_IM_MODULE', 'ibus'), ('LOGNAME', 'silver'), ('_', '/usr/bin/colcon'), ('JOURNAL_STREAM', '8:443'), ('ROS_VERSION', '2'), ('XDG_SESSION_CLASS', 'user'), ('USERNAME', 'silver'), ('TERM', 'dumb'), ('GAZEBO_MODEL_PATH', '/opt/ros/humble/share/turtlebot3_gazebo/models'), ('GNOME_DESKTOP_SESSION_ID', 'this-is-deprecated'), ('FC_FONTATIONS', '1'), ('ROS_LOCALHOST_ONLY', '0'), ('WINDOWPATH', '2'), ('ANTIGRAVITY_EDITOR_APP_ROOT', '/usr/share/antigravity/resources/app'), ('PATH', '/opt/ros/humble/bin:/usr/local/sbin:/usr/local/bin:/usr/sbin:/usr/bin:/sbin:/bin:/usr/games:/usr/local/games:/snap/bin:/snap/bin'), ('SESSION_MANAGER', 'local/silver-Victus-by-HP-Gaming-Laptop-15-fa2xxx:@/tmp/.ICE-unix/1863,unix/silver-Victus-by-HP-Gaming-Laptop-15-fa2xxx:/tmp/.ICE-unix/1863'), ('INVOCATION_ID', '24ca106350d544c38664a3b8dd77bb74'), ('XDG_MENU_PREFIX', 'gnome-'), ('XDG_RUNTIME_DIR', '/run/user/1000'), ('GDK_BACKEND', 'x11'), ('DISPLAY', ':1'), ('LANG', 'en_US.UTF-8'), ('XDG_CURRENT_DESKTOP', 'ubuntu:GNOME'), ('XMODIFIERS', '@im=ibus'), ('XDG_SESSION_DESKTOP', 'ubuntu'), ('XAUTHORITY', '/run/user/1000/gdm/Xauthority'), ('LS_COLORS', ''), ('SSH_AGENT_LAUNCHER', 'gnome-keyring'), ('SSH_AUTH_SOCK', '/run/user/1000/keyring/ssh'), ('AMENT_PREFIX_PATH', '/opt/ros/humble'), ('SHELL', '/bin/bash'), ('QT_ACCESSIBILITY', '1'), ('GDMSESSION', 'ubuntu'), ('LESSCLOSE', '/usr/bin/lesspipe %s %s'), ('GPG_AGENT_INFO', '/run/user/1000/gnupg/S.gpg-agent:0:1'), ('GJS_DEBUG_OUTPUT', 'stderr'), ('QT_IM_MODULE', 'ibus'), ('ANTIGRAVITY_TRAJECTORY_ID', '12954c64-e4c6-40c8-ac7b-b101c214f324'), ('PWD', '/home/silver/Desktop/silver_quick/cs671_2026_hack/swarm_ws/build/swarm_description'), ('TURTLEBOT3_MODEL', 'burger'), ('LC_ALL', 'en_US.UTF-8'), ('XDG_CONFIG_DIRS', '/etc/xdg/xdg-ubuntu:/etc/xdg'), ('VSCODE_CODE_CACHE_PATH', '/home/silver/.config/Antigravity/CachedData/15487b3041e65228cae24980a3f796c905ef582c'), ('GAZEBO_PLUGIN_PATH', '/opt/ros/humble/lib'), ('XDG_DATA_DIRS', '/usr/share/ubuntu:/usr/share/gnome:/usr/local/share/:/usr/share/:/var/lib/snapd/desktop'), ('PYTHONPATH', '/opt/ros/humble/lib/python3.10/site-packages:/opt/ros/humble/local/lib/python3.10/dist-packages'), ('COLCON', '1'), ('VSCODE_PID', '3039'), ('CMAKE_PREFIX_PATH', '/opt/ros/humble')]), 'shell': False}
[0.099805] (-) TimerEvent: {}
[0.200148] (-) TimerEvent: {}
[0.263659] (swarm_description) CommandEnded: {'returncode': 0}
[0.264170] (swarm_description) JobProgress: {'identifier': 'swarm_description', 'progress': 'install'}
[0.276766] (swarm_description) Command: {'cmd': ['/usr/bin/cmake', '--install', '/home/silver/Desktop/silver_quick/cs671_2026_hack/swarm_ws/build/swarm_description'], 'cwd': '/home/silver/Desktop/silver_quick/cs671_2026_hack/swarm_ws/build/swarm_description', 'env': OrderedDict([('GJS_DEBUG_TOPICS', 'JS ERROR;JS LOG'), ('LESSOPEN', '| /usr/bin/lesspipe %s'), ('VSCODE_CWD', '/home/silver'), ('LANGUAGE', 'en_IN:en'), ('USER', 'silver'), ('VSCODE_NLS_CONFIG', '{"userLocale":"en-gb","osLocale":"en-in","resolvedLanguage":"en","defaultMessagesFile":"/usr/share/antigravity/resources/app/out/nls.messages.json","locale":"en-gb","availableLanguages":{}}'), ('XDG_SESSION_TYPE', 'x11'), ('SHLVL', '0'), ('LD_LIBRARY_PATH', '/usr/lib/x86_64-linux-gnu/gazebo-11/plugins:/opt/ros/humble/opt/rviz_ogre_vendor/lib:/opt/ros/humble/lib/x86_64-linux-gnu:/opt/ros/humble/lib'), ('HOME', '/home/silver'), ('CHROME_DESKTOP', 'antigravity.desktop'), ('DESKTOP_SESSION', 'ubuntu'), ('VSCODE_IPC_HOOK', '/run/user/1000/vscode-acdca91d-1.10-main.sock'), ('GIO_LAUNCHED_DESKTOP_FILE', '/usr/share/applications/antigravity.desktop'), ('ROS_PYTHON_VERSION', '3'), ('GNOME_SHELL_SESSION_MODE', 'ubuntu'), ('GTK_MODULES', 'gail:atk-bridge'), ('PAGER', 'cat'), ('MANAGERPID', '1551'), ('SYSTEMD_EXEC_PID', '1890'), ('DBUS_SESSION_BUS_ADDRESS', 'unix:path=/run/user/1000/bus'), ('ANTIGRAVITY_AGENT', '1'), ('GIO_LAUNCHED_DESKTOP_FILE_PID', '3039'), ('ROS_DISTRO', 'humble'), ('GTK_IM_MODULE', 'ibus'), ('LOGNAME', 'silver'), ('_', '/usr/bin/colcon'), ('JOURNAL_STREAM', '8:443'), ('ROS_VERSION', '2'), ('XDG_SESSION_CLASS', 'user'), ('USERNAME', 'silver'), ('TERM', 'dumb'), ('GAZEBO_MODEL_PATH', '/opt/ros/humble/share/turtlebot3_gazebo/models'), ('GNOME_DESKTOP_SESSION_ID', 'this-is-deprecated'), ('FC_FONTATIONS', '1'), ('ROS_LOCALHOST_ONLY', '0'), ('WINDOWPATH', '2'), ('ANTIGRAVITY_EDITOR_APP_ROOT', '/usr/share/antigravity/resources/app'), ('PATH', '/opt/ros/humble/bin:/usr/local/sbin:/usr/local/bin:/usr/sbin:/usr/bin:/sbin:/bin:/usr/games:/usr/local/games:/snap/bin:/snap/bin'), ('SESSION_MANAGER', 'local/silver-Victus-by-HP-Gaming-Laptop-15-fa2xxx:@/tmp/.ICE-unix/1863,unix/silver-Victus-by-HP-Gaming-Laptop-15-fa2xxx:/tmp/.ICE-unix/1863'), ('INVOCATION_ID', '24ca106350d544c38664a3b8dd77bb74'), ('XDG_MENU_PREFIX', 'gnome-'), ('XDG_RUNTIME_DIR', '/run/user/1000'), ('GDK_BACKEND', 'x11'), ('DISPLAY', ':1'), ('LANG', 'en_US.UTF-8'), ('XDG_CURRENT_DESKTOP', 'ubuntu:GNOME'), ('XMODIFIERS', '@im=ibus'), ('XDG_SESSION_DESKTOP', 'ubuntu'), ('XAUTHORITY', '/run/user/1000/gdm/Xauthority'), ('LS_COLORS', ''), ('SSH_AGENT_LAUNCHER', 'gnome-keyring'), ('SSH_AUTH_SOCK', '/run/user/1000/keyring/ssh'), ('AMENT_PREFIX_PATH', '/opt/ros/humble'), ('SHELL', '/bin/bash'), ('QT_ACCESSIBILITY', '1'), ('GDMSESSION', 'ubuntu'), ('LESSCLOSE', '/usr/bin/lesspipe %s %s'), ('GPG_AGENT_INFO', '/run/user/1000/gnupg/S.gpg-agent:0:1'), ('GJS_DEBUG_OUTPUT', 'stderr'), ('QT_IM_MODULE', 'ibus'), ('ANTIGRAVITY_TRAJECTORY_ID', '12954c64-e4c6-40c8-ac7b-b101c214f324'), ('PWD', '/home/silver/Desktop/silver_quick/cs671_2026_hack/swarm_ws/build/swarm_description'), ('TURTLEBOT3_MODEL', 'burger'), ('LC_ALL', 'en_US.UTF-8'), ('XDG_CONFIG_DIRS', '/etc/xdg/xdg-ubuntu:/etc/xdg'), ('VSCODE_CODE_CACHE_PATH', '/home/silver/.config/Antigravity/CachedData/15487b3041e65228cae24980a3f796c905ef582c'), ('GAZEBO_PLUGIN_PATH', '/opt/ros/humble/lib'), ('XDG_DATA_DIRS', '/usr/share/ubuntu:/usr/share/gnome:/usr/local/share/:/usr/share/:/var/lib/snapd/desktop'), ('PYTHONPATH', '/opt/ros/humble/lib/python3.10/site-packages:/opt/ros/humble/local/lib/python3.10/dist-packages'), ('COLCON', '1'), ('VSCODE_PID', '3039'), ('CMAKE_PREFIX_PATH', '/opt/ros/humble')]), 'shell': False}
[0.285968] (swarm_description) StdoutLine: {'line': b'-- Install configuration: ""\n'}
[0.286257] (swarm_description) StdoutLine: {'line': b'-- Up-to-date: /home/silver/Desktop/silver_quick/cs671_2026_hack/swarm_ws/install/swarm_description/share/swarm_description//urdf\n'}
[0.286453] (swarm_description) StdoutLine: {'line': b'-- Up-to-date: /home/silver/Desktop/silver_quick/cs671_2026_hack/swarm_ws/install/swarm_description/share/swarm_description//urdf/swarm_bot.urdf.xacro\n'}
[0.286531] (swarm_description) StdoutLine: {'line': b'-- Up-to-date: /home/silver/Desktop/silver_quick/cs671_2026_hack/swarm_ws/install/swarm_description/share/swarm_description//launch\n'}
[0.286604] (swarm_description) StdoutLine: {'line': b'-- Up-to-date: /home/silver/Desktop/silver_quick/cs671_2026_hack/swarm_ws/install/swarm_description/share/swarm_description//launch/multi_robot.launch.py\n'}
[0.286689] (swarm_description) StdoutLine: {'line': b'-- Up-to-date: /home/silver/Desktop/silver_quick/cs671_2026_hack/swarm_ws/install/swarm_description/share/swarm_description//worlds\n'}
[0.286778] (swarm_description) StdoutLine: {'line': b'-- Up-to-date: /home/silver/Desktop/silver_quick/cs671_2026_hack/swarm_ws/install/swarm_description/share/swarm_description//worlds/warehouse.world\n'}
[0.286848] (swarm_description) StdoutLine: {'line': b'-- Up-to-date: /home/silver/Desktop/silver_quick/cs671_2026_hack/swarm_ws/install/swarm_description/share/ament_index/resource_index/package_run_dependencies/swarm_description\n'}
[0.286930] (swarm_description) StdoutLine: {'line': b'-- Up-to-date: /home/silver/Desktop/silver_quick/cs671_2026_hack/swarm_ws/install/swarm_description/share/ament_index/resource_index/parent_prefix_path/swarm_description\n'}
[0.287076] (swarm_description) StdoutLine: {'line': b'-- Up-to-date: /home/silver/Desktop/silver_quick/cs671_2026_hack/swarm_ws/install/swarm_description/share/swarm_description/environment/ament_prefix_path.sh\n'}
[0.287204] (swarm_description) StdoutLine: {'line': b'-- Up-to-date: /home/silver/Desktop/silver_quick/cs671_2026_hack/swarm_ws/install/swarm_description/share/swarm_description/environment/ament_prefix_path.dsv\n'}
[0.287288] (swarm_description) StdoutLine: {'line': b'-- Up-to-date: /home/silver/Desktop/silver_quick/cs671_2026_hack/swarm_ws/install/swarm_description/share/swarm_description/environment/path.sh\n'}
[0.287363] (swarm_description) StdoutLine: {'line': b'-- Up-to-date: /home/silver/Desktop/silver_quick/cs671_2026_hack/swarm_ws/install/swarm_description/share/swarm_description/environment/path.dsv\n'}
[0.287455] (swarm_description) StdoutLine: {'line': b'-- Up-to-date: /home/silver/Desktop/silver_quick/cs671_2026_hack/swarm_ws/install/swarm_description/share/swarm_description/local_setup.bash\n'}
[0.287569] (swarm_description) StdoutLine: {'line': b'-- Up-to-date: /home/silver/Desktop/silver_quick/cs671_2026_hack/swarm_ws/install/swarm_description/share/swarm_description/local_setup.sh\n'}
[0.287680] (swarm_description) StdoutLine: {'line': b'-- Up-to-date: /home/silver/Desktop/silver_quick/cs671_2026_hack/swarm_ws/install/swarm_description/share/swarm_description/local_setup.zsh\n'}
[0.287760] (swarm_description) StdoutLine: {'line': b'-- Up-to-date: /home/silver/Desktop/silver_quick/cs671_2026_hack/swarm_ws/install/swarm_description/share/swarm_description/local_setup.dsv\n'}
[0.287834] (swarm_description) StdoutLine: {'line': b'-- Installing: /home/silver/Desktop/silver_quick/cs671_2026_hack/swarm_ws/install/swarm_description/share/swarm_description/package.dsv\n'}
[0.287913] (swarm_description) StdoutLine: {'line': b'-- Up-to-date: /home/silver/Desktop/silver_quick/cs671_2026_hack/swarm_ws/install/swarm_description/share/ament_index/resource_index/packages/swarm_description\n'}
[0.287986] (swarm_description) StdoutLine: {'line': b'-- Up-to-date: /home/silver/Desktop/silver_quick/cs671_2026_hack/swarm_ws/install/swarm_description/share/swarm_description/cmake/swarm_descriptionConfig.cmake\n'}
[0.288062] (swarm_description) StdoutLine: {'line': b'-- Up-to-date: /home/silver/Desktop/silver_quick/cs671_2026_hack/swarm_ws/install/swarm_description/share/swarm_description/cmake/swarm_descriptionConfig-version.cmake\n'}
[0.288209] (swarm_description) StdoutLine: {'line': b'-- Up-to-date: /home/silver/Desktop/silver_quick/cs671_2026_hack/swarm_ws/install/swarm_description/share/swarm_description/package.xml\n'}
[0.291252] (swarm_description) CommandEnded: {'returncode': 0}
[0.300284] (-) TimerEvent: {}
[0.308023] (swarm_description) JobEnded: {'identifier': 'swarm_description', 'rc': 0}
[0.400478] (-) TimerEvent: {}
[0.501348] (-) TimerEvent: {}
[0.602110] (-) TimerEvent: {}
[0.616862] (swarm_nav) Command: {'cmd': ['/usr/bin/python3', '-W', 'ignore:setup.py install is deprecated', '-W', 'ignore:easy_install command is deprecated', 'setup.py', 'egg_info', '--egg-base', '../../build/swarm_nav', 'build', '--build-base', '/home/silver/Desktop/silver_quick/cs671_2026_hack/swarm_ws/build/swarm_nav/build', 'install', '--record', '/home/silver/Desktop/silver_quick/cs671_2026_hack/swarm_ws/build/swarm_nav/install.log', '--single-version-externally-managed', 'install_data'], 'cwd': '/home/silver/Desktop/silver_quick/cs671_2026_hack/swarm_ws/src/swarm_nav', 'env': {'GJS_DEBUG_TOPICS': 'JS ERROR;JS LOG', 'LESSOPEN': '| /usr/bin/lesspipe %s', 'VSCODE_CWD': '/home/silver', 'LANGUAGE': 'en_IN:en', 'USER': 'silver', 'VSCODE_NLS_CONFIG': '{"userLocale":"en-gb","osLocale":"en-in","resolvedLanguage":"en","defaultMessagesFile":"/usr/share/antigravity/resources/app/out/nls.messages.json","locale":"en-gb","availableLanguages":{}}', 'XDG_SESSION_TYPE': 'x11', 'SHLVL': '0', 'LD_LIBRARY_PATH': '/usr/lib/x86_64-linux-gnu/gazebo-11/plugins:/opt/ros/humble/opt/rviz_ogre_vendor/lib:/opt/ros/humble/lib/x86_64-linux-gnu:/opt/ros/humble/lib', 'HOME': '/home/silver', 'CHROME_DESKTOP': 'antigravity.desktop', 'DESKTOP_SESSION': 'ubuntu', 'VSCODE_IPC_HOOK': '/run/user/1000/vscode-acdca91d-1.10-main.sock', 'GIO_LAUNCHED_DESKTOP_FILE': '/usr/share/applications/antigravity.desktop', 'ROS_PYTHON_VERSION': '3', 'GNOME_SHELL_SESSION_MODE': 'ubuntu', 'GTK_MODULES': 'gail:atk-bridge', 'PAGER': 'cat', 'MANAGERPID': '1551', 'SYSTEMD_EXEC_PID': '1890', 'DBUS_SESSION_BUS_ADDRESS': 'unix:path=/run/user/1000/bus', 'ANTIGRAVITY_AGENT': '1', 'GIO_LAUNCHED_DESKTOP_FILE_PID': '3039', 'ROS_DISTRO': 'humble', 'GTK_IM_MODULE': 'ibus', 'LOGNAME': 'silver', '_': '/usr/bin/colcon', 'JOURNAL_STREAM': '8:443', 'ROS_VERSION': '2', 'XDG_SESSION_CLASS': 'user', 'USERNAME': 'silver', 'TERM': 'dumb', 'GAZEBO_MODEL_PATH': '/opt/ros/humble/share/turtlebot3_gazebo/models', 'GNOME_DESKTOP_SESSION_ID': 'this-is-deprecated', 'FC_FONTATIONS': '1', 'ROS_LOCALHOST_ONLY': '0', 'WINDOWPATH': '2', 'ANTIGRAVITY_EDITOR_APP_ROOT': '/usr/share/antigravity/resources/app', 'PATH': '/opt/ros/humble/bin:/usr/local/sbin:/usr/local/bin:/usr/sbin:/usr/bin:/sbin:/bin:/usr/games:/usr/local/games:/snap/bin:/snap/bin', 'SESSION_MANAGER': 'local/silver-Victus-by-HP-Gaming-Laptop-15-fa2xxx:@/tmp/.ICE-unix/1863,unix/silver-Victus-by-HP-Gaming-Laptop-15-fa2xxx:/tmp/.ICE-unix/1863', 'INVOCATION_ID': '24ca106350d544c38664a3b8dd77bb74', 'XDG_MENU_PREFIX': 'gnome-', 'XDG_RUNTIME_DIR': '/run/user/1000', 'GDK_BACKEND': 'x11', 'DISPLAY': ':1', 'LANG': 'en_US.UTF-8', 'XDG_CURRENT_DESKTOP': 'ubuntu:GNOME', 'XMODIFIERS': '@im=ibus', 'XDG_SESSION_DESKTOP': 'ubuntu', 'XAUTHORITY': '/run/user/1000/gdm/Xauthority', 'LS_COLORS': '', 'SSH_AGENT_LAUNCHER': 'gnome-keyring', 'SSH_AUTH_SOCK': '/run/user/1000/keyring/ssh', 'AMENT_PREFIX_PATH': '/opt/ros/humble', 'SHELL': '/bin/bash', 'QT_ACCESSIBILITY': '1', 'GDMSESSION': 'ubuntu', 'LESSCLOSE': '/usr/bin/lesspipe %s %s', 'GPG_AGENT_INFO': '/run/user/1000/gnupg/S.gpg-agent:0:1', 'GJS_DEBUG_OUTPUT': 'stderr', 'QT_IM_MODULE': 'ibus', 'ANTIGRAVITY_TRAJECTORY_ID': '12954c64-e4c6-40c8-ac7b-b101c214f324', 'PWD': '/home/silver/Desktop/silver_quick/cs671_2026_hack/swarm_ws/build/swarm_nav', 'TURTLEBOT3_MODEL': 'burger', 'LC_ALL': 'en_US.UTF-8', 'XDG_CONFIG_DIRS': '/etc/xdg/xdg-ubuntu:/etc/xdg', 'VSCODE_CODE_CACHE_PATH': '/home/silver/.config/Antigravity/CachedData/15487b3041e65228cae24980a3f796c905ef582c', 'GAZEBO_PLUGIN_PATH': '/opt/ros/humble/lib', 'XDG_DATA_DIRS': '/usr/share/ubuntu:/usr/share/gnome:/usr/local/share/:/usr/share/:/var/lib/snapd/desktop', 'PYTHONPATH': '/home/silver/Desktop/silver_quick/cs671_2026_hack/swarm_ws/build/swarm_nav/prefix_override:/usr/lib/python3/dist-packages/colcon_core/task/python/colcon_distutils_commands:/home/silver/Desktop/silver_quick/cs671_2026_hack/swarm_ws/install/swarm_nav/lib/python3.10/site-packages:/opt/ros/humble/lib/python3.10/site-packages:/opt/ros/humble/local/lib/python3.10/dist-packages', 'COLCON': '1', 'VSCODE_PID': '3039'}, 'shell': False}
[0.702246] (-) TimerEvent: {}
[0.802798] (-) TimerEvent: {}
[0.825661] (swarm_nav) StdoutLine: {'line': b'running egg_info\n'}
[0.826086] (swarm_nav) StdoutLine: {'line': b'writing ../../build/swarm_nav/swarm_nav.egg-info/PKG-INFO\n'}
[0.826240] (swarm_nav) StdoutLine: {'line': b'writing dependency_links to ../../build/swarm_nav/swarm_nav.egg-info/dependency_links.txt\n'}
[0.826323] (swarm_nav) StdoutLine: {'line': b'writing entry points to ../../build/swarm_nav/swarm_nav.egg-info/entry_points.txt\n'}
[0.826379] (swarm_nav) StdoutLine: {'line': b'writing requirements to ../../build/swarm_nav/swarm_nav.egg-info/requires.txt\n'}
[0.826429] (swarm_nav) StdoutLine: {'line': b'writing top-level names to ../../build/swarm_nav/swarm_nav.egg-info/top_level.txt\n'}
[0.830010] (swarm_nav) StdoutLine: {'line': b"reading manifest file '../../build/swarm_nav/swarm_nav.egg-info/SOURCES.txt'\n"}
[0.831437] (swarm_nav) StdoutLine: {'line': b"writing manifest file '../../build/swarm_nav/swarm_nav.egg-info/SOURCES.txt'\n"}
[0.831575] (swarm_nav) StdoutLine: {'line': b'running build\n'}
[0.831635] (swarm_nav) StdoutLine: {'line': b'running build_py\n'}
[0.832026] (swarm_nav) StdoutLine: {'line': b'copying swarm_nav/q_table.pkl -> /home/silver/Desktop/silver_quick/cs671_2026_hack/swarm_ws/build/swarm_nav/build/lib/swarm_nav\n'}
[0.832224] (swarm_nav) StdoutLine: {'line': b'running install\n'}
[0.832498] (swarm_nav) StdoutLine: {'line': b'running install_lib\n'}
[0.833122] (swarm_nav) StdoutLine: {'line': b'copying /home/silver/Desktop/silver_quick/cs671_2026_hack/swarm_ws/build/swarm_nav/build/lib/swarm_nav/q_table.pkl -> /home/silver/Desktop/silver_quick/cs671_2026_hack/swarm_ws/install/swarm_nav/lib/python3.10/site-packages/swarm_nav\n'}
[0.833550] (swarm_nav) StdoutLine: {'line': b'running install_data\n'}
[0.833601] (swarm_nav) StdoutLine: {'line': b'running install_egg_info\n'}
[0.835430] (swarm_nav) StdoutLine: {'line': b"removing '/home/silver/Desktop/silver_quick/cs671_2026_hack/swarm_ws/install/swarm_nav/lib/python3.10/site-packages/swarm_nav-0.0.0-py3.10.egg-info' (and everything under it)\n"}
[0.835673] (swarm_nav) StdoutLine: {'line': b'Copying ../../build/swarm_nav/swarm_nav.egg-info to /home/silver/Desktop/silver_quick/cs671_2026_hack/swarm_ws/install/swarm_nav/lib/python3.10/site-packages/swarm_nav-0.0.0-py3.10.egg-info\n'}
[0.836419] (swarm_nav) StdoutLine: {'line': b'running install_scripts\n'}
[0.857822] (swarm_nav) StdoutLine: {'line': b'Installing randomizer_node script to /home/silver/Desktop/silver_quick/cs671_2026_hack/swarm_ws/install/swarm_nav/lib/swarm_nav\n'}
[0.858272] (swarm_nav) StdoutLine: {'line': b'Installing sorting_node script to /home/silver/Desktop/silver_quick/cs671_2026_hack/swarm_ws/install/swarm_nav/lib/swarm_nav\n'}
[0.858445] (swarm_nav) StdoutLine: {'line': b"writing list of installed files to '/home/silver/Desktop/silver_quick/cs671_2026_hack/swarm_ws/build/swarm_nav/install.log'\n"}
[0.893695] (swarm_nav) CommandEnded: {'returncode': 0}
[0.899790] (swarm_nav) JobEnded: {'identifier': 'swarm_nav', 'rc': 0}
[0.901107] (-) EventReactorShutdown: {}
