running develop
running egg_info
writing collector_bot.egg-info/PKG-INFO
writing dependency_links to collector_bot.egg-info/dependency_links.txt
writing entry points to collector_bot.egg-info/entry_points.txt
writing requirements to collector_bot.egg-info/requires.txt
writing top-level names to collector_bot.egg-info/top_level.txt
reading manifest file 'collector_bot.egg-info/SOURCES.txt'
writing manifest file 'collector_bot.egg-info/SOURCES.txt'
running build_ext
Creating /home/akshatidk29/Desktop/rosWS3/install/collector_bot/lib/python3.10/site-packages/collector-bot.egg-link (link to .)
Installing brain script to /home/akshatidk29/Desktop/rosWS3/install/collector_bot/lib/collector_bot

Installed /home/akshatidk29/Desktop/rosWS3/build/collector_bot
running symlink_data
symbolically linking /home/akshatidk29/Desktop/rosWS3/build/collector_bot/resource/collector_bot -> /home/akshatidk29/Desktop/rosWS3/install/collector_bot/share/ament_index/resource_index/packages
symbolically linking /home/akshatidk29/Desktop/rosWS3/build/collector_bot/package.xml -> /home/akshatidk29/Desktop/rosWS3/install/collector_bot/share/collector_bot
symbolically linking /home/akshatidk29/Desktop/rosWS3/build/collector_bot/launch/simulation.launch.py -> /home/akshatidk29/Desktop/rosWS3/install/collector_bot/share/collector_bot/launch
symbolically linking /home/akshatidk29/Desktop/rosWS3/build/collector_bot/launch/spawn_robot.launch.py -> /home/akshatidk29/Desktop/rosWS3/install/collector_bot/share/collector_bot/launch
symbolically linking /home/akshatidk29/Desktop/rosWS3/build/collector_bot/urdf/robot.urdf.xacro -> /home/akshatidk29/Desktop/rosWS3/install/collector_bot/share/collector_bot/urdf
symbolically linking /home/akshatidk29/Desktop/rosWS3/build/collector_bot/worlds/arena.world -> /home/akshatidk29/Desktop/rosWS3/install/collector_bot/share/collector_bot/worlds
