[0.072s] DEBUG:colcon:Command line arguments: ['/usr/bin/colcon', 'build']
[0.072s] DEBUG:colcon:Parsed command line arguments: Namespace(log_base=None, log_level=None, verb_name='build', build_base='build', install_base='install', merge_install=False, symlink_install=False, test_result_base=None, continue_on_error=False, executor='parallel', parallel_workers=16, event_handlers=None, ignore_user_meta=False, metas=['./colcon.meta'], base_paths=['.'], packages_ignore=None, packages_ignore_regex=None, paths=None, packages_up_to=None, packages_up_to_regex=None, packages_above=None, packages_above_and_dependencies=None, packages_above_depth=None, packages_select_by_dep=None, packages_skip_by_dep=None, packages_skip_up_to=None, packages_select_build_failed=False, packages_skip_build_finished=False, packages_select_test_failures=False, packages_skip_test_passed=False, packages_select=None, packages_skip=None, packages_select_regex=None, packages_skip_regex=None, packages_start=None, packages_end=None, allow_overriding=[], cmake_args=None, cmake_target=None, cmake_target_skip_unavailable=False, cmake_clean_cache=False, cmake_clean_first=False, cmake_force_configure=False, ament_cmake_args=None, catkin_cmake_args=None, catkin_skip_building_tests=False, verb_parser=<colcon_defaults.argument_parser.defaults.DefaultArgumentsDecorator object at 0x7993ac860640>, verb_extension=<colcon_core.verb.build.BuildVerb object at 0x7993ac971a20>, main=<bound method BuildVerb.main of <colcon_core.verb.build.BuildVerb object at 0x7993ac971a20>>)
[0.175s] Level 1:colcon.colcon_core.package_discovery:discover_packages(colcon_meta) check parameters
[0.176s] Level 1:colcon.colcon_core.package_discovery:discover_packages(recursive) check parameters
[0.176s] Level 1:colcon.colcon_core.package_discovery:discover_packages(ignore) check parameters
[0.176s] Level 1:colcon.colcon_core.package_discovery:discover_packages(path) check parameters
[0.176s] Level 1:colcon.colcon_core.package_discovery:discover_packages(colcon_meta) discover
[0.176s] Level 1:colcon.colcon_core.package_discovery:discover_packages(recursive) discover
[0.176s] INFO:colcon.colcon_core.package_discovery:Crawling recursively for packages in '/home/silver/Desktop/silver_quick/cs671_2026_hack/swarm_ws'
[0.176s] Level 1:colcon.colcon_core.package_identification:_identify(.) by extensions ['ignore', 'ignore_ament_install']
[0.176s] Level 1:colcon.colcon_core.package_identification:_identify(.) by extension 'ignore'
[0.176s] Level 1:colcon.colcon_core.package_identification:_identify(.) by extension 'ignore_ament_install'
[0.176s] Level 1:colcon.colcon_core.package_identification:_identify(.) by extensions ['colcon_pkg']
[0.176s] Level 1:colcon.colcon_core.package_identification:_identify(.) by extension 'colcon_pkg'
[0.176s] Level 1:colcon.colcon_core.package_identification:_identify(.) by extensions ['colcon_meta']
[0.176s] Level 1:colcon.colcon_core.package_identification:_identify(.) by extension 'colcon_meta'
[0.176s] Level 1:colcon.colcon_core.package_identification:_identify(.) by extensions ['ros']
[0.176s] Level 1:colcon.colcon_core.package_identification:_identify(.) by extension 'ros'
[0.184s] Level 1:colcon.colcon_core.package_identification:_identify(.) by extensions ['cmake', 'python']
[0.184s] Level 1:colcon.colcon_core.package_identification:_identify(.) by extension 'cmake'
[0.184s] Level 1:colcon.colcon_core.package_identification:_identify(.) by extension 'python'
[0.184s] Level 1:colcon.colcon_core.package_identification:_identify(.) by extensions ['python_setup_py']
[0.184s] Level 1:colcon.colcon_core.package_identification:_identify(.) by extension 'python_setup_py'
[0.184s] Level 1:colcon.colcon_core.package_identification:_identify(build) by extensions ['ignore', 'ignore_ament_install']
[0.184s] Level 1:colcon.colcon_core.package_identification:_identify(build) by extension 'ignore'
[0.184s] Level 1:colcon.colcon_core.package_identification:_identify(build) ignored
[0.184s] Level 1:colcon.colcon_core.package_identification:_identify(install) by extensions ['ignore', 'ignore_ament_install']
[0.184s] Level 1:colcon.colcon_core.package_identification:_identify(install) by extension 'ignore'
[0.184s] Level 1:colcon.colcon_core.package_identification:_identify(install) ignored
[0.184s] Level 1:colcon.colcon_core.package_identification:_identify(log) by extensions ['ignore', 'ignore_ament_install']
[0.184s] Level 1:colcon.colcon_core.package_identification:_identify(log) by extension 'ignore'
[0.184s] Level 1:colcon.colcon_core.package_identification:_identify(log) ignored
[0.184s] Level 1:colcon.colcon_core.package_identification:_identify(src) by extensions ['ignore', 'ignore_ament_install']
[0.184s] Level 1:colcon.colcon_core.package_identification:_identify(src) by extension 'ignore'
[0.184s] Level 1:colcon.colcon_core.package_identification:_identify(src) by extension 'ignore_ament_install'
[0.184s] Level 1:colcon.colcon_core.package_identification:_identify(src) by extensions ['colcon_pkg']
[0.184s] Level 1:colcon.colcon_core.package_identification:_identify(src) by extension 'colcon_pkg'
[0.184s] Level 1:colcon.colcon_core.package_identification:_identify(src) by extensions ['colcon_meta']
[0.184s] Level 1:colcon.colcon_core.package_identification:_identify(src) by extension 'colcon_meta'
[0.184s] Level 1:colcon.colcon_core.package_identification:_identify(src) by extensions ['ros']
[0.184s] Level 1:colcon.colcon_core.package_identification:_identify(src) by extension 'ros'
[0.185s] Level 1:colcon.colcon_core.package_identification:_identify(src) by extensions ['cmake', 'python']
[0.185s] Level 1:colcon.colcon_core.package_identification:_identify(src) by extension 'cmake'
[0.185s] Level 1:colcon.colcon_core.package_identification:_identify(src) by extension 'python'
[0.185s] Level 1:colcon.colcon_core.package_identification:_identify(src) by extensions ['python_setup_py']
[0.185s] Level 1:colcon.colcon_core.package_identification:_identify(src) by extension 'python_setup_py'
[0.185s] Level 1:colcon.colcon_core.package_identification:_identify(src/swarm_description) by extensions ['ignore', 'ignore_ament_install']
[0.185s] Level 1:colcon.colcon_core.package_identification:_identify(src/swarm_description) by extension 'ignore'
[0.185s] Level 1:colcon.colcon_core.package_identification:_identify(src/swarm_description) by extension 'ignore_ament_install'
[0.185s] Level 1:colcon.colcon_core.package_identification:_identify(src/swarm_description) by extensions ['colcon_pkg']
[0.185s] Level 1:colcon.colcon_core.package_identification:_identify(src/swarm_description) by extension 'colcon_pkg'
[0.185s] Level 1:colcon.colcon_core.package_identification:_identify(src/swarm_description) by extensions ['colcon_meta']
[0.185s] Level 1:colcon.colcon_core.package_identification:_identify(src/swarm_description) by extension 'colcon_meta'
[0.185s] Level 1:colcon.colcon_core.package_identification:_identify(src/swarm_description) by extensions ['ros']
[0.185s] Level 1:colcon.colcon_core.package_identification:_identify(src/swarm_description) by extension 'ros'
[0.187s] DEBUG:colcon.colcon_core.package_identification:Package 'src/swarm_description' with type 'ros.ament_cmake' and name 'swarm_description'
[0.187s] Level 1:colcon.colcon_core.package_identification:_identify(src/swarm_nav) by extensions ['ignore', 'ignore_ament_install']
[0.187s] Level 1:colcon.colcon_core.package_identification:_identify(src/swarm_nav) by extension 'ignore'
[0.187s] Level 1:colcon.colcon_core.package_identification:_identify(src/swarm_nav) by extension 'ignore_ament_install'
[0.187s] Level 1:colcon.colcon_core.package_identification:_identify(src/swarm_nav) by extensions ['colcon_pkg']
[0.187s] Level 1:colcon.colcon_core.package_identification:_identify(src/swarm_nav) by extension 'colcon_pkg'
[0.187s] Level 1:colcon.colcon_core.package_identification:_identify(src/swarm_nav) by extensions ['colcon_meta']
[0.187s] Level 1:colcon.colcon_core.package_identification:_identify(src/swarm_nav) by extension 'colcon_meta'
[0.187s] Level 1:colcon.colcon_core.package_identification:_identify(src/swarm_nav) by extensions ['ros']
[0.187s] Level 1:colcon.colcon_core.package_identification:_identify(src/swarm_nav) by extension 'ros'
[0.187s] DEBUG:colcon.colcon_core.package_identification:Package 'src/swarm_nav' with type 'ros.ament_python' and name 'swarm_nav'
[0.187s] Level 1:colcon.colcon_core.package_discovery:discover_packages(recursive) using defaults
[0.187s] Level 1:colcon.colcon_core.package_discovery:discover_packages(ignore) discover
[0.187s] Level 1:colcon.colcon_core.package_discovery:discover_packages(ignore) using defaults
[0.187s] Level 1:colcon.colcon_core.package_discovery:discover_packages(path) discover
[0.187s] Level 1:colcon.colcon_core.package_discovery:discover_packages(path) using defaults
[0.212s] Level 1:colcon.colcon_core.package_discovery:discover_packages(prefix_path) check parameters
[0.212s] Level 1:colcon.colcon_core.package_discovery:discover_packages(prefix_path) discover
[0.215s] DEBUG:colcon.colcon_installed_package_information.package_discovery:Found 440 installed packages in /opt/ros/humble
[0.217s] Level 1:colcon.colcon_core.package_discovery:discover_packages(prefix_path) using defaults
[0.249s] Level 5:colcon.colcon_core.verb:set package 'swarm_description' build argument 'cmake_args' from command line to 'None'
[0.250s] Level 5:colcon.colcon_core.verb:set package 'swarm_description' build argument 'cmake_target' from command line to 'None'
[0.250s] Level 5:colcon.colcon_core.verb:set package 'swarm_description' build argument 'cmake_target_skip_unavailable' from command line to 'False'
[0.250s] Level 5:colcon.colcon_core.verb:set package 'swarm_description' build argument 'cmake_clean_cache' from command line to 'False'
[0.250s] Level 5:colcon.colcon_core.verb:set package 'swarm_description' build argument 'cmake_clean_first' from command line to 'False'
[0.250s] Level 5:colcon.colcon_core.verb:set package 'swarm_description' build argument 'cmake_force_configure' from command line to 'False'
[0.250s] Level 5:colcon.colcon_core.verb:set package 'swarm_description' build argument 'ament_cmake_args' from command line to 'None'
[0.250s] Level 5:colcon.colcon_core.verb:set package 'swarm_description' build argument 'catkin_cmake_args' from command line to 'None'
[0.250s] Level 5:colcon.colcon_core.verb:set package 'swarm_description' build argument 'catkin_skip_building_tests' from command line to 'False'
[0.250s] DEBUG:colcon.colcon_core.verb:Building package 'swarm_description' with the following arguments: {'ament_cmake_args': None, 'build_base': '/home/silver/Desktop/silver_quick/cs671_2026_hack/swarm_ws/build/swarm_description', 'catkin_cmake_args': None, 'catkin_skip_building_tests': False, 'cmake_args': None, 'cmake_clean_cache': False, 'cmake_clean_first': False, 'cmake_force_configure': False, 'cmake_target': None, 'cmake_target_skip_unavailable': False, 'install_base': '/home/silver/Desktop/silver_quick/cs671_2026_hack/swarm_ws/install/swarm_description', 'merge_install': False, 'path': '/home/silver/Desktop/silver_quick/cs671_2026_hack/swarm_ws/src/swarm_description', 'symlink_install': False, 'test_result_base': None}
[0.250s] Level 5:colcon.colcon_core.verb:set package 'swarm_nav' build argument 'cmake_args' from command line to 'None'
[0.250s] Level 5:colcon.colcon_core.verb:set package 'swarm_nav' build argument 'cmake_target' from command line to 'None'
[0.250s] Level 5:colcon.colcon_core.verb:set package 'swarm_nav' build argument 'cmake_target_skip_unavailable' from command line to 'False'
[0.250s] Level 5:colcon.colcon_core.verb:set package 'swarm_nav' build argument 'cmake_clean_cache' from command line to 'False'
[0.250s] Level 5:colcon.colcon_core.verb:set package 'swarm_nav' build argument 'cmake_clean_first' from command line to 'False'
[0.250s] Level 5:colcon.colcon_core.verb:set package 'swarm_nav' build argument 'cmake_force_configure' from command line to 'False'
[0.250s] Level 5:colcon.colcon_core.verb:set package 'swarm_nav' build argument 'ament_cmake_args' from command line to 'None'
[0.250s] Level 5:colcon.colcon_core.verb:set package 'swarm_nav' build argument 'catkin_cmake_args' from command line to 'None'
[0.250s] Level 5:colcon.colcon_core.verb:set package 'swarm_nav' build argument 'catkin_skip_building_tests' from command line to 'False'
[0.250s] DEBUG:colcon.colcon_core.verb:Building package 'swarm_nav' with the following arguments: {'ament_cmake_args': None, 'build_base': '/home/silver/Desktop/silver_quick/cs671_2026_hack/swarm_ws/build/swarm_nav', 'catkin_cmake_args': None, 'catkin_skip_building_tests': False, 'cmake_args': None, 'cmake_clean_cache': False, 'cmake_clean_first': False, 'cmake_force_configure': False, 'cmake_target': None, 'cmake_target_skip_unavailable': False, 'install_base': '/home/silver/Desktop/silver_quick/cs671_2026_hack/swarm_ws/install/swarm_nav', 'merge_install': False, 'path': '/home/silver/Desktop/silver_quick/cs671_2026_hack/swarm_ws/src/swarm_nav', 'symlink_install': False, 'test_result_base': None}
[0.250s] INFO:colcon.colcon_core.executor:Executing jobs using 'parallel' executor
[0.251s] DEBUG:colcon.colcon_parallel_executor.executor.parallel:run_until_complete
[0.251s] INFO:colcon.colcon_ros.task.ament_cmake.build:Building ROS package in '/home/silver/Desktop/silver_quick/cs671_2026_hack/swarm_ws/src/swarm_description' with build type 'ament_cmake'
[0.251s] INFO:colcon.colcon_cmake.task.cmake.build:Building CMake package in '/home/silver/Desktop/silver_quick/cs671_2026_hack/swarm_ws/src/swarm_description'
[0.253s] INFO:colcon.colcon_core.plugin_system:Skipping extension 'colcon_core.shell.bat': Not used on non-Windows systems
[0.253s] INFO:colcon.colcon_core.shell:Skip shell extension 'powershell' for command environment: Not usable outside of PowerShell
[0.253s] DEBUG:colcon.colcon_core.shell:Skip shell extension 'dsv' for command environment
[0.255s] INFO:colcon.colcon_ros.task.ament_python.build:Building ROS package in '/home/silver/Desktop/silver_quick/cs671_2026_hack/swarm_ws/src/swarm_nav' with build type 'ament_python'
[0.255s] Level 1:colcon.colcon_core.shell:create_environment_hook('swarm_nav', 'ament_prefix_path')
[0.255s] INFO:colcon.colcon_core.shell:Creating environment hook '/home/silver/Desktop/silver_quick/cs671_2026_hack/swarm_ws/install/swarm_nav/share/swarm_nav/hook/ament_prefix_path.ps1'
[0.256s] INFO:colcon.colcon_core.shell:Creating environment descriptor '/home/silver/Desktop/silver_quick/cs671_2026_hack/swarm_ws/install/swarm_nav/share/swarm_nav/hook/ament_prefix_path.dsv'
[0.256s] INFO:colcon.colcon_core.shell:Creating environment hook '/home/silver/Desktop/silver_quick/cs671_2026_hack/swarm_ws/install/swarm_nav/share/swarm_nav/hook/ament_prefix_path.sh'
[0.257s] INFO:colcon.colcon_core.shell:Skip shell extension 'powershell' for command environment: Not usable outside of PowerShell
[0.257s] DEBUG:colcon.colcon_core.shell:Skip shell extension 'dsv' for command environment
[0.263s] DEBUG:colcon.colcon_core.event_handler.log_command:Invoking command in '/home/silver/Desktop/silver_quick/cs671_2026_hack/swarm_ws/build/swarm_description': CMAKE_PREFIX_PATH=/opt/ros/humble /usr/bin/cmake --build /home/silver/Desktop/silver_quick/cs671_2026_hack/swarm_ws/build/swarm_description -- -j16 -l16
[0.433s] INFO:colcon.colcon_core.task.python.build:Building Python package in '/home/silver/Desktop/silver_quick/cs671_2026_hack/swarm_ws/src/swarm_nav'
[0.434s] INFO:colcon.colcon_core.shell:Skip shell extension 'powershell' for command environment: Not usable outside of PowerShell
[0.434s] DEBUG:colcon.colcon_core.shell:Skip shell extension 'dsv' for command environment
[0.438s] DEBUG:colcon.colcon_core.event_handler.log_command:Invoked command in '/home/silver/Desktop/silver_quick/cs671_2026_hack/swarm_ws/build/swarm_description' returned '0': CMAKE_PREFIX_PATH=/opt/ros/humble /usr/bin/cmake --build /home/silver/Desktop/silver_quick/cs671_2026_hack/swarm_ws/build/swarm_description -- -j16 -l16
[0.447s] DEBUG:colcon.colcon_core.event_handler.log_command:Invoking command in '/home/silver/Desktop/silver_quick/cs671_2026_hack/swarm_ws/build/swarm_description': CMAKE_PREFIX_PATH=/opt/ros/humble /usr/bin/cmake --install /home/silver/Desktop/silver_quick/cs671_2026_hack/swarm_ws/build/swarm_description
[0.455s] Level 1:colcon.colcon_core.environment:create_environment_scripts_only(swarm_description)
[0.456s] DEBUG:colcon.colcon_core.event_handler.log_command:Invoked command in '/home/silver/Desktop/silver_quick/cs671_2026_hack/swarm_ws/build/swarm_description' returned '0': CMAKE_PREFIX_PATH=/opt/ros/humble /usr/bin/cmake --install /home/silver/Desktop/silver_quick/cs671_2026_hack/swarm_ws/build/swarm_description
[0.457s] Level 1:colcon.colcon_core.environment:checking '/home/silver/Desktop/silver_quick/cs671_2026_hack/swarm_ws/install/swarm_description' for CMake module files
[0.458s] Level 1:colcon.colcon_core.environment:checking '/home/silver/Desktop/silver_quick/cs671_2026_hack/swarm_ws/install/swarm_description' for CMake config files
[0.458s] Level 1:colcon.colcon_core.shell:create_environment_hook('swarm_description', 'cmake_prefix_path')
[0.458s] INFO:colcon.colcon_core.shell:Creating environment hook '/home/silver/Desktop/silver_quick/cs671_2026_hack/swarm_ws/install/swarm_description/share/swarm_description/hook/cmake_prefix_path.ps1'
[0.458s] INFO:colcon.colcon_core.shell:Creating environment descriptor '/home/silver/Desktop/silver_quick/cs671_2026_hack/swarm_ws/install/swarm_description/share/swarm_description/hook/cmake_prefix_path.dsv'
[0.459s] INFO:colcon.colcon_core.shell:Creating environment hook '/home/silver/Desktop/silver_quick/cs671_2026_hack/swarm_ws/install/swarm_description/share/swarm_description/hook/cmake_prefix_path.sh'
[0.459s] Level 1:colcon.colcon_core.environment:checking '/home/silver/Desktop/silver_quick/cs671_2026_hack/swarm_ws/install/swarm_description/bin'
[0.459s] Level 1:colcon.colcon_core.environment:checking '/home/silver/Desktop/silver_quick/cs671_2026_hack/swarm_ws/install/swarm_description/lib/pkgconfig/swarm_description.pc'
[0.459s] Level 1:colcon.colcon_core.environment:checking '/home/silver/Desktop/silver_quick/cs671_2026_hack/swarm_ws/install/swarm_description/lib/python3.10/site-packages'
[0.460s] Level 1:colcon.colcon_core.environment:checking '/home/silver/Desktop/silver_quick/cs671_2026_hack/swarm_ws/install/swarm_description/bin'
[0.460s] INFO:colcon.colcon_core.shell:Creating package script '/home/silver/Desktop/silver_quick/cs671_2026_hack/swarm_ws/install/swarm_description/share/swarm_description/package.ps1'
[0.461s] INFO:colcon.colcon_core.shell:Creating package descriptor '/home/silver/Desktop/silver_quick/cs671_2026_hack/swarm_ws/install/swarm_description/share/swarm_description/package.dsv'
[0.461s] INFO:colcon.colcon_core.shell:Creating package script '/home/silver/Desktop/silver_quick/cs671_2026_hack/swarm_ws/install/swarm_description/share/swarm_description/package.sh'
[0.462s] INFO:colcon.colcon_core.shell:Creating package script '/home/silver/Desktop/silver_quick/cs671_2026_hack/swarm_ws/install/swarm_description/share/swarm_description/package.bash'
[0.462s] INFO:colcon.colcon_core.shell:Creating package script '/home/silver/Desktop/silver_quick/cs671_2026_hack/swarm_ws/install/swarm_description/share/swarm_description/package.zsh'
[0.462s] Level 1:colcon.colcon_core.environment:create_file_with_runtime_dependencies(/home/silver/Desktop/silver_quick/cs671_2026_hack/swarm_ws/install/swarm_description/share/colcon-core/packages/swarm_description)
[0.463s] Level 1:colcon.colcon_core.environment:create_environment_scripts_only(swarm_description)
[0.463s] Level 1:colcon.colcon_core.environment:checking '/home/silver/Desktop/silver_quick/cs671_2026_hack/swarm_ws/install/swarm_description' for CMake module files
[0.463s] Level 1:colcon.colcon_core.environment:checking '/home/silver/Desktop/silver_quick/cs671_2026_hack/swarm_ws/install/swarm_description' for CMake config files
[0.463s] Level 1:colcon.colcon_core.shell:create_environment_hook('swarm_description', 'cmake_prefix_path')
[0.463s] INFO:colcon.colcon_core.shell:Creating environment hook '/home/silver/Desktop/silver_quick/cs671_2026_hack/swarm_ws/install/swarm_description/share/swarm_description/hook/cmake_prefix_path.ps1'
[0.464s] INFO:colcon.colcon_core.shell:Creating environment descriptor '/home/silver/Desktop/silver_quick/cs671_2026_hack/swarm_ws/install/swarm_description/share/swarm_description/hook/cmake_prefix_path.dsv'
[0.464s] INFO:colcon.colcon_core.shell:Creating environment hook '/home/silver/Desktop/silver_quick/cs671_2026_hack/swarm_ws/install/swarm_description/share/swarm_description/hook/cmake_prefix_path.sh'
[0.464s] Level 1:colcon.colcon_core.environment:checking '/home/silver/Desktop/silver_quick/cs671_2026_hack/swarm_ws/install/swarm_description/bin'
[0.464s] Level 1:colcon.colcon_core.environment:checking '/home/silver/Desktop/silver_quick/cs671_2026_hack/swarm_ws/install/swarm_description/lib/pkgconfig/swarm_description.pc'
[0.464s] Level 1:colcon.colcon_core.environment:checking '/home/silver/Desktop/silver_quick/cs671_2026_hack/swarm_ws/install/swarm_description/lib/python3.10/site-packages'
[0.465s] Level 1:colcon.colcon_core.environment:checking '/home/silver/Desktop/silver_quick/cs671_2026_hack/swarm_ws/install/swarm_description/bin'
[0.465s] INFO:colcon.colcon_core.shell:Creating package script '/home/silver/Desktop/silver_quick/cs671_2026_hack/swarm_ws/install/swarm_description/share/swarm_description/package.ps1'
[0.465s] INFO:colcon.colcon_core.shell:Creating package descriptor '/home/silver/Desktop/silver_quick/cs671_2026_hack/swarm_ws/install/swarm_description/share/swarm_description/package.dsv'
[0.465s] INFO:colcon.colcon_core.shell:Creating package script '/home/silver/Desktop/silver_quick/cs671_2026_hack/swarm_ws/install/swarm_description/share/swarm_description/package.sh'
[0.466s] INFO:colcon.colcon_core.shell:Creating package script '/home/silver/Desktop/silver_quick/cs671_2026_hack/swarm_ws/install/swarm_description/share/swarm_description/package.bash'
[0.466s] INFO:colcon.colcon_core.shell:Creating package script '/home/silver/Desktop/silver_quick/cs671_2026_hack/swarm_ws/install/swarm_description/share/swarm_description/package.zsh'
[0.466s] Level 1:colcon.colcon_core.environment:create_file_with_runtime_dependencies(/home/silver/Desktop/silver_quick/cs671_2026_hack/swarm_ws/install/swarm_description/share/colcon-core/packages/swarm_description)
[0.683s] DEBUG:colcon.colcon_core.event_handler.log_command:Invoking command in '/home/silver/Desktop/silver_quick/cs671_2026_hack/swarm_ws/src/swarm_nav': PYTHONPATH=/home/silver/Desktop/silver_quick/cs671_2026_hack/swarm_ws/build/swarm_nav/prefix_override:/usr/lib/python3/dist-packages/colcon_core/task/python/colcon_distutils_commands:/home/silver/Desktop/silver_quick/cs671_2026_hack/swarm_ws/install/swarm_nav/lib/python3.10/site-packages:${PYTHONPATH} /usr/bin/python3 -W ignore:setup.py install is deprecated -W ignore:easy_install command is deprecated setup.py egg_info --egg-base ../../build/swarm_nav build --build-base /home/silver/Desktop/silver_quick/cs671_2026_hack/swarm_ws/build/swarm_nav/build install --record /home/silver/Desktop/silver_quick/cs671_2026_hack/swarm_ws/build/swarm_nav/install.log --single-version-externally-managed install_data
[0.886s] Level 1:colcon.colcon_core.environment:checking '/home/silver/Desktop/silver_quick/cs671_2026_hack/swarm_ws/install/swarm_nav' for CMake module files
[0.886s] DEBUG:colcon.colcon_core.event_handler.log_command:Invoked command in '/home/silver/Desktop/silver_quick/cs671_2026_hack/swarm_ws/src/swarm_nav' returned '0': PYTHONPATH=/home/silver/Desktop/silver_quick/cs671_2026_hack/swarm_ws/build/swarm_nav/prefix_override:/usr/lib/python3/dist-packages/colcon_core/task/python/colcon_distutils_commands:/home/silver/Desktop/silver_quick/cs671_2026_hack/swarm_ws/install/swarm_nav/lib/python3.10/site-packages:${PYTHONPATH} /usr/bin/python3 -W ignore:setup.py install is deprecated -W ignore:easy_install command is deprecated setup.py egg_info --egg-base ../../build/swarm_nav build --build-base /home/silver/Desktop/silver_quick/cs671_2026_hack/swarm_ws/build/swarm_nav/build install --record /home/silver/Desktop/silver_quick/cs671_2026_hack/swarm_ws/build/swarm_nav/install.log --single-version-externally-managed install_data
[0.886s] Level 1:colcon.colcon_core.environment:checking '/home/silver/Desktop/silver_quick/cs671_2026_hack/swarm_ws/install/swarm_nav' for CMake config files
[0.887s] Level 1:colcon.colcon_core.environment:checking '/home/silver/Desktop/silver_quick/cs671_2026_hack/swarm_ws/install/swarm_nav/lib'
[0.887s] Level 1:colcon.colcon_core.environment:checking '/home/silver/Desktop/silver_quick/cs671_2026_hack/swarm_ws/install/swarm_nav/bin'
[0.887s] Level 1:colcon.colcon_core.environment:checking '/home/silver/Desktop/silver_quick/cs671_2026_hack/swarm_ws/install/swarm_nav/lib/pkgconfig/swarm_nav.pc'
[0.887s] Level 1:colcon.colcon_core.environment:checking '/home/silver/Desktop/silver_quick/cs671_2026_hack/swarm_ws/install/swarm_nav/lib/python3.10/site-packages'
[0.887s] Level 1:colcon.colcon_core.shell:create_environment_hook('swarm_nav', 'pythonpath')
[0.887s] INFO:colcon.colcon_core.shell:Creating environment hook '/home/silver/Desktop/silver_quick/cs671_2026_hack/swarm_ws/install/swarm_nav/share/swarm_nav/hook/pythonpath.ps1'
[0.888s] INFO:colcon.colcon_core.shell:Creating environment descriptor '/home/silver/Desktop/silver_quick/cs671_2026_hack/swarm_ws/install/swarm_nav/share/swarm_nav/hook/pythonpath.dsv'
[0.888s] INFO:colcon.colcon_core.shell:Creating environment hook '/home/silver/Desktop/silver_quick/cs671_2026_hack/swarm_ws/install/swarm_nav/share/swarm_nav/hook/pythonpath.sh'
[0.889s] Level 1:colcon.colcon_core.environment:checking '/home/silver/Desktop/silver_quick/cs671_2026_hack/swarm_ws/install/swarm_nav/bin'
[0.889s] Level 1:colcon.colcon_core.environment:create_environment_scripts_only(swarm_nav)
[0.889s] INFO:colcon.colcon_core.shell:Creating package script '/home/silver/Desktop/silver_quick/cs671_2026_hack/swarm_ws/install/swarm_nav/share/swarm_nav/package.ps1'
[0.890s] INFO:colcon.colcon_core.shell:Creating package descriptor '/home/silver/Desktop/silver_quick/cs671_2026_hack/swarm_ws/install/swarm_nav/share/swarm_nav/package.dsv'
[0.890s] INFO:colcon.colcon_core.shell:Creating package script '/home/silver/Desktop/silver_quick/cs671_2026_hack/swarm_ws/install/swarm_nav/share/swarm_nav/package.sh'
[0.890s] INFO:colcon.colcon_core.shell:Creating package script '/home/silver/Desktop/silver_quick/cs671_2026_hack/swarm_ws/install/swarm_nav/share/swarm_nav/package.bash'
[0.891s] INFO:colcon.colcon_core.shell:Creating package script '/home/silver/Desktop/silver_quick/cs671_2026_hack/swarm_ws/install/swarm_nav/share/swarm_nav/package.zsh'
[0.891s] Level 1:colcon.colcon_core.environment:create_file_with_runtime_dependencies(/home/silver/Desktop/silver_quick/cs671_2026_hack/swarm_ws/install/swarm_nav/share/colcon-core/packages/swarm_nav)
[0.891s] DEBUG:colcon.colcon_parallel_executor.executor.parallel:closing loop
[0.891s] DEBUG:colcon.colcon_parallel_executor.executor.parallel:loop closed
[0.891s] DEBUG:colcon.colcon_parallel_executor.executor.parallel:run_until_complete finished with '0'
[0.891s] DEBUG:colcon.colcon_core.event_reactor:joining thread
[0.895s] INFO:colcon.colcon_core.plugin_system:Skipping extension 'colcon_notification.desktop_notification.terminal_notifier': Not used on non-Darwin systems
[0.895s] INFO:colcon.colcon_core.plugin_system:Skipping extension 'colcon_notification.desktop_notification.win32': Not used on non-Windows systems
[0.895s] INFO:colcon.colcon_notification.desktop_notification:Sending desktop notification using 'notify2'
[0.905s] DEBUG:colcon.colcon_core.event_reactor:joined thread
[0.906s] INFO:colcon.colcon_core.shell:Creating prefix script '/home/silver/Desktop/silver_quick/cs671_2026_hack/swarm_ws/install/local_setup.ps1'
[0.907s] INFO:colcon.colcon_core.shell:Creating prefix util module '/home/silver/Desktop/silver_quick/cs671_2026_hack/swarm_ws/install/_local_setup_util_ps1.py'
[0.908s] INFO:colcon.colcon_core.shell:Creating prefix chain script '/home/silver/Desktop/silver_quick/cs671_2026_hack/swarm_ws/install/setup.ps1'
[0.909s] INFO:colcon.colcon_core.shell:Creating prefix script '/home/silver/Desktop/silver_quick/cs671_2026_hack/swarm_ws/install/local_setup.sh'
[0.909s] INFO:colcon.colcon_core.shell:Creating prefix util module '/home/silver/Desktop/silver_quick/cs671_2026_hack/swarm_ws/install/_local_setup_util_sh.py'
[0.909s] INFO:colcon.colcon_core.shell:Creating prefix chain script '/home/silver/Desktop/silver_quick/cs671_2026_hack/swarm_ws/install/setup.sh'
[0.910s] INFO:colcon.colcon_core.shell:Creating prefix script '/home/silver/Desktop/silver_quick/cs671_2026_hack/swarm_ws/install/local_setup.bash'
[0.911s] INFO:colcon.colcon_core.shell:Creating prefix chain script '/home/silver/Desktop/silver_quick/cs671_2026_hack/swarm_ws/install/setup.bash'
[0.911s] INFO:colcon.colcon_core.shell:Creating prefix script '/home/silver/Desktop/silver_quick/cs671_2026_hack/swarm_ws/install/local_setup.zsh'
[0.912s] INFO:colcon.colcon_core.shell:Creating prefix chain script '/home/silver/Desktop/silver_quick/cs671_2026_hack/swarm_ws/install/setup.zsh'
