/home/aman/cs671_7/main/install/swarm_nav/lib/python3.10/site-packages/swarm_nav/sorting_node.py
/home/aman/cs671_7/main/install/swarm_nav/lib/python3.10/site-packages/swarm_nav/randomizer_node.py
/home/aman/cs671_7/main/install/swarm_nav/lib/python3.10/site-packages/swarm_nav/camera_processor.py
/home/aman/cs671_7/main/install/swarm_nav/lib/python3.10/site-packages/swarm_nav/__init__.py
/home/aman/cs671_7/main/install/swarm_nav/lib/python3.10/site-packages/swarm_nav/visualization_node.py
/home/aman/cs671_7/main/install/swarm_nav/lib/python3.10/site-packages/swarm_nav/logger_node.py
/home/aman/cs671_7/main/install/swarm_nav/lib/python3.10/site-packages/swarm_nav/rl_env.py
/home/aman/cs671_7/main/install/swarm_nav/lib/python3.10/site-packages/swarm_nav/train_rl.py
/home/aman/cs671_7/main/install/swarm_nav/lib/python3.10/site-packages/swarm_nav/q_table.pkl
/home/aman/cs671_7/main/install/swarm_nav/lib/python3.10/site-packages/swarm_nav/__pycache__/sorting_node.cpython-310.pyc
/home/aman/cs671_7/main/install/swarm_nav/lib/python3.10/site-packages/swarm_nav/__pycache__/randomizer_node.cpython-310.pyc
/home/aman/cs671_7/main/install/swarm_nav/lib/python3.10/site-packages/swarm_nav/__pycache__/camera_processor.cpython-310.pyc
/home/aman/cs671_7/main/install/swarm_nav/lib/python3.10/site-packages/swarm_nav/__pycache__/__init__.cpython-310.pyc
/home/aman/cs671_7/main/install/swarm_nav/lib/python3.10/site-packages/swarm_nav/__pycache__/visualization_node.cpython-310.pyc
/home/aman/cs671_7/main/install/swarm_nav/lib/python3.10/site-packages/swarm_nav/__pycache__/logger_node.cpython-310.pyc
/home/aman/cs671_7/main/install/swarm_nav/lib/python3.10/site-packages/swarm_nav/__pycache__/rl_env.cpython-310.pyc
/home/aman/cs671_7/main/install/swarm_nav/lib/python3.10/site-packages/swarm_nav/__pycache__/train_rl.cpython-310.pyc
/home/aman/cs671_7/main/install/swarm_nav/share/ament_index/resource_index/packages/swarm_nav
/home/aman/cs671_7/main/install/swarm_nav/share/swarm_nav/package.xml
/home/aman/cs671_7/main/install/swarm_nav/lib/python3.10/site-packages/swarm_nav-0.0.0-py3.10.egg-info/PKG-INFO
/home/aman/cs671_7/main/install/swarm_nav/lib/python3.10/site-packages/swarm_nav-0.0.0-py3.10.egg-info/SOURCES.txt
/home/aman/cs671_7/main/install/swarm_nav/lib/python3.10/site-packages/swarm_nav-0.0.0-py3.10.egg-info/top_level.txt
/home/aman/cs671_7/main/install/swarm_nav/lib/python3.10/site-packages/swarm_nav-0.0.0-py3.10.egg-info/entry_points.txt
/home/aman/cs671_7/main/install/swarm_nav/lib/python3.10/site-packages/swarm_nav-0.0.0-py3.10.egg-info/requires.txt
/home/aman/cs671_7/main/install/swarm_nav/lib/python3.10/site-packages/swarm_nav-0.0.0-py3.10.egg-info/zip-safe
/home/aman/cs671_7/main/install/swarm_nav/lib/python3.10/site-packages/swarm_nav-0.0.0-py3.10.egg-info/dependency_links.txt
/home/aman/cs671_7/main/install/swarm_nav/lib/swarm_nav/logger_node
/home/aman/cs671_7/main/install/swarm_nav/lib/swarm_nav/randomizer_node
/home/aman/cs671_7/main/install/swarm_nav/lib/swarm_nav/sorting_node
/home/aman/cs671_7/main/install/swarm_nav/lib/swarm_nav/visualization_node
