[0.359s] Invoking command in '/home/akshatidk29/Desktop/ros2WS2/src/collector_bot': PYTHONPATH=/home/akshatidk29/Desktop/ros2WS2/build/collector_bot/prefix_override:/usr/lib/python3/dist-packages/colcon_core/task/python/colcon_distutils_commands:/home/akshatidk29/Desktop/ros2WS2/install/collector_bot/lib/python3.10/site-packages:${PYTHONPATH} /usr/bin/python3 -W ignore:setup.py install is deprecated -W ignore:easy_install command is deprecated setup.py egg_info --egg-base ../../build/collector_bot build --build-base /home/akshatidk29/Desktop/ros2WS2/build/collector_bot/build install --record /home/akshatidk29/Desktop/ros2WS2/build/collector_bot/install.log --single-version-externally-managed install_data
[0.487s] running egg_info
[0.487s] writing ../../build/collector_bot/collector_bot.egg-info/PKG-INFO
[0.488s] writing dependency_links to ../../build/collector_bot/collector_bot.egg-info/dependency_links.txt
[0.488s] writing entry points to ../../build/collector_bot/collector_bot.egg-info/entry_points.txt
[0.488s] writing requirements to ../../build/collector_bot/collector_bot.egg-info/requires.txt
[0.489s] writing top-level names to ../../build/collector_bot/collector_bot.egg-info/top_level.txt
[0.490s] reading manifest file '../../build/collector_bot/collector_bot.egg-info/SOURCES.txt'
[0.493s] writing manifest file '../../build/collector_bot/collector_bot.egg-info/SOURCES.txt'
[0.493s] running build
[0.493s] running build_py
[0.493s] running install
[0.494s] running install_lib
[0.494s] running install_data
[0.495s] running install_egg_info
[0.496s] removing '/home/akshatidk29/Desktop/ros2WS2/install/collector_bot/lib/python3.10/site-packages/collector_bot-0.1.0-py3.10.egg-info' (and everything under it)
[0.496s] Copying ../../build/collector_bot/collector_bot.egg-info to /home/akshatidk29/Desktop/ros2WS2/install/collector_bot/lib/python3.10/site-packages/collector_bot-0.1.0-py3.10.egg-info
[0.497s] running install_scripts
[0.513s] Installing brain script to /home/akshatidk29/Desktop/ros2WS2/install/collector_bot/lib/collector_bot
[0.513s] writing list of installed files to '/home/akshatidk29/Desktop/ros2WS2/build/collector_bot/install.log'
[0.554s] Invoked command in '/home/akshatidk29/Desktop/ros2WS2/src/collector_bot' returned '0': PYTHONPATH=/home/akshatidk29/Desktop/ros2WS2/build/collector_bot/prefix_override:/usr/lib/python3/dist-packages/colcon_core/task/python/colcon_distutils_commands:/home/akshatidk29/Desktop/ros2WS2/install/collector_bot/lib/python3.10/site-packages:${PYTHONPATH} /usr/bin/python3 -W ignore:setup.py install is deprecated -W ignore:easy_install command is deprecated setup.py egg_info --egg-base ../../build/collector_bot build --build-base /home/akshatidk29/Desktop/ros2WS2/build/collector_bot/build install --record /home/akshatidk29/Desktop/ros2WS2/build/collector_bot/install.log --single-version-externally-managed install_data
